<?xml version="1.0" encoding="UTF-8"?>
<robot generator="Robot 5.0.1 (Python 3.9.13 on win32)" generated="20221222 00:20:03.837" rpa="false" schemaversion="3">
<suite id="s1" name="Departments" source="c:\Users\MKhaled\CMP\TestsRunner\AcademicStructureTests\Departments.robot">
<test id="s1-t1" name="Delete Department" line="18">
<kw name="Delete Department By API" library="DepartmentPage">
<kw name="Create List" library="BuiltIn">
<var>${authorization}</var>
<arg>d969e59bcd0761b</arg>
<arg>30c81a805de0ef7</arg>
<doc>Returns a list containing given items.</doc>
<msg timestamp="20221222 00:20:04.557" level="INFO">${authorization} = ['d969e59bcd0761b', '30c81a805de0ef7']</msg>
<status status="PASS" starttime="20221222 00:20:04.557" endtime="20221222 00:20:04.560"/>
</kw>
<kw name="Create Session" library="RequestsLibrary">
<arg>DeleteDepartmnet</arg>
<arg>${base_URL}</arg>
<arg>auth=${authorization}</arg>
<doc>Create Session: create a HTTP session to a server</doc>
<msg timestamp="20221222 00:20:04.561" level="INFO">Creating Session using : alias=DeleteDepartmnet, url=https://cmp-test.medadstg.com/, headers={},                     cookies={}, auth=&lt;requests.auth.HTTPBasicAuth object at 0x00000197FE243EB0&gt;, timeout=None, proxies=None, verify=False,                     debug=0 </msg>
<status status="PASS" starttime="20221222 00:20:04.560" endtime="20221222 00:20:04.561"/>
</kw>
<kw name="Create Dictionary" library="BuiltIn">
<var>${headers}</var>
<arg>Content-Type=application/json</arg>
<doc>Creates and returns a dictionary based on the given ``items``.</doc>
<msg timestamp="20221222 00:20:04.562" level="INFO">${headers} = {'Content-Type': 'application/json'}</msg>
<status status="PASS" starttime="20221222 00:20:04.561" endtime="20221222 00:20:04.562"/>
</kw>
<kw name="DELETE On Session" library="RequestsLibrary">
<var>${response}</var>
<arg>DeleteDepartmnet</arg>
<arg>/api/resource/Department/dep1</arg>
<arg>headers=${headers}</arg>
<doc>Sends a DELETE request on a previously created HTTP Session.</doc>
<msg timestamp="20221222 00:20:05.880" level="INFO">DELETE Request : url=https://cmp-test.medadstg.com/api/resource/Department/dep1 
 path_url=/api/resource/Department/dep1 
 headers={'User-Agent': 'python-requests/2.28.1', 'Accept-Encoding': 'gzip, deflate', 'Accept': '*/*', 'Connection': 'keep-alive', 'Content-Type': 'application/json', 'Content-Length': '0', 'Authorization': 'Basic ZDk2OWU1OWJjZDA3NjFiOjMwYzgxYTgwNWRlMGVmNw=='} 
 body=None 
 </msg>
<msg timestamp="20221222 00:20:05.881" level="INFO">DELETE Response : url=https://cmp-test.medadstg.com/api/resource/Department/dep1 
 status=202, reason=Accepted 
 headers={'Date': 'Wed, 21 Dec 2022 22:21:02 GMT', 'Content-Type': 'application/json', 'Content-Length': '16', 'Connection': 'keep-alive', 'set-cookie': 'sid=Guest; Expires=Sun, 25-Dec-2022 01:21:02 GMT; HttpOnly; Path=/; SameSite=Lax, system_user=no; Path=/; SameSite=Lax, full_name=Guest; Path=/; SameSite=Lax, user_id=Guest; Path=/; SameSite=Lax, user_image=; Path=/; SameSite=Lax, SOLRSSESSION=traefik-stg; path=/', 'CF-Cache-Status': 'DYNAMIC', 'Report-To': '{"endpoints":[{"url":"https:\\/\\/a.nel.cloudflare.com\\/report\\/v3?s=%2BSFpeTOJ4iWRaUVwmO9zhZGtUu2TQxq3bfnEx%2FayhZI5fyhlC%2FWP%2FATdF8qCcJEBRaZCwoq2ybqwyebGF%2FgJKsR5CKnBSVzDyXNnEiIdkbDR6%2BpmsIdxEwf89A7B7mJDqLYSUFVjjA%3D%3D"}],"group":"cf-nel","max_age":604800}', 'NEL': '{"success_fraction":0,"report_to":"cf-nel","max_age":604800}', 'Server': 'cloudflare', 'CF-RAY': '77d40226eec1103b-MRS'} 
 body={"message":"ok"} 
 </msg>
<msg timestamp="20221222 00:20:05.881" level="INFO">c:\ProgramData\robocorp\ht\4fa89bc_b1f3c24_1c0bc041\lib\site-packages\urllib3\connectionpool.py:1045: InsecureRequestWarning: Unverified HTTPS request is being made to host 'cmp-test.medadstg.com'. Adding certificate verification is strongly advised. See: https://urllib3.readthedocs.io/en/1.26.x/advanced-usage.html#ssl-warnings
  warnings.warn(</msg>
<msg timestamp="20221222 00:20:05.889" level="INFO">${response} = &lt;Response [202]&gt;</msg>
<status status="PASS" starttime="20221222 00:20:04.562" endtime="20221222 00:20:05.889"/>
</kw>
<kw name="Convert To String" library="BuiltIn">
<var>${status}</var>
<arg>${response.status_code}</arg>
<doc>Converts the given item to a Unicode string.</doc>
<msg timestamp="20221222 00:20:05.893" level="INFO">${status} = 202</msg>
<status status="PASS" starttime="20221222 00:20:05.890" endtime="20221222 00:20:05.894"/>
</kw>
<kw name="Should Be Equal" library="BuiltIn">
<arg>${status}</arg>
<arg>202</arg>
<doc>Fails if the given objects are unequal.</doc>
<status status="PASS" starttime="20221222 00:20:05.894" endtime="20221222 00:20:05.895"/>
</kw>
<status status="PASS" starttime="20221222 00:20:04.556" endtime="20221222 00:20:05.895"/>
</kw>
<kw name="closing Browser" library="common" type="TEARDOWN">
<kw name="Close Browser" library="SeleniumLibrary">
<doc>Closes the current browser.</doc>
<status status="PASS" starttime="20221222 00:20:05.897" endtime="20221222 00:20:05.897"/>
</kw>
<status status="PASS" starttime="20221222 00:20:05.896" endtime="20221222 00:20:05.897"/>
</kw>
<status status="PASS" starttime="20221222 00:20:04.555" endtime="20221222 00:20:05.898"/>
</test>
<doc>MedadCMP Academic Structure</doc>
<status status="PASS" starttime="20221222 00:20:03.845" endtime="20221222 00:20:05.901"/>
</suite>
<statistics>
<total>
<stat pass="1" fail="0" skip="0">All Tests</stat>
</total>
<tag>
</tag>
<suite>
<stat pass="1" fail="0" skip="0" id="s1" name="Departments">Departments</stat>
</suite>
</statistics>
<errors>
</errors>
</robot>
