<?xml version="1.0" encoding="UTF-8"?>
<robot generator="Robot 5.0.1 (Python 3.9.13 on win32)" generated="20221128 23:53:53.521" rpa="false" schemaversion="3">
<suite id="s1" name="Preferences" source="c:\Users\MKhaled\CMP\TestsRunner\AdmissionTests\Preferences.robot">
<test id="s1-t1" name="TC1 : Add new Preferences" line="13">
<kw name="Login To The ControlPanel" library="LoginPage" type="SETUP">
<kw name="Opening Browser" library="common">
<arg>${site_url}${login}</arg>
<arg>${browser}</arg>
<kw name="Open Browser" library="SeleniumLibrary">
<arg>${site_url}</arg>
<arg>${browser}</arg>
<doc>Opens a new browser instance to the optional ``url``.</doc>
<msg timestamp="20221128 23:53:53.885" level="INFO">Opening browser 'Chrome' to base url 'https://sis.medadstg.com/#login'.</msg>
<status status="PASS" starttime="20221128 23:53:53.885" endtime="20221128 23:53:58.466"/>
</kw>
<kw name="Wait Until Page Contains Element" library="SeleniumLibrary">
<arg>${Username_Locator}</arg>
<doc>Waits until the element ``locator`` appears on the current page.</doc>
<status status="PASS" starttime="20221128 23:53:58.466" endtime="20221128 23:53:58.481"/>
</kw>
<status status="PASS" starttime="20221128 23:53:53.884" endtime="20221128 23:53:58.481"/>
</kw>
<kw name="Maximize Browser Window" library="SeleniumLibrary">
<doc>Maximizes current browser window.</doc>
<status status="PASS" starttime="20221128 23:53:58.481" endtime="20221128 23:53:58.601"/>
</kw>
<kw name="Wait Until Page Contains Element" library="SeleniumLibrary">
<arg>${Username_Locator}</arg>
<doc>Waits until the element ``locator`` appears on the current page.</doc>
<status status="PASS" starttime="20221128 23:53:58.602" endtime="20221128 23:53:58.609"/>
</kw>
<kw name="Fill username &amp; password" library="LoginPage">
<kw name="Get File" library="OperatingSystem">
<var>${json}</var>
<arg>${EXECDIR}\\PageObjects\\TestData\\testdata.json</arg>
<doc>Returns the contents of a specified file.</doc>
<msg timestamp="20221128 23:53:58.610" level="INFO" html="true">Getting file '&lt;a href="file://C:\Users\MKhaled\CMP\PageObjects\TestData\testdata.json"&gt;C:\Users\MKhaled\CMP\PageObjects\TestData\testdata.json&lt;/a&gt;'.</msg>
<msg timestamp="20221128 23:53:58.611" level="INFO">${json} = {
  "Login": {
    "username": "mohammed.khaled@naseej.com",
    "password": "Medad@123"
  },
  "Inistitutions": {
    "Institution_Code": "KdHhn-01",
    "Institution_Name": "MKhaledAutomation",
    ...</msg>
<status status="PASS" starttime="20221128 23:53:58.610" endtime="20221128 23:53:58.611"/>
</kw>
<kw name="Evaluate" library="BuiltIn">
<var>${object}</var>
<arg>json.loads('''${json}''')</arg>
<arg>json</arg>
<doc>Evaluates the given expression in Python and returns the result.</doc>
<msg timestamp="20221128 23:53:58.612" level="INFO">${object} = {'Login': {'username': 'mohammed.khaled@naseej.com', 'password': 'Medad@123'}, 'Inistitutions': {'Institution_Code': 'KdHhn-01', 'Institution_Name': 'MKhaledAutomation', 'Website': 'http://www.goohgle...</msg>
<status status="PASS" starttime="20221128 23:53:58.611" endtime="20221128 23:53:58.612"/>
</kw>
<kw name="Input Text" library="SeleniumLibrary">
<arg>${Username_Locator}</arg>
<arg>${object["Login"]["username"]}</arg>
<doc>Types the given ``text`` into the text field identified by ``locator``.</doc>
<msg timestamp="20221128 23:53:58.614" level="INFO">Typing text 'mohammed.khaled@naseej.com' into text field '//input[@id='login_email']'.</msg>
<status status="PASS" starttime="20221128 23:53:58.612" endtime="20221128 23:53:58.703"/>
</kw>
<kw name="Input Text" library="SeleniumLibrary">
<arg>${password_Locator}</arg>
<arg>${object["Login"]["password"]}</arg>
<doc>Types the given ``text`` into the text field identified by ``locator``.</doc>
<msg timestamp="20221128 23:53:58.705" level="INFO">Typing text 'Medad@123' into text field '//input[@id='login_password']'.</msg>
<status status="PASS" starttime="20221128 23:53:58.703" endtime="20221128 23:53:58.809"/>
</kw>
<status status="PASS" starttime="20221128 23:53:58.609" endtime="20221128 23:53:58.809"/>
</kw>
<kw name="Click on Login button" library="LoginPage">
<kw name="Click Element" library="SeleniumLibrary">
<arg>${Login_Button}</arg>
<doc>Click the element identified by ``locator``.</doc>
<msg timestamp="20221128 23:53:58.810" level="INFO">Clicking element '//button[@type='submit']'.</msg>
<status status="PASS" starttime="20221128 23:53:58.809" endtime="20221128 23:53:58.850"/>
</kw>
<status status="PASS" starttime="20221128 23:53:58.809" endtime="20221128 23:53:58.850"/>
</kw>
<kw name="Home page is opened Successfully" library="LoginPage">
<kw name="Wait Until Page Contains Element" library="SeleniumLibrary">
<arg>${Success_Login}</arg>
<arg>timeout=10</arg>
<doc>Waits until the element ``locator`` appears on the current page.</doc>
<status status="PASS" starttime="20221128 23:53:58.851" endtime="20221128 23:54:01.451"/>
</kw>
<status status="PASS" starttime="20221128 23:53:58.851" endtime="20221128 23:54:01.452"/>
</kw>
<status status="PASS" starttime="20221128 23:53:53.884" endtime="20221128 23:54:01.452"/>
</kw>
<kw name="Add new Preferences" library="PreferencesPage">
<kw name="Open the Admission page" library="common">
<kw name="Click Element" library="SeleniumLibrary">
<arg>${Admission_Link}</arg>
<doc>Click the element identified by ``locator``.</doc>
<msg timestamp="20221128 23:54:01.454" level="INFO">Clicking element '//a[@href='/app/admission']'.</msg>
<status status="PASS" starttime="20221128 23:54:01.453" endtime="20221128 23:54:01.503"/>
</kw>
<status status="PASS" starttime="20221128 23:54:01.453" endtime="20221128 23:54:01.504"/>
</kw>
<kw name="Open the Preferences page" library="PreferencesPage">
<kw name="Wait Until Page Contains Element" library="SeleniumLibrary">
<arg>${Preferences_Link}</arg>
<doc>Waits until the element ``locator`` appears on the current page.</doc>
<status status="PASS" starttime="20221128 23:54:01.504" endtime="20221128 23:54:02.355"/>
</kw>
<kw name="Click Element" library="SeleniumLibrary">
<arg>${Preferences_Link}</arg>
<doc>Click the element identified by ``locator``.</doc>
<msg timestamp="20221128 23:54:02.355" level="INFO">Clicking element '//span[normalize-space()='Preferences']'.</msg>
<status status="PASS" starttime="20221128 23:54:02.355" endtime="20221128 23:54:02.405"/>
</kw>
<status status="PASS" starttime="20221128 23:54:01.504" endtime="20221128 23:54:02.406"/>
</kw>
<kw name="Click button Add new Preferences" library="PreferencesPage">
<kw name="Sleep" library="BuiltIn">
<arg>2</arg>
<doc>Pauses the test executed for the given time.</doc>
<msg timestamp="20221128 23:54:04.410" level="INFO">Slept 2 seconds</msg>
<status status="PASS" starttime="20221128 23:54:02.406" endtime="20221128 23:54:04.410"/>
</kw>
<kw name="Wait Until Page Contains Element" library="SeleniumLibrary">
<arg>${Add_Preferences_Button}</arg>
<doc>Waits until the element ``locator`` appears on the current page.</doc>
<status status="PASS" starttime="20221128 23:54:04.410" endtime="20221128 23:54:04.420"/>
</kw>
<kw name="Click Element" library="SeleniumLibrary">
<arg>${Add_Preferences_Button}</arg>
<doc>Click the element identified by ``locator``.</doc>
<msg timestamp="20221128 23:54:04.420" level="INFO">Clicking element '//span[contains(@data-label,'Add%20Preference')]'.</msg>
<status status="PASS" starttime="20221128 23:54:04.420" endtime="20221128 23:54:04.539"/>
</kw>
<status status="PASS" starttime="20221128 23:54:02.406" endtime="20221128 23:54:04.539"/>
</kw>
<kw name="Fill Form of Add Preferences" library="PreferencesPage">
<kw name="Get File" library="OperatingSystem">
<var>${json}</var>
<arg>${EXECDIR}\\PageObjects\\TestData\\testdata.json</arg>
<doc>Returns the contents of a specified file.</doc>
<msg timestamp="20221128 23:54:04.541" level="INFO" html="true">Getting file '&lt;a href="file://C:\Users\MKhaled\CMP\PageObjects\TestData\testdata.json"&gt;C:\Users\MKhaled\CMP\PageObjects\TestData\testdata.json&lt;/a&gt;'.</msg>
<msg timestamp="20221128 23:54:04.543" level="INFO">${json} = {
  "Login": {
    "username": "mohammed.khaled@naseej.com",
    "password": "Medad@123"
  },
  "Inistitutions": {
    "Institution_Code": "KdHhn-01",
    "Institution_Name": "MKhaledAutomation",
    ...</msg>
<status status="PASS" starttime="20221128 23:54:04.540" endtime="20221128 23:54:04.543"/>
</kw>
<kw name="Evaluate" library="BuiltIn">
<var>${object}</var>
<arg>json.loads('''${json}''')</arg>
<arg>json</arg>
<doc>Evaluates the given expression in Python and returns the result.</doc>
<msg timestamp="20221128 23:54:04.545" level="INFO">${object} = {'Login': {'username': 'mohammed.khaled@naseej.com', 'password': 'Medad@123'}, 'Inistitutions': {'Institution_Code': 'KdHhn-01', 'Institution_Name': 'MKhaledAutomation', 'Website': 'http://www.goohgle...</msg>
<status status="PASS" starttime="20221128 23:54:04.543" endtime="20221128 23:54:04.545"/>
</kw>
<kw name="Selecet the Academic Term" library="PreferencesPage">
<kw name="Press Keys" library="SeleniumLibrary">
<arg>${Preference_Academic_Term_Locator}</arg>
<arg>CTRL+a</arg>
<arg>BACKSPACE</arg>
<doc>Simulates the user pressing key(s) to an element or on the active browser.</doc>
<msg timestamp="20221128 23:54:04.546" level="INFO">Sending key(s) ('CTRL+a', 'BACKSPACE') to //div[@data-fieldname='academic_term']//div[@class='form-group']//input[@role='combobox'] element.</msg>
<msg timestamp="20221128 23:54:04.838" level="INFO">Pressing special key CONTROL down.</msg>
<msg timestamp="20221128 23:54:04.839" level="INFO">Sending key a</msg>
<msg timestamp="20221128 23:54:04.839" level="INFO">Releasing special key CONTROL.</msg>
<msg timestamp="20221128 23:54:04.851" level="INFO">Pressing special key BACKSPACE to element.</msg>
<msg timestamp="20221128 23:54:04.851" level="INFO">Releasing special key BACKSPACE.</msg>
<status status="PASS" starttime="20221128 23:54:04.545" endtime="20221128 23:54:04.857"/>
</kw>
<kw name="Sleep" library="BuiltIn">
<arg>1</arg>
<doc>Pauses the test executed for the given time.</doc>
<msg timestamp="20221128 23:54:05.872" level="INFO">Slept 1 second</msg>
<status status="PASS" starttime="20221128 23:54:04.857" endtime="20221128 23:54:05.872"/>
</kw>
<kw name="Click Element" library="SeleniumLibrary">
<arg>${Preference_Academic_Term_Locator}</arg>
<doc>Click the element identified by ``locator``.</doc>
<msg timestamp="20221128 23:54:05.872" level="INFO">Clicking element '//div[@data-fieldname='academic_term']//div[@class='form-group']//input[@role='combobox']'.</msg>
<status status="PASS" starttime="20221128 23:54:05.872" endtime="20221128 23:54:05.913"/>
</kw>
<kw name="Wait Until Page Contains Element" library="SeleniumLibrary">
<arg>${Preference_Academic_Term_Option}</arg>
<doc>Waits until the element ``locator`` appears on the current page.</doc>
<status status="PASS" starttime="20221128 23:54:05.914" endtime="20221128 23:54:06.145"/>
</kw>
<kw name="Click Element" library="SeleniumLibrary">
<arg>${Preference_Academic_Term_Option}</arg>
<doc>Click the element identified by ``locator``.</doc>
<msg timestamp="20221128 23:54:06.145" level="INFO">Clicking element '//span[normalize-space()='Second Semester 2021-2022']'.</msg>
<status status="PASS" starttime="20221128 23:54:06.145" endtime="20221128 23:54:06.198"/>
</kw>
<kw name="Sleep" library="BuiltIn">
<arg>1</arg>
<doc>Pauses the test executed for the given time.</doc>
<msg timestamp="20221128 23:54:07.213" level="INFO">Slept 1 second</msg>
<status status="PASS" starttime="20221128 23:54:06.198" endtime="20221128 23:54:07.213"/>
</kw>
<status status="PASS" starttime="20221128 23:54:04.545" endtime="20221128 23:54:07.213"/>
</kw>
<kw name="Input Text" library="SeleniumLibrary">
<arg>${Preference_Discription_Locator}</arg>
<arg>123dswd</arg>
<doc>Types the given ``text`` into the text field identified by ``locator``.</doc>
<msg timestamp="20221128 23:54:07.215" level="INFO">Typing text '123dswd' into text field '//div[@data-fieldname='description']//input[@type='text']'.</msg>
<status status="PASS" starttime="20221128 23:54:07.213" endtime="20221128 23:54:07.303"/>
</kw>
<kw name="Select the Academic Program" library="PreferencesPage">
<kw name="Click Element" library="SeleniumLibrary">
<arg>${Preference_AcademicProgram_Locator}</arg>
<doc>Click the element identified by ``locator``.</doc>
<msg timestamp="20221128 23:54:07.304" level="INFO">Clicking element '//div[contains(@data-fieldname,'academic_program')]//div[contains(@class,'form-group')]//input[contains(@role,'combobox')]'.</msg>
<status status="PASS" starttime="20221128 23:54:07.303" endtime="20221128 23:54:07.355"/>
</kw>
<kw name="Wait Until Page Contains Element" library="SeleniumLibrary">
<arg>${Preference_AcademicProgram_Option}</arg>
<doc>Waits until the element ``locator`` appears on the current page.</doc>
<status status="PASS" starttime="20221128 23:54:07.356" endtime="20221128 23:54:08.685"/>
</kw>
<kw name="Click Element" library="SeleniumLibrary">
<arg>${Preference_AcademicProgram_Option}</arg>
<doc>Click the element identified by ``locator``.</doc>
<msg timestamp="20221128 23:54:08.685" level="INFO">Clicking element '//*[@id='awesomplete_list_14']/li[1]'.</msg>
<status status="PASS" starttime="20221128 23:54:08.685" endtime="20221128 23:54:08.739"/>
</kw>
<kw name="Sleep" library="BuiltIn">
<arg>1</arg>
<doc>Pauses the test executed for the given time.</doc>
<msg timestamp="20221128 23:54:09.743" level="INFO">Slept 1 second</msg>
<status status="PASS" starttime="20221128 23:54:08.740" endtime="20221128 23:54:09.743"/>
</kw>
<status status="PASS" starttime="20221128 23:54:07.303" endtime="20221128 23:54:09.745"/>
</kw>
<kw name="Select the campus" library="PreferencesPage">
<kw name="Click Element" library="SeleniumLibrary">
<arg>${Preference_campus_Locator}</arg>
<doc>Click the element identified by ``locator``.</doc>
<msg timestamp="20221128 23:54:09.745" level="INFO">Clicking element '//div[@data-fieldname='campus']//div[@class='form-group']//input[@role='combobox']'.</msg>
<status status="PASS" starttime="20221128 23:54:09.745" endtime="20221128 23:54:09.805"/>
</kw>
<kw name="Sleep" library="BuiltIn">
<arg>2</arg>
<doc>Pauses the test executed for the given time.</doc>
<msg timestamp="20221128 23:54:11.806" level="INFO">Slept 2 seconds</msg>
<status status="PASS" starttime="20221128 23:54:09.805" endtime="20221128 23:54:11.806"/>
</kw>
<kw name="Wait Until Page Contains Element" library="SeleniumLibrary">
<arg>${Preference_campus_Option}</arg>
<doc>Waits until the element ``locator`` appears on the current page.</doc>
<status status="PASS" starttime="20221128 23:54:11.806" endtime="20221128 23:54:11.825"/>
</kw>
<kw name="Click Element" library="SeleniumLibrary">
<arg>${Preference_campus_Option}</arg>
<doc>Click the element identified by ``locator``.</doc>
<msg timestamp="20221128 23:54:11.825" level="INFO">Clicking element '//*[@id='awesomplete_list_16']/li[1]'.</msg>
<status status="PASS" starttime="20221128 23:54:11.825" endtime="20221128 23:54:11.884"/>
</kw>
<status status="PASS" starttime="20221128 23:54:09.745" endtime="20221128 23:54:11.884"/>
</kw>
<kw name="Sleep" library="BuiltIn">
<arg>1</arg>
<doc>Pauses the test executed for the given time.</doc>
<msg timestamp="20221128 23:54:12.899" level="INFO">Slept 1 second</msg>
<status status="PASS" starttime="20221128 23:54:11.884" endtime="20221128 23:54:12.899"/>
</kw>
<kw name="Input Text" library="SeleniumLibrary">
<arg>${Preference_Capacity_Locator}</arg>
<arg>123</arg>
<doc>Types the given ``text`` into the text field identified by ``locator``.</doc>
<msg timestamp="20221128 23:54:12.901" level="INFO">Typing text '123' into text field '//*[@id='page-Preference']/div[2]/div[2]/div/div[3]/div[2]/div[1]/div[2]/div/div/div[3]/div[1]/div/div[2]/form/div[4]/div/div[2]/div[1]/input'.</msg>
<status status="PASS" starttime="20221128 23:54:12.900" endtime="20221128 23:54:13.010"/>
</kw>
<kw name="Select Active Preference" library="PreferencesPage">
<kw name="Sleep" library="BuiltIn">
<arg>1</arg>
<doc>Pauses the test executed for the given time.</doc>
<msg timestamp="20221128 23:54:14.016" level="INFO">Slept 1 second</msg>
<status status="PASS" starttime="20221128 23:54:13.011" endtime="20221128 23:54:14.016"/>
</kw>
<kw name="Select Checkbox" library="SeleniumLibrary">
<arg>${Preference_Active_checkBox}</arg>
<doc>Selects the checkbox identified by ``locator``.</doc>
<msg timestamp="20221128 23:54:14.017" level="INFO">Selecting checkbox '//*[@id='page-Preference']/div[2]/div[2]/div/div[3]/div[2]/div[1]/div[2]/div/div/div[3]/div[1]/div/div[1]/form/div[9]/div/label/span[1]/input'.</msg>
<status status="PASS" starttime="20221128 23:54:14.016" endtime="20221128 23:54:14.106"/>
</kw>
<kw name="Sleep" library="BuiltIn">
<arg>1</arg>
<doc>Pauses the test executed for the given time.</doc>
<msg timestamp="20221128 23:54:15.111" level="INFO">Slept 1 second</msg>
<status status="PASS" starttime="20221128 23:54:14.107" endtime="20221128 23:54:15.111"/>
</kw>
<status status="PASS" starttime="20221128 23:54:13.011" endtime="20221128 23:54:15.111"/>
</kw>
<kw name="Select Published Preference" library="PreferencesPage">
<kw name="Sleep" library="BuiltIn">
<arg>1</arg>
<doc>Pauses the test executed for the given time.</doc>
<msg timestamp="20221128 23:54:16.115" level="INFO">Slept 1 second</msg>
<status status="PASS" starttime="20221128 23:54:15.111" endtime="20221128 23:54:16.115"/>
</kw>
<kw name="Select Checkbox" library="SeleniumLibrary">
<arg>${Preference_Published_checkBox}</arg>
<doc>Selects the checkbox identified by ``locator``.</doc>
<msg timestamp="20221128 23:54:16.116" level="INFO">Selecting checkbox '//*[@id='page-Preference']/div[2]/div[2]/div/div[3]/div[2]/div[1]/div[2]/div/div/div[3]/div[1]/div/div[1]/form/div[10]/div/label/span[1]/input'.</msg>
<status status="PASS" starttime="20221128 23:54:16.115" endtime="20221128 23:54:16.188"/>
</kw>
<kw name="Sleep" library="BuiltIn">
<arg>1</arg>
<doc>Pauses the test executed for the given time.</doc>
<msg timestamp="20221128 23:54:17.194" level="INFO">Slept 1 second</msg>
<status status="PASS" starttime="20221128 23:54:16.188" endtime="20221128 23:54:17.194"/>
</kw>
<status status="PASS" starttime="20221128 23:54:15.111" endtime="20221128 23:54:17.194"/>
</kw>
<status status="PASS" starttime="20221128 23:54:04.539" endtime="20221128 23:54:17.194"/>
</kw>
<kw name="click submit Preferences Button" library="PreferencesPage">
<kw name="Wait Until Page Contains Element" library="SeleniumLibrary">
<arg>${Preference_Submit_button}</arg>
<doc>Waits until the element ``locator`` appears on the current page.</doc>
<status status="PASS" starttime="20221128 23:54:17.195" endtime="20221128 23:54:17.209"/>
</kw>
<kw name="Click Element" library="SeleniumLibrary">
<arg>${Preference_Submit_button}</arg>
<doc>Click the element identified by ``locator``.</doc>
<msg timestamp="20221128 23:54:17.209" level="INFO">Clicking element '//button[contains(@data-label,'Save')]'.</msg>
<status status="PASS" starttime="20221128 23:54:17.209" endtime="20221128 23:54:17.255"/>
</kw>
<kw name="Wait Until Page Contains Element" library="SeleniumLibrary">
<arg>${Successfully_Saved}</arg>
<doc>Waits until the element ``locator`` appears on the current page.</doc>
<status status="PASS" starttime="20221128 23:54:17.256" endtime="20221128 23:54:17.735"/>
</kw>
<kw name="Sleep" library="BuiltIn">
<arg>1</arg>
<doc>Pauses the test executed for the given time.</doc>
<msg timestamp="20221128 23:54:18.740" level="INFO">Slept 1 second</msg>
<status status="PASS" starttime="20221128 23:54:17.735" endtime="20221128 23:54:18.740"/>
</kw>
<status status="PASS" starttime="20221128 23:54:17.195" endtime="20221128 23:54:18.740"/>
</kw>
<status status="PASS" starttime="20221128 23:54:01.453" endtime="20221128 23:54:18.740"/>
</kw>
<kw name="closing Browser" library="common" type="TEARDOWN">
<kw name="Close Browser" library="SeleniumLibrary">
<doc>Closes the current browser.</doc>
<status status="PASS" starttime="20221128 23:54:18.741" endtime="20221128 23:54:20.863"/>
</kw>
<status status="PASS" starttime="20221128 23:54:18.741" endtime="20221128 23:54:20.863"/>
</kw>
<status status="PASS" starttime="20221128 23:53:53.883" endtime="20221128 23:54:20.863"/>
</test>
<doc>MedadCMP Admission</doc>
<status status="PASS" starttime="20221128 23:53:53.526" endtime="20221128 23:54:20.863"/>
</suite>
<statistics>
<total>
<stat pass="1" fail="0" skip="0">All Tests</stat>
</total>
<tag>
</tag>
<suite>
<stat pass="1" fail="0" skip="0" id="s1" name="Preferences">Preferences</stat>
</suite>
</statistics>
<errors>
</errors>
</robot>
