<?xml version="1.0" encoding="UTF-8"?>
<robot generator="Robot 5.0.1 (Python 3.9.13 on win32)" generated="20221129 11:00:33.725" rpa="false" schemaversion="3">
<suite id="s1" name="Addinistitutions" source="c:\Users\MKhaled\CMP\testsrunner\academicstructuretests\addinistitutions.robot">
<test id="s1-t1" name="TC: Add new Inistitutions" line="12">
<kw name="Login To The ControlPanel" library="LoginPage" type="SETUP">
<kw name="Opening Browser" library="common">
<arg>${site_url}${login}</arg>
<arg>${browser}</arg>
<kw name="Open Browser" library="SeleniumLibrary">
<arg>${site_url}</arg>
<arg>${browser}</arg>
<doc>Opens a new browser instance to the optional ``url``.</doc>
<msg timestamp="20221129 11:00:36.430" level="INFO">Opening browser 'Chrome' to base url 'https://sis.medadstg.com/#login'.</msg>
<status status="PASS" starttime="20221129 11:00:36.430" endtime="20221129 11:00:42.120"/>
</kw>
<kw name="Wait Until Page Contains Element" library="SeleniumLibrary">
<arg>${Username_Locator}</arg>
<doc>Waits until the element ``locator`` appears on the current page.</doc>
<status status="PASS" starttime="20221129 11:00:42.120" endtime="20221129 11:00:42.169"/>
</kw>
<status status="PASS" starttime="20221129 11:00:36.430" endtime="20221129 11:00:42.169"/>
</kw>
<kw name="Maximize Browser Window" library="SeleniumLibrary">
<doc>Maximizes current browser window.</doc>
<status status="PASS" starttime="20221129 11:00:42.169" endtime="20221129 11:00:42.298"/>
</kw>
<kw name="Wait Until Page Contains Element" library="SeleniumLibrary">
<arg>${Username_Locator}</arg>
<doc>Waits until the element ``locator`` appears on the current page.</doc>
<status status="PASS" starttime="20221129 11:00:42.298" endtime="20221129 11:00:42.314"/>
</kw>
<kw name="Fill username &amp; password" library="LoginPage">
<kw name="Get File" library="OperatingSystem">
<var>${json}</var>
<arg>${EXECDIR}\\PageObjects\\TestData\\testdata.json</arg>
<doc>Returns the contents of a specified file.</doc>
<msg timestamp="20221129 11:00:42.323" level="INFO" html="true">Getting file '&lt;a href="file://C:\Users\MKhaled\CMP\PageObjects\TestData\testdata.json"&gt;C:\Users\MKhaled\CMP\PageObjects\TestData\testdata.json&lt;/a&gt;'.</msg>
<msg timestamp="20221129 11:00:42.331" level="INFO">${json} = {
  "Login": {
    "username": "mohammed.khaled@naseej.com",
    "password": "Medad@123"
  },
  "Inistitutions": [
    {
      "Institution_Code": "KdHhn-01",
      "Institution_Name": "MKhaledAutomat...</msg>
<status status="PASS" starttime="20221129 11:00:42.323" endtime="20221129 11:00:42.337"/>
</kw>
<kw name="Evaluate" library="BuiltIn">
<var>${object}</var>
<arg>json.loads('''${json}''')</arg>
<arg>json</arg>
<doc>Evaluates the given expression in Python and returns the result.</doc>
<msg timestamp="20221129 11:00:42.339" level="INFO">${object} = {'Login': {'username': 'mohammed.khaled@naseej.com', 'password': 'Medad@123'}, 'Inistitutions': [{'Institution_Code': 'KdHhn-01', 'Institution_Name': 'MKhaledAutomation', 'Website': 'http://www.goohgl...</msg>
<status status="PASS" starttime="20221129 11:00:42.337" endtime="20221129 11:00:42.339"/>
</kw>
<kw name="Input Text" library="SeleniumLibrary">
<arg>${Username_Locator}</arg>
<arg>${object["Login"]["username"]}</arg>
<doc>Types the given ``text`` into the text field identified by ``locator``.</doc>
<msg timestamp="20221129 11:00:42.339" level="INFO">Typing text 'mohammed.khaled@naseej.com' into text field '//input[@id='login_email']'.</msg>
<status status="PASS" starttime="20221129 11:00:42.339" endtime="20221129 11:00:42.638"/>
</kw>
<kw name="Input Text" library="SeleniumLibrary">
<arg>${password_Locator}</arg>
<arg>${object["Login"]["password"]}</arg>
<doc>Types the given ``text`` into the text field identified by ``locator``.</doc>
<msg timestamp="20221129 11:00:42.638" level="INFO">Typing text 'Medad@123' into text field '//input[@id='login_password']'.</msg>
<status status="PASS" starttime="20221129 11:00:42.638" endtime="20221129 11:00:42.810"/>
</kw>
<status status="PASS" starttime="20221129 11:00:42.314" endtime="20221129 11:00:42.810"/>
</kw>
<kw name="Click on Login button" library="LoginPage">
<kw name="Click Element" library="SeleniumLibrary">
<arg>${Login_Button}</arg>
<doc>Click the element identified by ``locator``.</doc>
<msg timestamp="20221129 11:00:42.810" level="INFO">Clicking element '//button[@type='submit']'.</msg>
<status status="PASS" starttime="20221129 11:00:42.810" endtime="20221129 11:00:42.931"/>
</kw>
<status status="PASS" starttime="20221129 11:00:42.810" endtime="20221129 11:00:42.931"/>
</kw>
<kw name="Home page is opened Successfully" library="LoginPage">
<kw name="Wait Until Page Contains Element" library="SeleniumLibrary">
<arg>${Success_Login}</arg>
<arg>timeout=10</arg>
<doc>Waits until the element ``locator`` appears on the current page.</doc>
<status status="PASS" starttime="20221129 11:00:42.931" endtime="20221129 11:00:46.503"/>
</kw>
<status status="PASS" starttime="20221129 11:00:42.931" endtime="20221129 11:00:46.503"/>
</kw>
<status status="PASS" starttime="20221129 11:00:36.430" endtime="20221129 11:00:46.503"/>
</kw>
<kw name="Add new Inistitutions" library="InistitutionsPage">
<kw name="Open the AcademicStructure page" library="common">
<kw name="Click Element" library="SeleniumLibrary">
<arg>${Academic_Structure}</arg>
<doc>Click the element identified by ``locator``.</doc>
<msg timestamp="20221129 11:00:46.513" level="INFO">Clicking element '//a[@href='/app/academic-structure']'.</msg>
<status status="PASS" starttime="20221129 11:00:46.513" endtime="20221129 11:00:46.636"/>
</kw>
<status status="PASS" starttime="20221129 11:00:46.503" endtime="20221129 11:00:46.636"/>
</kw>
<kw name="Open the Institution page" library="InistitutionsPage">
<kw name="Wait Until Page Contains Element" library="SeleniumLibrary">
<arg>${Institution_Link}</arg>
<doc>Waits until the element ``locator`` appears on the current page.</doc>
<status status="PASS" starttime="20221129 11:00:46.636" endtime="20221129 11:00:47.122"/>
</kw>
<kw name="Click Element" library="SeleniumLibrary">
<arg>${Institution_Link}</arg>
<doc>Click the element identified by ``locator``.</doc>
<msg timestamp="20221129 11:00:47.123" level="INFO">Clicking element '//a[@href='/app/institution']'.</msg>
<status status="PASS" starttime="20221129 11:00:47.122" endtime="20221129 11:00:47.225"/>
</kw>
<status status="PASS" starttime="20221129 11:00:46.636" endtime="20221129 11:00:47.228"/>
</kw>
<kw name="Click button Add new Inistitutions" library="InistitutionsPage">
<kw name="Wait Until Page Contains Element" library="SeleniumLibrary">
<arg>${Add_Inistitutions}</arg>
<doc>Waits until the element ``locator`` appears on the current page.</doc>
<status status="PASS" starttime="20221129 11:00:47.228" endtime="20221129 11:00:47.956"/>
</kw>
<kw name="Click Element" library="SeleniumLibrary">
<arg>${Add_Inistitutions}</arg>
<doc>Click the element identified by ``locator``.</doc>
<msg timestamp="20221129 11:00:47.958" level="INFO">Clicking element '//div[@id='page-List/Institution/List']//button[@class='btn btn-primary btn-sm primary-action']'.</msg>
<status status="PASS" starttime="20221129 11:00:47.958" endtime="20221129 11:00:48.212"/>
</kw>
<kw name="Sleep" library="BuiltIn">
<arg>2</arg>
<doc>Pauses the test executed for the given time.</doc>
<msg timestamp="20221129 11:00:50.230" level="INFO">Slept 2 seconds</msg>
<status status="PASS" starttime="20221129 11:00:48.212" endtime="20221129 11:00:50.230"/>
</kw>
<status status="PASS" starttime="20221129 11:00:47.228" endtime="20221129 11:00:50.230"/>
</kw>
<kw name="Fill Form of Add Inistitutions" library="InistitutionsPage">
<kw name="Get File" library="OperatingSystem">
<var>${json}</var>
<arg>${EXECDIR}\\PageObjects\\TestData\\testdata.json</arg>
<doc>Returns the contents of a specified file.</doc>
<msg timestamp="20221129 11:00:50.230" level="INFO" html="true">Getting file '&lt;a href="file://C:\Users\MKhaled\CMP\PageObjects\TestData\testdata.json"&gt;C:\Users\MKhaled\CMP\PageObjects\TestData\testdata.json&lt;/a&gt;'.</msg>
<msg timestamp="20221129 11:00:50.230" level="INFO">${json} = {
  "Login": {
    "username": "mohammed.khaled@naseej.com",
    "password": "Medad@123"
  },
  "Inistitutions": [
    {
      "Institution_Code": "KdHhn-01",
      "Institution_Name": "MKhaledAutomat...</msg>
<status status="PASS" starttime="20221129 11:00:50.230" endtime="20221129 11:00:50.230"/>
</kw>
<kw name="Evaluate" library="BuiltIn">
<var>${object}</var>
<arg>json.loads('''${json}''')</arg>
<arg>json</arg>
<doc>Evaluates the given expression in Python and returns the result.</doc>
<msg timestamp="20221129 11:00:50.238" level="INFO">${object} = {'Login': {'username': 'mohammed.khaled@naseej.com', 'password': 'Medad@123'}, 'Inistitutions': [{'Institution_Code': 'KdHhn-01', 'Institution_Name': 'MKhaledAutomation', 'Website': 'http://www.goohgl...</msg>
<status status="PASS" starttime="20221129 11:00:50.237" endtime="20221129 11:00:50.238"/>
</kw>
<for flavor="IN">
<var>${object}</var>
<value>@{json}</value>
<msg timestamp="20221129 11:00:50.238" level="FAIL">Value of variable '@{json}' is not list or list-like.</msg>
<status status="FAIL" starttime="20221129 11:00:50.238" endtime="20221129 11:00:50.243"/>
</for>
<status status="FAIL" starttime="20221129 11:00:50.230" endtime="20221129 11:00:50.247"/>
</kw>
<kw name="click submit Institution Button" library="InistitutionsPage">
<status status="NOT RUN" starttime="20221129 11:00:50.248" endtime="20221129 11:00:50.248"/>
</kw>
<status status="FAIL" starttime="20221129 11:00:46.503" endtime="20221129 11:00:50.248"/>
</kw>
<kw name="click submit Institution Button" library="InistitutionsPage">
<status status="NOT RUN" starttime="20221129 11:00:50.248" endtime="20221129 11:00:50.248"/>
</kw>
<kw name="closing Browser" library="common" type="TEARDOWN">
<kw name="Close Browser" library="SeleniumLibrary">
<doc>Closes the current browser.</doc>
<status status="PASS" starttime="20221129 11:00:50.248" endtime="20221129 11:00:52.453"/>
</kw>
<status status="PASS" starttime="20221129 11:00:50.248" endtime="20221129 11:00:52.453"/>
</kw>
<status status="FAIL" starttime="20221129 11:00:36.426" endtime="20221129 11:00:52.453">Value of variable '@{json}' is not list or list-like.</status>
</test>
<test id="s1-t2" name="TC: Validate the duplication" line="16">
<kw name="Login To The ControlPanel" library="LoginPage" type="SETUP">
<kw name="Opening Browser" library="common">
<arg>${site_url}${login}</arg>
<arg>${browser}</arg>
<kw name="Open Browser" library="SeleniumLibrary">
<arg>${site_url}</arg>
<arg>${browser}</arg>
<doc>Opens a new browser instance to the optional ``url``.</doc>
<msg timestamp="20221129 11:00:52.453" level="INFO">Opening browser 'Chrome' to base url 'https://sis.medadstg.com/#login'.</msg>
<status status="PASS" starttime="20221129 11:00:52.453" endtime="20221129 11:00:56.493"/>
</kw>
<kw name="Wait Until Page Contains Element" library="SeleniumLibrary">
<arg>${Username_Locator}</arg>
<doc>Waits until the element ``locator`` appears on the current page.</doc>
<status status="PASS" starttime="20221129 11:00:56.493" endtime="20221129 11:00:56.517"/>
</kw>
<status status="PASS" starttime="20221129 11:00:52.453" endtime="20221129 11:00:56.517"/>
</kw>
<kw name="Maximize Browser Window" library="SeleniumLibrary">
<doc>Maximizes current browser window.</doc>
<status status="PASS" starttime="20221129 11:00:56.517" endtime="20221129 11:00:56.655"/>
</kw>
<kw name="Wait Until Page Contains Element" library="SeleniumLibrary">
<arg>${Username_Locator}</arg>
<doc>Waits until the element ``locator`` appears on the current page.</doc>
<status status="PASS" starttime="20221129 11:00:56.655" endtime="20221129 11:00:56.671"/>
</kw>
<kw name="Fill username &amp; password" library="LoginPage">
<kw name="Get File" library="OperatingSystem">
<var>${json}</var>
<arg>${EXECDIR}\\PageObjects\\TestData\\testdata.json</arg>
<doc>Returns the contents of a specified file.</doc>
<msg timestamp="20221129 11:00:56.679" level="INFO" html="true">Getting file '&lt;a href="file://C:\Users\MKhaled\CMP\PageObjects\TestData\testdata.json"&gt;C:\Users\MKhaled\CMP\PageObjects\TestData\testdata.json&lt;/a&gt;'.</msg>
<msg timestamp="20221129 11:00:56.679" level="INFO">${json} = {
  "Login": {
    "username": "mohammed.khaled@naseej.com",
    "password": "Medad@123"
  },
  "Inistitutions": [
    {
      "Institution_Code": "KdHhn-01",
      "Institution_Name": "MKhaledAutomat...</msg>
<status status="PASS" starttime="20221129 11:00:56.679" endtime="20221129 11:00:56.679"/>
</kw>
<kw name="Evaluate" library="BuiltIn">
<var>${object}</var>
<arg>json.loads('''${json}''')</arg>
<arg>json</arg>
<doc>Evaluates the given expression in Python and returns the result.</doc>
<msg timestamp="20221129 11:00:56.679" level="INFO">${object} = {'Login': {'username': 'mohammed.khaled@naseej.com', 'password': 'Medad@123'}, 'Inistitutions': [{'Institution_Code': 'KdHhn-01', 'Institution_Name': 'MKhaledAutomation', 'Website': 'http://www.goohgl...</msg>
<status status="PASS" starttime="20221129 11:00:56.679" endtime="20221129 11:00:56.679"/>
</kw>
<kw name="Input Text" library="SeleniumLibrary">
<arg>${Username_Locator}</arg>
<arg>${object["Login"]["username"]}</arg>
<doc>Types the given ``text`` into the text field identified by ``locator``.</doc>
<msg timestamp="20221129 11:00:56.687" level="INFO">Typing text 'mohammed.khaled@naseej.com' into text field '//input[@id='login_email']'.</msg>
<status status="PASS" starttime="20221129 11:00:56.679" endtime="20221129 11:00:56.977"/>
</kw>
<kw name="Input Text" library="SeleniumLibrary">
<arg>${password_Locator}</arg>
<arg>${object["Login"]["password"]}</arg>
<doc>Types the given ``text`` into the text field identified by ``locator``.</doc>
<msg timestamp="20221129 11:00:56.985" level="INFO">Typing text 'Medad@123' into text field '//input[@id='login_password']'.</msg>
<status status="PASS" starttime="20221129 11:00:56.977" endtime="20221129 11:00:57.170"/>
</kw>
<status status="PASS" starttime="20221129 11:00:56.671" endtime="20221129 11:00:57.170"/>
</kw>
<kw name="Click on Login button" library="LoginPage">
<kw name="Click Element" library="SeleniumLibrary">
<arg>${Login_Button}</arg>
<doc>Click the element identified by ``locator``.</doc>
<msg timestamp="20221129 11:00:57.170" level="INFO">Clicking element '//button[@type='submit']'.</msg>
<status status="PASS" starttime="20221129 11:00:57.170" endtime="20221129 11:00:57.283"/>
</kw>
<status status="PASS" starttime="20221129 11:00:57.170" endtime="20221129 11:00:57.284"/>
</kw>
<kw name="Home page is opened Successfully" library="LoginPage">
<kw name="Wait Until Page Contains Element" library="SeleniumLibrary">
<arg>${Success_Login}</arg>
<arg>timeout=10</arg>
<doc>Waits until the element ``locator`` appears on the current page.</doc>
<status status="PASS" starttime="20221129 11:00:57.286" endtime="20221129 11:01:00.371"/>
</kw>
<status status="PASS" starttime="20221129 11:00:57.285" endtime="20221129 11:01:00.371"/>
</kw>
<status status="PASS" starttime="20221129 11:00:52.453" endtime="20221129 11:01:00.371"/>
</kw>
<kw name="Add new Inistitutions" library="InistitutionsPage">
<kw name="Open the AcademicStructure page" library="common">
<kw name="Click Element" library="SeleniumLibrary">
<arg>${Academic_Structure}</arg>
<doc>Click the element identified by ``locator``.</doc>
<msg timestamp="20221129 11:01:00.381" level="INFO">Clicking element '//a[@href='/app/academic-structure']'.</msg>
<status status="PASS" starttime="20221129 11:01:00.379" endtime="20221129 11:01:00.478"/>
</kw>
<status status="PASS" starttime="20221129 11:01:00.371" endtime="20221129 11:01:00.478"/>
</kw>
<kw name="Open the Institution page" library="InistitutionsPage">
<kw name="Wait Until Page Contains Element" library="SeleniumLibrary">
<arg>${Institution_Link}</arg>
<doc>Waits until the element ``locator`` appears on the current page.</doc>
<status status="PASS" starttime="20221129 11:01:00.478" endtime="20221129 11:01:01.146"/>
</kw>
<kw name="Click Element" library="SeleniumLibrary">
<arg>${Institution_Link}</arg>
<doc>Click the element identified by ``locator``.</doc>
<msg timestamp="20221129 11:01:01.154" level="INFO">Clicking element '//a[@href='/app/institution']'.</msg>
<status status="PASS" starttime="20221129 11:01:01.154" endtime="20221129 11:01:01.236"/>
</kw>
<status status="PASS" starttime="20221129 11:01:00.478" endtime="20221129 11:01:01.236"/>
</kw>
<kw name="Click button Add new Inistitutions" library="InistitutionsPage">
<kw name="Wait Until Page Contains Element" library="SeleniumLibrary">
<arg>${Add_Inistitutions}</arg>
<doc>Waits until the element ``locator`` appears on the current page.</doc>
<status status="PASS" starttime="20221129 11:01:01.236" endtime="20221129 11:01:02.173"/>
</kw>
<kw name="Click Element" library="SeleniumLibrary">
<arg>${Add_Inistitutions}</arg>
<doc>Click the element identified by ``locator``.</doc>
<msg timestamp="20221129 11:01:02.178" level="INFO">Clicking element '//div[@id='page-List/Institution/List']//button[@class='btn btn-primary btn-sm primary-action']'.</msg>
<status status="PASS" starttime="20221129 11:01:02.173" endtime="20221129 11:01:02.469"/>
</kw>
<kw name="Sleep" library="BuiltIn">
<arg>2</arg>
<doc>Pauses the test executed for the given time.</doc>
<msg timestamp="20221129 11:01:04.486" level="INFO">Slept 2 seconds</msg>
<status status="PASS" starttime="20221129 11:01:02.469" endtime="20221129 11:01:04.486"/>
</kw>
<status status="PASS" starttime="20221129 11:01:01.236" endtime="20221129 11:01:04.488"/>
</kw>
<kw name="Fill Form of Add Inistitutions" library="InistitutionsPage">
<kw name="Get File" library="OperatingSystem">
<var>${json}</var>
<arg>${EXECDIR}\\PageObjects\\TestData\\testdata.json</arg>
<doc>Returns the contents of a specified file.</doc>
<msg timestamp="20221129 11:01:04.488" level="INFO" html="true">Getting file '&lt;a href="file://C:\Users\MKhaled\CMP\PageObjects\TestData\testdata.json"&gt;C:\Users\MKhaled\CMP\PageObjects\TestData\testdata.json&lt;/a&gt;'.</msg>
<msg timestamp="20221129 11:01:04.488" level="INFO">${json} = {
  "Login": {
    "username": "mohammed.khaled@naseej.com",
    "password": "Medad@123"
  },
  "Inistitutions": [
    {
      "Institution_Code": "KdHhn-01",
      "Institution_Name": "MKhaledAutomat...</msg>
<status status="PASS" starttime="20221129 11:01:04.488" endtime="20221129 11:01:04.488"/>
</kw>
<kw name="Evaluate" library="BuiltIn">
<var>${object}</var>
<arg>json.loads('''${json}''')</arg>
<arg>json</arg>
<doc>Evaluates the given expression in Python and returns the result.</doc>
<msg timestamp="20221129 11:01:04.495" level="INFO">${object} = {'Login': {'username': 'mohammed.khaled@naseej.com', 'password': 'Medad@123'}, 'Inistitutions': [{'Institution_Code': 'KdHhn-01', 'Institution_Name': 'MKhaledAutomation', 'Website': 'http://www.goohgl...</msg>
<status status="PASS" starttime="20221129 11:01:04.488" endtime="20221129 11:01:04.495"/>
</kw>
<for flavor="IN">
<var>${object}</var>
<value>@{json}</value>
<msg timestamp="20221129 11:01:04.495" level="FAIL">Value of variable '@{json}' is not list or list-like.</msg>
<status status="FAIL" starttime="20221129 11:01:04.495" endtime="20221129 11:01:04.495"/>
</for>
<status status="FAIL" starttime="20221129 11:01:04.488" endtime="20221129 11:01:04.498"/>
</kw>
<kw name="click submit Institution Button" library="InistitutionsPage">
<status status="NOT RUN" starttime="20221129 11:01:04.498" endtime="20221129 11:01:04.498"/>
</kw>
<status status="FAIL" starttime="20221129 11:01:00.371" endtime="20221129 11:01:04.503"/>
</kw>
<kw name="closing Browser" library="common" type="TEARDOWN">
<kw name="Close Browser" library="SeleniumLibrary">
<doc>Closes the current browser.</doc>
<status status="PASS" starttime="20221129 11:01:04.508" endtime="20221129 11:01:06.758"/>
</kw>
<status status="PASS" starttime="20221129 11:01:04.503" endtime="20221129 11:01:06.758"/>
</kw>
<status status="FAIL" starttime="20221129 11:00:52.453" endtime="20221129 11:01:06.758">Value of variable '@{json}' is not list or list-like.</status>
</test>
<doc>MedadCMP Academic Structure</doc>
<status status="FAIL" starttime="20221129 11:00:33.757" endtime="20221129 11:01:06.767"/>
</suite>
<statistics>
<total>
<stat pass="0" fail="2" skip="0">All Tests</stat>
</total>
<tag>
</tag>
<suite>
<stat pass="0" fail="2" skip="0" id="s1" name="Addinistitutions">Addinistitutions</stat>
</suite>
</statistics>
<errors>
</errors>
</robot>
