<?xml version="1.0" encoding="UTF-8"?>
<robot generator="Robot 5.0.1 (Python 3.9.13 on win32)" generated="20221119 16:31:32.650" rpa="false" schemaversion="3">
<suite id="s1" name="Login" source="c:\Users\MKhaled\CMP\TestRunner\Login.robot">
<test id="s1-t1" name="Login with Valid Username &amp; Password" line="8">
<kw name="User Login" library="Login">
<arg>${username}</arg>
<arg>${password}</arg>
<kw name="Opening Browser" library="common">
<arg>${site_url}${login}</arg>
<arg>${browser}</arg>
<kw name="Open Browser" library="SeleniumLibrary">
<arg>${site_url}</arg>
<arg>${browser}</arg>
<doc>Opens a new browser instance to the optional ``url``.</doc>
<msg timestamp="20221119 16:31:33.054" level="INFO">Opening browser 'Chrome' to base url 'https://sis.medadstg.com/#login'.</msg>
<status status="PASS" starttime="20221119 16:31:33.053" endtime="20221119 16:31:37.873"/>
</kw>
<kw name="Wait Until Page Contains Element" library="SeleniumLibrary">
<arg>${Username_field}</arg>
<doc>Waits until the element ``locator`` appears on the current page.</doc>
<status status="PASS" starttime="20221119 16:31:37.874" endtime="20221119 16:31:37.887"/>
</kw>
<status status="PASS" starttime="20221119 16:31:33.053" endtime="20221119 16:31:37.888"/>
</kw>
<kw name="Maximize Browser Window" library="SeleniumLibrary">
<doc>Maximizes current browser window.</doc>
<status status="PASS" starttime="20221119 16:31:37.888" endtime="20221119 16:31:38.013"/>
</kw>
<kw name="Wait Until Page Contains Element" library="SeleniumLibrary">
<arg>${Username_field}</arg>
<doc>Waits until the element ``locator`` appears on the current page.</doc>
<status status="PASS" starttime="20221119 16:31:38.013" endtime="20221119 16:31:38.024"/>
</kw>
<kw name="Enter Username" library="Login">
<kw name="Input Text" library="SeleniumLibrary">
<arg>${Username_field}</arg>
<arg>${username}</arg>
<doc>Types the given ``text`` into the text field identified by ``locator``.</doc>
<msg timestamp="20221119 16:31:38.026" level="INFO">Typing text 'mohammed.khaled@naseej.com' into text field '//input[@id='login_email']'.</msg>
<status status="PASS" starttime="20221119 16:31:38.026" endtime="20221119 16:31:38.125"/>
</kw>
<status status="PASS" starttime="20221119 16:31:38.025" endtime="20221119 16:31:38.126"/>
</kw>
<kw name="Enter Password" library="Login">
<kw name="Input Text" library="SeleniumLibrary">
<arg>${password_field}</arg>
<arg>${password}</arg>
<doc>Types the given ``text`` into the text field identified by ``locator``.</doc>
<msg timestamp="20221119 16:31:38.128" level="INFO">Typing text 'Medad@123' into text field '//input[@id='login_password']'.</msg>
<status status="PASS" starttime="20221119 16:31:38.127" endtime="20221119 16:31:38.205"/>
</kw>
<status status="PASS" starttime="20221119 16:31:38.126" endtime="20221119 16:31:38.206"/>
</kw>
<kw name=" Click on Login button" library="Login">
<kw name="Click Element" library="SeleniumLibrary">
<arg>${Login_Button}</arg>
<doc>Click the element identified by ``locator``.</doc>
<msg timestamp="20221119 16:31:38.206" level="INFO">Clicking element '//button[@type='submit']'.</msg>
<status status="PASS" starttime="20221119 16:31:38.206" endtime="20221119 16:31:38.289"/>
</kw>
<status status="PASS" starttime="20221119 16:31:38.206" endtime="20221119 16:31:38.290"/>
</kw>
<kw name="Home page is opened Successfully" library="Login">
<kw name="Wait Until Page Contains Element" library="SeleniumLibrary">
<arg>${Success_Login}</arg>
<arg>timeout=10</arg>
<doc>Waits until the element ``locator`` appears on the current page.</doc>
<status status="PASS" starttime="20221119 16:31:38.292" endtime="20221119 16:31:40.885"/>
</kw>
<status status="PASS" starttime="20221119 16:31:38.291" endtime="20221119 16:31:40.885"/>
</kw>
<status status="PASS" starttime="20221119 16:31:33.052" endtime="20221119 16:31:40.886"/>
</kw>
<kw name="Wait Until Element Is Visible" library="SeleniumLibrary">
<arg>${Success_Login}</arg>
<arg>timeout=10</arg>
<doc>Waits until the element ``locator`` is visible.</doc>
<status status="PASS" starttime="20221119 16:31:40.886" endtime="20221119 16:31:40.951"/>
</kw>
<status status="PASS" starttime="20221119 16:31:33.051" endtime="20221119 16:31:40.952"/>
</test>
<doc>MedadCMP LoginPage</doc>
<status status="PASS" starttime="20221119 16:31:32.660" endtime="20221119 16:31:40.954"/>
</suite>
<statistics>
<total>
<stat pass="1" fail="0" skip="0">All Tests</stat>
</total>
<tag>
</tag>
<suite>
<stat pass="1" fail="0" skip="0" id="s1" name="Login">Login</stat>
</suite>
</statistics>
<errors>
</errors>
</robot>
