<?xml version="1.0" encoding="UTF-8"?>
<robot generator="Robot 5.0.1 (Python 3.9.13 on win32)" generated="20221210 23:45:42.745" rpa="false" schemaversion="3">
<suite id="s1" name="Testsrunner" source="c:\Users\MKhaled\CMP\testsrunner">
<suite id="s1-s1" name="AcademicStructureTests" source="c:\Users\MKhaled\CMP\testsrunner\AcademicStructureTests">
<suite id="s1-s1-s1" name="AcademicPrograms" source="c:\Users\MKhaled\CMP\testsrunner\AcademicStructureTests\AcademicPrograms.robot">
<test id="s1-s1-s1-t1" name="Create an Academic Program" line="12">
<kw name="Login To The ControlPanel" library="LoginPage" type="SETUP">
<kw name="Opening Browser" library="common">
<arg>${site_url}${login}</arg>
<arg>${browser}</arg>
<kw name="Open Browser" library="SeleniumLibrary">
<arg>${site_url}</arg>
<arg>${browser}</arg>
<doc>Opens a new browser instance to the optional ``url``.</doc>
<msg timestamp="20221210 23:45:44.461" level="INFO">Opening browser 'Chrome' to base url 'https://sis.medadstg.com/#login'.</msg>
<status status="PASS" starttime="20221210 23:45:44.453" endtime="20221210 23:46:02.392"/>
</kw>
<kw name="Wait Until Page Contains Element" library="SeleniumLibrary">
<arg>${Username_Locator}</arg>
<doc>Waits until the element ``locator`` appears on the current page.</doc>
<status status="PASS" starttime="20221210 23:46:02.395" endtime="20221210 23:46:02.440"/>
</kw>
<status status="PASS" starttime="20221210 23:45:44.453" endtime="20221210 23:46:02.440"/>
</kw>
<kw name="Maximize Browser Window" library="SeleniumLibrary">
<doc>Maximizes current browser window.</doc>
<status status="PASS" starttime="20221210 23:46:02.440" endtime="20221210 23:46:02.611"/>
</kw>
<kw name="Wait Until Page Contains Element" library="SeleniumLibrary">
<arg>${Username_Locator}</arg>
<doc>Waits until the element ``locator`` appears on the current page.</doc>
<status status="PASS" starttime="20221210 23:46:02.619" endtime="20221210 23:46:02.756"/>
</kw>
<kw name="Fill username &amp; password" library="LoginPage">
<kw name="Get File" library="OperatingSystem">
<var>${json}</var>
<arg>${EXECDIR}\\PageObjects\\TestData\\testdata.json</arg>
<doc>Returns the contents of a specified file.</doc>
<msg timestamp="20221210 23:46:02.765" level="INFO" html="true">Getting file '&lt;a href="file://C:\Users\MKhaled\CMP\PageObjects\TestData\testdata.json"&gt;C:\Users\MKhaled\CMP\PageObjects\TestData\testdata.json&lt;/a&gt;'.</msg>
<msg timestamp="20221210 23:46:02.777" level="INFO">${json} = {
  "Login": {
    "username": "mohammed.khaled@naseej.com",
    "password": "Medad@123"
  },
  "Inistitutions": {
    "Institution_Code": "KdHhn-01",
    "Institution_Name": "MKhaledAutomation",
    ...</msg>
<status status="PASS" starttime="20221210 23:46:02.765" endtime="20221210 23:46:02.777"/>
</kw>
<kw name="Evaluate" library="BuiltIn">
<var>${object}</var>
<arg>json.loads('''${json}''')</arg>
<arg>json</arg>
<doc>Evaluates the given expression in Python and returns the result.</doc>
<msg timestamp="20221210 23:46:02.782" level="INFO">${object} = {'Login': {'username': 'mohammed.khaled@naseej.com', 'password': 'Medad@123'}, 'Inistitutions': {'Institution_Code': 'KdHhn-01', 'Institution_Name': 'MKhaledAutomation', 'Website': 'http://www.goohgle...</msg>
<status status="PASS" starttime="20221210 23:46:02.781" endtime="20221210 23:46:02.782"/>
</kw>
<kw name="Input Text" library="SeleniumLibrary">
<arg>${Username_Locator}</arg>
<arg>${object["Login"]["username"]}</arg>
<doc>Types the given ``text`` into the text field identified by ``locator``.</doc>
<msg timestamp="20221210 23:46:02.797" level="INFO">Typing text 'mohammed.khaled@naseej.com' into text field '//input[@id='login_email']'.</msg>
<status status="PASS" starttime="20221210 23:46:02.782" endtime="20221210 23:46:03.344"/>
</kw>
<kw name="Input Text" library="SeleniumLibrary">
<arg>${password_Locator}</arg>
<arg>${object["Login"]["password"]}</arg>
<doc>Types the given ``text`` into the text field identified by ``locator``.</doc>
<msg timestamp="20221210 23:46:03.360" level="INFO">Typing text 'Medad@123' into text field '//input[@id='login_password']'.</msg>
<status status="PASS" starttime="20221210 23:46:03.344" endtime="20221210 23:46:03.628"/>
</kw>
<status status="PASS" starttime="20221210 23:46:02.756" endtime="20221210 23:46:03.628"/>
</kw>
<kw name="Click on Login button" library="LoginPage">
<kw name="Click Element" library="SeleniumLibrary">
<arg>${Login_Button}</arg>
<doc>Click the element identified by ``locator``.</doc>
<msg timestamp="20221210 23:46:03.637" level="INFO">Clicking element '//button[@type='submit']'.</msg>
<status status="PASS" starttime="20221210 23:46:03.637" endtime="20221210 23:46:03.779"/>
</kw>
<status status="PASS" starttime="20221210 23:46:03.635" endtime="20221210 23:46:03.779"/>
</kw>
<kw name="Home page is opened Successfully" library="LoginPage">
<kw name="Wait Until Page Contains Element" library="SeleniumLibrary">
<arg>${Success_Login}</arg>
<arg>timeout=10</arg>
<doc>Waits until the element ``locator`` appears on the current page.</doc>
<status status="PASS" starttime="20221210 23:46:03.779" endtime="20221210 23:46:15.941"/>
</kw>
<status status="PASS" starttime="20221210 23:46:03.779" endtime="20221210 23:46:15.943"/>
</kw>
<status status="PASS" starttime="20221210 23:45:44.453" endtime="20221210 23:46:15.943"/>
</kw>
<kw name="Navigate to Add Academic Program" library="AcademicProgramPage">
<kw name="Open the AcademicStructure page" library="common">
<kw name="Click Element" library="SeleniumLibrary">
<arg>${Academic_Structure}</arg>
<doc>Click the element identified by ``locator``.</doc>
<msg timestamp="20221210 23:46:15.960" level="INFO">Clicking element '//a[@href='/app/academic-structure']'.</msg>
<status status="PASS" starttime="20221210 23:46:15.956" endtime="20221210 23:46:16.193"/>
</kw>
<status status="PASS" starttime="20221210 23:46:15.951" endtime="20221210 23:46:16.194"/>
</kw>
<kw name="Open the Academic Program page" library="AcademicProgramPage">
<kw name="Wait Until Page Contains Element" library="SeleniumLibrary">
<arg>${Academic_Program_Link}</arg>
<doc>Waits until the element ``locator`` appears on the current page.</doc>
<status status="PASS" starttime="20221210 23:46:16.198" endtime="20221210 23:46:16.935"/>
</kw>
<kw name="Click Element" library="SeleniumLibrary">
<arg>${Academic_Program_Link}</arg>
<doc>Click the element identified by ``locator``.</doc>
<msg timestamp="20221210 23:46:16.942" level="INFO">Clicking element '//a[@href='/app/academic-program']'.</msg>
<status status="PASS" starttime="20221210 23:46:16.935" endtime="20221210 23:46:17.091"/>
</kw>
<status status="PASS" starttime="20221210 23:46:16.194" endtime="20221210 23:46:17.096"/>
</kw>
<kw name="Click button Add new Academic Program" library="AcademicProgramPage">
<kw name="Sleep" library="BuiltIn">
<arg>2</arg>
<doc>Pauses the test executed for the given time.</doc>
<msg timestamp="20221210 23:46:19.102" level="INFO">Slept 2 seconds</msg>
<status status="PASS" starttime="20221210 23:46:17.099" endtime="20221210 23:46:19.106"/>
</kw>
<kw name="Wait Until Page Contains Element" library="SeleniumLibrary">
<arg>${Add_Academic_Program}</arg>
<doc>Waits until the element ``locator`` appears on the current page.</doc>
<status status="PASS" starttime="20221210 23:46:19.106" endtime="20221210 23:46:19.255"/>
</kw>
<kw name="Click Element" library="SeleniumLibrary">
<arg>${Add_Academic_Program}</arg>
<doc>Click the element identified by ``locator``.</doc>
<msg timestamp="20221210 23:46:19.258" level="INFO">Clicking element '//*[@id='page-List/Academic Program/List']/div[1]/div/div/div[2]/div[2]/button[2]'.</msg>
<status status="PASS" starttime="20221210 23:46:19.255" endtime="20221210 23:46:20.046"/>
</kw>
<status status="PASS" starttime="20221210 23:46:17.096" endtime="20221210 23:46:20.047"/>
</kw>
<status status="PASS" starttime="20221210 23:46:15.943" endtime="20221210 23:46:20.048"/>
</kw>
<kw name="Fill out Academic Program Details" library="AcademicProgramPage">
<kw name="Get File" library="OperatingSystem">
<var>${json}</var>
<arg>${EXECDIR}\\PageObjects\\TestData\\testdata.json</arg>
<doc>Returns the contents of a specified file.</doc>
<msg timestamp="20221210 23:46:20.059" level="INFO" html="true">Getting file '&lt;a href="file://C:\Users\MKhaled\CMP\PageObjects\TestData\testdata.json"&gt;C:\Users\MKhaled\CMP\PageObjects\TestData\testdata.json&lt;/a&gt;'.</msg>
<msg timestamp="20221210 23:46:20.059" level="INFO">${json} = {
  "Login": {
    "username": "mohammed.khaled@naseej.com",
    "password": "Medad@123"
  },
  "Inistitutions": {
    "Institution_Code": "KdHhn-01",
    "Institution_Name": "MKhaledAutomation",
    ...</msg>
<status status="PASS" starttime="20221210 23:46:20.059" endtime="20221210 23:46:20.059"/>
</kw>
<kw name="Evaluate" library="BuiltIn">
<var>${object}</var>
<arg>json.loads('''${json}''')</arg>
<arg>json</arg>
<doc>Evaluates the given expression in Python and returns the result.</doc>
<msg timestamp="20221210 23:46:20.071" level="INFO">${object} = {'Login': {'username': 'mohammed.khaled@naseej.com', 'password': 'Medad@123'}, 'Inistitutions': {'Institution_Code': 'KdHhn-01', 'Institution_Name': 'MKhaledAutomation', 'Website': 'http://www.goohgle...</msg>
<status status="PASS" starttime="20221210 23:46:20.066" endtime="20221210 23:46:20.073"/>
</kw>
<kw name="Sleep" library="BuiltIn">
<arg>1</arg>
<doc>Pauses the test executed for the given time.</doc>
<msg timestamp="20221210 23:46:21.088" level="INFO">Slept 1 second</msg>
<status status="PASS" starttime="20221210 23:46:20.077" endtime="20221210 23:46:21.089"/>
</kw>
<kw name="Input Text" library="SeleniumLibrary">
<arg>${Program_Name_Locator}</arg>
<arg>${object["AcademicProgram"]["Program_Name"]}</arg>
<doc>Types the given ``text`` into the text field identified by ``locator``.</doc>
<msg timestamp="20221210 23:46:21.100" level="INFO">Typing text 'khaledAutomation' into text field '//*[@id='page-Academic Program']/div[2]/div[2]/div/div[3]/div[2]/div[1]/div[2]/div/div/div[3]/div[1]/div/div[1]/form/div[2]/div/div[2]/div[1]/input'.</msg>
<status status="PASS" starttime="20221210 23:46:21.089" endtime="20221210 23:46:21.462"/>
</kw>
<kw name="Sleep" library="BuiltIn">
<arg>1</arg>
<doc>Pauses the test executed for the given time.</doc>
<msg timestamp="20221210 23:46:22.470" level="INFO">Slept 1 second</msg>
<status status="PASS" starttime="20221210 23:46:21.462" endtime="20221210 23:46:22.470"/>
</kw>
<kw name="Input Text" library="SeleniumLibrary">
<arg>${Program_Code_Locator}</arg>
<arg>${object["AcademicProgram"]["Program_Code"]}</arg>
<doc>Types the given ``text`` into the text field identified by ``locator``.</doc>
<msg timestamp="20221210 23:46:22.495" level="INFO">Typing text 'KH147' into text field '//*[@id='page-Academic Program']/div[2]/div[2]/div/div[3]/div[2]/div[1]/div[2]/div/div/div[3]/div[1]/div/div[2]/form/div/div/div[2]/div[1]/input'.</msg>
<status status="PASS" starttime="20221210 23:46:22.470" endtime="20221210 23:46:23.091"/>
</kw>
<kw name="Select field Majaor" library="AcademicProgramPage">
<kw name="Click Element" library="SeleniumLibrary">
<arg>${Major_Locator}</arg>
<doc>Click the element identified by ``locator``.</doc>
<msg timestamp="20221210 23:46:23.095" level="INFO">Clicking element '//div[@data-fieldname='major']//div[@class='form-group']//input[@role='combobox']'.</msg>
<status status="PASS" starttime="20221210 23:46:23.095" endtime="20221210 23:46:23.315"/>
</kw>
<kw name="Sleep" library="BuiltIn">
<arg>2</arg>
<doc>Pauses the test executed for the given time.</doc>
<msg timestamp="20221210 23:46:25.324" level="INFO">Slept 2 seconds</msg>
<status status="PASS" starttime="20221210 23:46:23.318" endtime="20221210 23:46:25.324"/>
</kw>
<kw name="Wait Until Page Contains Element" library="SeleniumLibrary">
<arg>${Major_Option_Locator}</arg>
<arg>timeout=10</arg>
<doc>Waits until the element ``locator`` appears on the current page.</doc>
<status status="PASS" starttime="20221210 23:46:25.324" endtime="20221210 23:46:25.366"/>
</kw>
<kw name="Click Element" library="SeleniumLibrary">
<arg>${Major_Option_Locator}</arg>
<doc>Click the element identified by ``locator``.</doc>
<msg timestamp="20221210 23:46:25.366" level="INFO">Clicking element '//strong[normalize-space()='Accounting']'.</msg>
<status status="PASS" starttime="20221210 23:46:25.366" endtime="20221210 23:46:25.519"/>
</kw>
<status status="PASS" starttime="20221210 23:46:23.091" endtime="20221210 23:46:25.530"/>
</kw>
<kw name="Select field Education" library="AcademicProgramPage">
<kw name="Click Element" library="SeleniumLibrary">
<arg>${Education_level_Locator}</arg>
<doc>Click the element identified by ``locator``.</doc>
<msg timestamp="20221210 23:46:25.536" level="INFO">Clicking element '//div[@data-fieldname='education_level']//div[@class='form-group']//input[@role='combobox']'.</msg>
<status status="PASS" starttime="20221210 23:46:25.532" endtime="20221210 23:46:25.741"/>
</kw>
<kw name="Sleep" library="BuiltIn">
<arg>2</arg>
<doc>Pauses the test executed for the given time.</doc>
<msg timestamp="20221210 23:46:27.763" level="INFO">Slept 2 seconds</msg>
<status status="PASS" starttime="20221210 23:46:25.741" endtime="20221210 23:46:27.765"/>
</kw>
<kw name="Wait Until Page Contains Element" library="SeleniumLibrary">
<arg>${Education_level_Option_Locator}</arg>
<arg>timeout=10</arg>
<doc>Waits until the element ``locator`` appears on the current page.</doc>
<status status="PASS" starttime="20221210 23:46:27.765" endtime="20221210 23:46:27.807"/>
</kw>
<kw name="Click Element" library="SeleniumLibrary">
<arg>${Education_level_Option_Locator}</arg>
<doc>Click the element identified by ``locator``.</doc>
<msg timestamp="20221210 23:46:27.807" level="INFO">Clicking element '//p[@title='Diploma']'.</msg>
<status status="PASS" starttime="20221210 23:46:27.807" endtime="20221210 23:46:27.958"/>
</kw>
<status status="PASS" starttime="20221210 23:46:25.532" endtime="20221210 23:46:27.958"/>
</kw>
<kw name="Select field Degree" library="AcademicProgramPage">
<kw name="Click Element" library="SeleniumLibrary">
<arg>${Degree_Locator}</arg>
<doc>Click the element identified by ``locator``.</doc>
<msg timestamp="20221210 23:46:27.966" level="INFO">Clicking element '//div[@data-fieldname='degree']//div[@class='form-group']//input[@role='combobox']'.</msg>
<status status="PASS" starttime="20221210 23:46:27.966" endtime="20221210 23:46:28.138"/>
</kw>
<kw name="Sleep" library="BuiltIn">
<arg>2</arg>
<doc>Pauses the test executed for the given time.</doc>
<msg timestamp="20221210 23:46:30.149" level="INFO">Slept 2 seconds</msg>
<status status="PASS" starttime="20221210 23:46:28.138" endtime="20221210 23:46:30.149"/>
</kw>
<kw name="Wait Until Page Contains Element" library="SeleniumLibrary">
<arg>${Degree_Option_Locator}</arg>
<arg>timeout=10</arg>
<doc>Waits until the element ``locator`` appears on the current page.</doc>
<status status="PASS" starttime="20221210 23:46:30.149" endtime="20221210 23:46:30.206"/>
</kw>
<kw name="Click Element" library="SeleniumLibrary">
<arg>${Degree_Option_Locator}</arg>
<doc>Click the element identified by ``locator``.</doc>
<msg timestamp="20221210 23:46:30.214" level="INFO">Clicking element '//strong[normalize-space()='Associate Diploma']'.</msg>
<status status="PASS" starttime="20221210 23:46:30.211" endtime="20221210 23:46:30.377"/>
</kw>
<status status="PASS" starttime="20221210 23:46:27.958" endtime="20221210 23:46:30.377"/>
</kw>
<kw name="Select field Scientific Certificate" library="AcademicProgramPage">
<kw name="Click Element" library="SeleniumLibrary">
<arg>${Scientific_Certificate_Locator}</arg>
<doc>Click the element identified by ``locator``.</doc>
<msg timestamp="20221210 23:46:30.377" level="INFO">Clicking element '//div[@data-fieldname='scientific_certificate']//input[@role='combobox']'.</msg>
<status status="PASS" starttime="20221210 23:46:30.377" endtime="20221210 23:46:30.540"/>
</kw>
<kw name="Sleep" library="BuiltIn">
<arg>2</arg>
<doc>Pauses the test executed for the given time.</doc>
<msg timestamp="20221210 23:46:32.559" level="INFO">Slept 2 seconds</msg>
<status status="PASS" starttime="20221210 23:46:30.540" endtime="20221210 23:46:32.561"/>
</kw>
<kw name="Wait Until Page Contains Element" library="SeleniumLibrary">
<arg>${Scientific_Certificate_Option_Locator}</arg>
<arg>timeout=10</arg>
<doc>Waits until the element ``locator`` appears on the current page.</doc>
<status status="PASS" starttime="20221210 23:46:32.562" endtime="20221210 23:46:32.599"/>
</kw>
<kw name="Click Element" library="SeleniumLibrary">
<arg>${Scientific_Certificate_Option_Locator}</arg>
<doc>Click the element identified by ``locator``.</doc>
<msg timestamp="20221210 23:46:32.599" level="INFO">Clicking element '//strong[normalize-space()='ScientificCertificate1']'.</msg>
<status status="PASS" starttime="20221210 23:46:32.599" endtime="20221210 23:46:32.739"/>
</kw>
<status status="PASS" starttime="20221210 23:46:30.377" endtime="20221210 23:46:32.739"/>
</kw>
<kw name="Select field Ownership" library="AcademicProgramPage">
<kw name="Click Element" library="SeleniumLibrary">
<arg>${Add_Ownership_Button}</arg>
<doc>Click the element identified by ``locator``.</doc>
<msg timestamp="20221210 23:46:32.746" level="INFO">Clicking element '//div[@data-fieldname='offerings']//button[@class='btn btn-xs btn-secondary grid-add-row']'.</msg>
<status status="PASS" starttime="20221210 23:46:32.746" endtime="20221210 23:46:32.975"/>
</kw>
<kw name="Wait Until Page Contains Element" library="SeleniumLibrary">
<arg>${Ownership_Campus_Locator}</arg>
<doc>Waits until the element ``locator`` appears on the current page.</doc>
<status status="PASS" starttime="20221210 23:46:32.975" endtime="20221210 23:46:33.031"/>
</kw>
<kw name="Click Element" library="SeleniumLibrary">
<arg>${Ownership_Campus_Locator}</arg>
<doc>Click the element identified by ``locator``.</doc>
<msg timestamp="20221210 23:46:33.031" level="INFO">Clicking element '//div[@class='col grid-static-col col-xs-4 error bold']'.</msg>
<status status="PASS" starttime="20221210 23:46:33.031" endtime="20221210 23:46:33.480"/>
</kw>
<kw name="Sleep" library="BuiltIn">
<arg>2</arg>
<doc>Pauses the test executed for the given time.</doc>
<msg timestamp="20221210 23:46:35.490" level="INFO">Slept 2 seconds</msg>
<status status="PASS" starttime="20221210 23:46:33.480" endtime="20221210 23:46:35.492"/>
</kw>
<kw name="Wait Until Page Contains Element" library="SeleniumLibrary">
<arg>${Ownership_Campus__Option_Locator}</arg>
<arg>timeout=10</arg>
<doc>Waits until the element ``locator`` appears on the current page.</doc>
<status status="PASS" starttime="20221210 23:46:35.492" endtime="20221210 23:46:35.562"/>
</kw>
<kw name="Click Element" library="SeleniumLibrary">
<arg>${Ownership_Campus__Option_Locator}</arg>
<doc>Click the element identified by ``locator``.</doc>
<msg timestamp="20221210 23:46:35.562" level="INFO">Clicking element '//li[@aria-selected='true']//p[@title='Arar']'.</msg>
<status status="PASS" starttime="20221210 23:46:35.562" endtime="20221210 23:46:35.749"/>
</kw>
<kw name="Wait Until Page Contains Element" library="SeleniumLibrary">
<arg>${Ownership_College_Locator}</arg>
<arg>timeout=10</arg>
<doc>Waits until the element ``locator`` appears on the current page.</doc>
<status status="PASS" starttime="20221210 23:46:35.749" endtime="20221210 23:46:35.798"/>
</kw>
<kw name="Click Element" library="SeleniumLibrary">
<arg>${Ownership_College_Locator}</arg>
<doc>Click the element identified by ``locator``.</doc>
<msg timestamp="20221210 23:46:35.800" level="INFO">Clicking element '//input[@placeholder='College']'.</msg>
<status status="PASS" starttime="20221210 23:46:35.799" endtime="20221210 23:46:35.985"/>
</kw>
<kw name="Sleep" library="BuiltIn">
<arg>2</arg>
<doc>Pauses the test executed for the given time.</doc>
<msg timestamp="20221210 23:46:37.997" level="INFO">Slept 2 seconds</msg>
<status status="PASS" starttime="20221210 23:46:35.988" endtime="20221210 23:46:37.997"/>
</kw>
<kw name="Wait Until Page Contains Element" library="SeleniumLibrary">
<arg>${Ownership_College_Option_Locator}</arg>
<arg>timeout=10</arg>
<doc>Waits until the element ``locator`` appears on the current page.</doc>
<status status="PASS" starttime="20221210 23:46:37.997" endtime="20221210 23:46:38.038"/>
</kw>
<kw name="Click Element" library="SeleniumLibrary">
<arg>${Ownership_College_Option_Locator}</arg>
<doc>Click the element identified by ``locator``.</doc>
<msg timestamp="20221210 23:46:38.038" level="INFO">Clicking element '//strong[normalize-space()='College of Applied Medical Sciences']'.</msg>
<status status="PASS" starttime="20221210 23:46:38.038" endtime="20221210 23:46:38.202"/>
</kw>
<kw name="Wait Until Page Contains Element" library="SeleniumLibrary">
<arg>${Ownership_Department_Locator}</arg>
<arg>timeout=10</arg>
<doc>Waits until the element ``locator`` appears on the current page.</doc>
<status status="PASS" starttime="20221210 23:46:38.203" endtime="20221210 23:46:38.243"/>
</kw>
<kw name="Click Element" library="SeleniumLibrary">
<arg>${Ownership_Department_Locator}</arg>
<doc>Click the element identified by ``locator``.</doc>
<msg timestamp="20221210 23:46:38.251" level="INFO">Clicking element '//input[@placeholder='Department']'.</msg>
<status status="PASS" starttime="20221210 23:46:38.251" endtime="20221210 23:46:38.397"/>
</kw>
<kw name="Sleep" library="BuiltIn">
<arg>2</arg>
<doc>Pauses the test executed for the given time.</doc>
<msg timestamp="20221210 23:46:40.408" level="INFO">Slept 2 seconds</msg>
<status status="PASS" starttime="20221210 23:46:38.405" endtime="20221210 23:46:40.408"/>
</kw>
<kw name="Wait Until Page Contains Element" library="SeleniumLibrary">
<arg>${Ownership_Department_Option_Locator}</arg>
<arg>timeout=10</arg>
<doc>Waits until the element ``locator`` appears on the current page.</doc>
<msg timestamp="20221210 23:46:50.813" level="INFO" html="true">&lt;/td&gt;&lt;/tr&gt;&lt;tr&gt;&lt;td colspan="3"&gt;&lt;a href="selenium-screenshot-29.png"&gt;&lt;img src="selenium-screenshot-29.png" width="800px"&gt;&lt;/a&gt;</msg>
<msg timestamp="20221210 23:46:50.821" level="FAIL">Element '//li[@aria-selected='true']//p[@title='Clinical Nutrition']' did not appear in 10 seconds.</msg>
<status status="FAIL" starttime="20221210 23:46:40.408" endtime="20221210 23:46:50.833"/>
</kw>
<kw name="Click Element" library="SeleniumLibrary">
<arg>${Ownership_Department_Option_Locator}</arg>
<doc>Click the element identified by ``locator``.</doc>
<status status="NOT RUN" starttime="20221210 23:46:50.838" endtime="20221210 23:46:50.839"/>
</kw>
<kw name="Sleep" library="BuiltIn">
<arg>1</arg>
<doc>Pauses the test executed for the given time.</doc>
<status status="NOT RUN" starttime="20221210 23:46:50.839" endtime="20221210 23:46:50.839"/>
</kw>
<status status="FAIL" starttime="20221210 23:46:32.739" endtime="20221210 23:46:50.845"/>
</kw>
<kw name="Select the Academic Program Gender" library="AcademicProgramPage">
<status status="NOT RUN" starttime="20221210 23:46:50.845" endtime="20221210 23:46:50.845"/>
</kw>
<kw name="Fill Total Credit Hours" library="AcademicProgramPage">
<status status="NOT RUN" starttime="20221210 23:46:50.845" endtime="20221210 23:46:50.845"/>
</kw>
<kw name="Fill Current capacity" library="AcademicProgramPage">
<status status="NOT RUN" starttime="20221210 23:46:50.845" endtime="20221210 23:46:50.845"/>
</kw>
<kw name="Fill myField" library="AcademicProgramPage">
<status status="NOT RUN" starttime="20221210 23:46:50.845" endtime="20221210 23:46:50.845"/>
</kw>
<kw name="Select Camp" library="AcademicProgramPage">
<status status="NOT RUN" starttime="20221210 23:46:50.845" endtime="20221210 23:46:50.845"/>
</kw>
<status status="FAIL" starttime="20221210 23:46:20.055" endtime="20221210 23:46:50.845"/>
</kw>
<kw name="Submit Academic Program Form" library="AcademicProgramPage">
<status status="NOT RUN" starttime="20221210 23:46:50.853" endtime="20221210 23:46:50.853"/>
</kw>
<kw name="Successfully Messages Appears After Submitting" library="common">
<status status="NOT RUN" starttime="20221210 23:46:50.861" endtime="20221210 23:46:50.861"/>
</kw>
<kw name="closing Browser" library="common" type="TEARDOWN">
<kw name="Close Browser" library="SeleniumLibrary">
<doc>Closes the current browser.</doc>
<status status="PASS" starttime="20221210 23:46:50.870" endtime="20221210 23:46:53.580"/>
</kw>
<status status="PASS" starttime="20221210 23:46:50.870" endtime="20221210 23:46:53.580"/>
</kw>
<status status="FAIL" starttime="20221210 23:45:44.444" endtime="20221210 23:46:53.580">Element '//li[@aria-selected='true']//p[@title='Clinical Nutrition']' did not appear in 10 seconds.</status>
</test>
<doc>MedadCMP Academic Structure</doc>
<status status="FAIL" starttime="20221210 23:45:42.929" endtime="20221210 23:46:53.590"/>
</suite>
<suite id="s1-s1-s2" name="Campuses" source="c:\Users\MKhaled\CMP\testsrunner\AcademicStructureTests\Campuses.robot">
<test id="s1-s1-s2-t1" name="Create a Campus" line="12">
<kw name="Login To The ControlPanel" library="LoginPage" type="SETUP">
<kw name="Opening Browser" library="common">
<arg>${site_url}${login}</arg>
<arg>${browser}</arg>
<kw name="Open Browser" library="SeleniumLibrary">
<arg>${site_url}</arg>
<arg>${browser}</arg>
<doc>Opens a new browser instance to the optional ``url``.</doc>
<msg timestamp="20221210 23:46:53.899" level="INFO">Opening browser 'Chrome' to base url 'https://sis.medadstg.com/#login'.</msg>
<status status="PASS" starttime="20221210 23:46:53.891" endtime="20221210 23:47:12.694"/>
</kw>
<kw name="Wait Until Page Contains Element" library="SeleniumLibrary">
<arg>${Username_Locator}</arg>
<doc>Waits until the element ``locator`` appears on the current page.</doc>
<status status="PASS" starttime="20221210 23:47:12.694" endtime="20221210 23:47:12.747"/>
</kw>
<status status="PASS" starttime="20221210 23:46:53.883" endtime="20221210 23:47:12.748"/>
</kw>
<kw name="Maximize Browser Window" library="SeleniumLibrary">
<doc>Maximizes current browser window.</doc>
<status status="PASS" starttime="20221210 23:47:12.749" endtime="20221210 23:47:12.986"/>
</kw>
<kw name="Wait Until Page Contains Element" library="SeleniumLibrary">
<arg>${Username_Locator}</arg>
<doc>Waits until the element ``locator`` appears on the current page.</doc>
<status status="PASS" starttime="20221210 23:47:12.986" endtime="20221210 23:47:13.081"/>
</kw>
<kw name="Fill username &amp; password" library="LoginPage">
<kw name="Get File" library="OperatingSystem">
<var>${json}</var>
<arg>${EXECDIR}\\PageObjects\\TestData\\testdata.json</arg>
<doc>Returns the contents of a specified file.</doc>
<msg timestamp="20221210 23:47:13.083" level="INFO" html="true">Getting file '&lt;a href="file://C:\Users\MKhaled\CMP\PageObjects\TestData\testdata.json"&gt;C:\Users\MKhaled\CMP\PageObjects\TestData\testdata.json&lt;/a&gt;'.</msg>
<msg timestamp="20221210 23:47:13.094" level="INFO">${json} = {
  "Login": {
    "username": "mohammed.khaled@naseej.com",
    "password": "Medad@123"
  },
  "Inistitutions": {
    "Institution_Code": "KdHhn-01",
    "Institution_Name": "MKhaledAutomation",
    ...</msg>
<status status="PASS" starttime="20221210 23:47:13.083" endtime="20221210 23:47:13.094"/>
</kw>
<kw name="Evaluate" library="BuiltIn">
<var>${object}</var>
<arg>json.loads('''${json}''')</arg>
<arg>json</arg>
<doc>Evaluates the given expression in Python and returns the result.</doc>
<msg timestamp="20221210 23:47:13.100" level="INFO">${object} = {'Login': {'username': 'mohammed.khaled@naseej.com', 'password': 'Medad@123'}, 'Inistitutions': {'Institution_Code': 'KdHhn-01', 'Institution_Name': 'MKhaledAutomation', 'Website': 'http://www.goohgle...</msg>
<status status="PASS" starttime="20221210 23:47:13.094" endtime="20221210 23:47:13.100"/>
</kw>
<kw name="Input Text" library="SeleniumLibrary">
<arg>${Username_Locator}</arg>
<arg>${object["Login"]["username"]}</arg>
<doc>Types the given ``text`` into the text field identified by ``locator``.</doc>
<msg timestamp="20221210 23:47:13.109" level="INFO">Typing text 'mohammed.khaled@naseej.com' into text field '//input[@id='login_email']'.</msg>
<status status="PASS" starttime="20221210 23:47:13.100" endtime="20221210 23:47:13.651"/>
</kw>
<kw name="Input Text" library="SeleniumLibrary">
<arg>${password_Locator}</arg>
<arg>${object["Login"]["password"]}</arg>
<doc>Types the given ``text`` into the text field identified by ``locator``.</doc>
<msg timestamp="20221210 23:47:13.659" level="INFO">Typing text 'Medad@123' into text field '//input[@id='login_password']'.</msg>
<status status="PASS" starttime="20221210 23:47:13.651" endtime="20221210 23:47:13.894"/>
</kw>
<status status="PASS" starttime="20221210 23:47:13.083" endtime="20221210 23:47:13.902"/>
</kw>
<kw name="Click on Login button" library="LoginPage">
<kw name="Click Element" library="SeleniumLibrary">
<arg>${Login_Button}</arg>
<doc>Click the element identified by ``locator``.</doc>
<msg timestamp="20221210 23:47:13.910" level="INFO">Clicking element '//button[@type='submit']'.</msg>
<status status="PASS" starttime="20221210 23:47:13.902" endtime="20221210 23:47:14.037"/>
</kw>
<status status="PASS" starttime="20221210 23:47:13.902" endtime="20221210 23:47:14.040"/>
</kw>
<kw name="Home page is opened Successfully" library="LoginPage">
<kw name="Wait Until Page Contains Element" library="SeleniumLibrary">
<arg>${Success_Login}</arg>
<arg>timeout=10</arg>
<doc>Waits until the element ``locator`` appears on the current page.</doc>
<status status="PASS" starttime="20221210 23:47:14.048" endtime="20221210 23:47:21.346"/>
</kw>
<status status="PASS" starttime="20221210 23:47:14.040" endtime="20221210 23:47:21.346"/>
</kw>
<status status="PASS" starttime="20221210 23:46:53.859" endtime="20221210 23:47:21.346"/>
</kw>
<kw name="Navigate to Add Campuses" library="CampusesPage">
<kw name="Open the AcademicStructure page" library="common">
<kw name="Click Element" library="SeleniumLibrary">
<arg>${Academic_Structure}</arg>
<doc>Click the element identified by ``locator``.</doc>
<msg timestamp="20221210 23:47:21.362" level="INFO">Clicking element '//a[@href='/app/academic-structure']'.</msg>
<status status="PASS" starttime="20221210 23:47:21.354" endtime="20221210 23:47:21.646"/>
</kw>
<status status="PASS" starttime="20221210 23:47:21.354" endtime="20221210 23:47:21.646"/>
</kw>
<kw name="Open the Cumpuses page" library="CampusesPage">
<kw name="Wait Until Page Contains Element" library="SeleniumLibrary">
<arg>${Campuses_Link}</arg>
<doc>Waits until the element ``locator`` appears on the current page.</doc>
<status status="PASS" starttime="20221210 23:47:21.654" endtime="20221210 23:47:22.207"/>
</kw>
<kw name="Click Element" library="SeleniumLibrary">
<arg>${Campuses_Link}</arg>
<doc>Click the element identified by ``locator``.</doc>
<msg timestamp="20221210 23:47:22.215" level="INFO">Clicking element '//a[@href='/app/campus']'.</msg>
<status status="PASS" starttime="20221210 23:47:22.215" endtime="20221210 23:47:22.406"/>
</kw>
<status status="PASS" starttime="20221210 23:47:21.654" endtime="20221210 23:47:22.410"/>
</kw>
<kw name="Click button Add new campuses" library="CampusesPage">
<kw name="Wait Until Page Contains Element" library="SeleniumLibrary">
<arg>${Add_Campuses}</arg>
<arg>timeout=10</arg>
<doc>Waits until the element ``locator`` appears on the current page.</doc>
<status status="PASS" starttime="20221210 23:47:22.410" endtime="20221210 23:47:23.082"/>
</kw>
<kw name="Click Element" library="SeleniumLibrary">
<arg>${Add_Campuses}</arg>
<doc>Click the element identified by ``locator``.</doc>
<msg timestamp="20221210 23:47:23.087" level="INFO">Clicking element '//span[@data-label='Add%20Campus']'.</msg>
<msg timestamp="20221210 23:47:24.135" level="INFO" html="true">&lt;/td&gt;&lt;/tr&gt;&lt;tr&gt;&lt;td colspan="3"&gt;&lt;a href="selenium-screenshot-30.png"&gt;&lt;img src="selenium-screenshot-30.png" width="800px"&gt;&lt;/a&gt;</msg>
<msg timestamp="20221210 23:47:24.138" level="FAIL">StaleElementReferenceException: Message: stale element reference: element is not attached to the page document
  (Session info: chrome=108.0.5359.94)
Stacktrace:
Backtrace:
	(No symbol) [0x004EF243]
	(No symbol) [0x00477FD1]
	(No symbol) [0x0036D04D]
	(No symbol) [0x0036FD34]
	(No symbol) [0x0036FBE5]
	(No symbol) [0x0036FE80]
	(No symbol) [0x003A021C]
	(No symbol) [0x0039E4CB]
	(No symbol) [0x0039D164]
	(No symbol) [0x003932A6]
	(No symbol) [0x003B858C]
	(No symbol) [0x00392BFF]
	(No symbol) [0x003B8804]
	(No symbol) [0x003CC9EB]
	(No symbol) [0x003B8386]
	(No symbol) [0x0039163C]
	(No symbol) [0x0039269D]
	GetHandleVerifier [0x00789A22+2655074]
	GetHandleVerifier [0x0077CA24+2601828]
	GetHandleVerifier [0x00598C0A+619850]
	GetHandleVerifier [0x00597830+614768]
	(No symbol) [0x004805FC]
	(No symbol) [0x00485968]
	(No symbol) [0x00485A55]
	(No symbol) [0x0049051B]
	BaseThreadInitThunk [0x76D37BA9+25]
	RtlInitializeExceptionChain [0x77E4BB9B+107]
	RtlClearBits [0x77E4BB1F+191]
</msg>
<status status="FAIL" starttime="20221210 23:47:23.085" endtime="20221210 23:47:24.150"/>
</kw>
<status status="FAIL" starttime="20221210 23:47:22.410" endtime="20221210 23:47:24.160"/>
</kw>
<status status="FAIL" starttime="20221210 23:47:21.354" endtime="20221210 23:47:24.169"/>
</kw>
<kw name="Fill out campuses Details" library="CampusesPage">
<status status="NOT RUN" starttime="20221210 23:47:24.170" endtime="20221210 23:47:24.174"/>
</kw>
<kw name="Submit Campus Form" library="CampusesPage">
<status status="NOT RUN" starttime="20221210 23:47:24.174" endtime="20221210 23:47:24.178"/>
</kw>
<kw name="Successfully Messages Appears After Submitting" library="common">
<status status="NOT RUN" starttime="20221210 23:47:24.183" endtime="20221210 23:47:24.183"/>
</kw>
<kw name="closing Browser" library="common" type="TEARDOWN">
<kw name="Close Browser" library="SeleniumLibrary">
<doc>Closes the current browser.</doc>
<status status="PASS" starttime="20221210 23:47:24.194" endtime="20221210 23:47:26.729"/>
</kw>
<status status="PASS" starttime="20221210 23:47:24.191" endtime="20221210 23:47:26.729"/>
</kw>
<status status="FAIL" starttime="20221210 23:46:53.848" endtime="20221210 23:47:26.736">StaleElementReferenceException: Message: stale element reference: element is not attached to the page document
  (Session info: chrome=108.0.5359.94)
Stacktrace:
Backtrace:
	(No symbol) [0x004EF243]
	(No symbol) [0x00477FD1]
	(No symbol) [0x0036D04D]
	(No symbol) [0x0036FD34]
	(No symbol) [0x0036FBE5]
	(No symbol) [0x0036FE80]
	(No symbol) [0x003A021C]
	(No symbol) [0x0039E4CB]
	(No symbol) [0x0039D164]
	(No symbol) [0x003932A6]
	(No symbol) [0x003B858C]
	(No symbol) [0x00392BFF]
	(No symbol) [0x003B8804]
	(No symbol) [0x003CC9EB]
	(No symbol) [0x003B8386]
	(No symbol) [0x0039163C]
	(No symbol) [0x0039269D]
	GetHandleVerifier [0x00789A22+2655074]
	GetHandleVerifier [0x0077CA24+2601828]
	GetHandleVerifier [0x00598C0A+619850]
	GetHandleVerifier [0x00597830+614768]
	(No symbol) [0x004805FC]
	(No symbol) [0x00485968]
	(No symbol) [0x00485A55]
	(No symbol) [0x0049051B]
	BaseThreadInitThunk [0x76D37BA9+25]
	RtlInitializeExceptionChain [0x77E4BB9B+107]
	RtlClearBits [0x77E4BB1F+191]
</status>
</test>
<doc>MedadCMP Academic Structure</doc>
<status status="FAIL" starttime="20221210 23:46:53.602" endtime="20221210 23:47:26.749"/>
</suite>
<suite id="s1-s1-s3" name="Colleges" source="c:\Users\MKhaled\CMP\testsrunner\AcademicStructureTests\Colleges.robot">
<test id="s1-s1-s3-t1" name="Create a College" line="12">
<kw name="Login To The ControlPanel" library="LoginPage" type="SETUP">
<kw name="Opening Browser" library="common">
<arg>${site_url}${login}</arg>
<arg>${browser}</arg>
<kw name="Open Browser" library="SeleniumLibrary">
<arg>${site_url}</arg>
<arg>${browser}</arg>
<doc>Opens a new browser instance to the optional ``url``.</doc>
<msg timestamp="20221210 23:47:26.836" level="INFO">Opening browser 'Chrome' to base url 'https://sis.medadstg.com/#login'.</msg>
<status status="PASS" starttime="20221210 23:47:26.836" endtime="20221210 23:47:33.157"/>
</kw>
<kw name="Wait Until Page Contains Element" library="SeleniumLibrary">
<arg>${Username_Locator}</arg>
<doc>Waits until the element ``locator`` appears on the current page.</doc>
<status status="PASS" starttime="20221210 23:47:33.159" endtime="20221210 23:47:33.226"/>
</kw>
<status status="PASS" starttime="20221210 23:47:26.836" endtime="20221210 23:47:33.228"/>
</kw>
<kw name="Maximize Browser Window" library="SeleniumLibrary">
<doc>Maximizes current browser window.</doc>
<status status="PASS" starttime="20221210 23:47:33.229" endtime="20221210 23:47:33.662"/>
</kw>
<kw name="Wait Until Page Contains Element" library="SeleniumLibrary">
<arg>${Username_Locator}</arg>
<doc>Waits until the element ``locator`` appears on the current page.</doc>
<status status="PASS" starttime="20221210 23:47:33.662" endtime="20221210 23:47:33.720"/>
</kw>
<kw name="Fill username &amp; password" library="LoginPage">
<kw name="Get File" library="OperatingSystem">
<var>${json}</var>
<arg>${EXECDIR}\\PageObjects\\TestData\\testdata.json</arg>
<doc>Returns the contents of a specified file.</doc>
<msg timestamp="20221210 23:47:33.727" level="INFO" html="true">Getting file '&lt;a href="file://C:\Users\MKhaled\CMP\PageObjects\TestData\testdata.json"&gt;C:\Users\MKhaled\CMP\PageObjects\TestData\testdata.json&lt;/a&gt;'.</msg>
<msg timestamp="20221210 23:47:33.727" level="INFO">${json} = {
  "Login": {
    "username": "mohammed.khaled@naseej.com",
    "password": "Medad@123"
  },
  "Inistitutions": {
    "Institution_Code": "KdHhn-01",
    "Institution_Name": "MKhaledAutomation",
    ...</msg>
<status status="PASS" starttime="20221210 23:47:33.727" endtime="20221210 23:47:33.727"/>
</kw>
<kw name="Evaluate" library="BuiltIn">
<var>${object}</var>
<arg>json.loads('''${json}''')</arg>
<arg>json</arg>
<doc>Evaluates the given expression in Python and returns the result.</doc>
<msg timestamp="20221210 23:47:33.736" level="INFO">${object} = {'Login': {'username': 'mohammed.khaled@naseej.com', 'password': 'Medad@123'}, 'Inistitutions': {'Institution_Code': 'KdHhn-01', 'Institution_Name': 'MKhaledAutomation', 'Website': 'http://www.goohgle...</msg>
<status status="PASS" starttime="20221210 23:47:33.727" endtime="20221210 23:47:33.736"/>
</kw>
<kw name="Input Text" library="SeleniumLibrary">
<arg>${Username_Locator}</arg>
<arg>${object["Login"]["username"]}</arg>
<doc>Types the given ``text`` into the text field identified by ``locator``.</doc>
<msg timestamp="20221210 23:47:33.749" level="INFO">Typing text 'mohammed.khaled@naseej.com' into text field '//input[@id='login_email']'.</msg>
<status status="PASS" starttime="20221210 23:47:33.739" endtime="20221210 23:47:34.101"/>
</kw>
<kw name="Input Text" library="SeleniumLibrary">
<arg>${password_Locator}</arg>
<arg>${object["Login"]["password"]}</arg>
<doc>Types the given ``text`` into the text field identified by ``locator``.</doc>
<msg timestamp="20221210 23:47:34.118" level="INFO">Typing text 'Medad@123' into text field '//input[@id='login_password']'.</msg>
<status status="PASS" starttime="20221210 23:47:34.101" endtime="20221210 23:47:34.444"/>
</kw>
<status status="PASS" starttime="20221210 23:47:33.720" endtime="20221210 23:47:34.444"/>
</kw>
<kw name="Click on Login button" library="LoginPage">
<kw name="Click Element" library="SeleniumLibrary">
<arg>${Login_Button}</arg>
<doc>Click the element identified by ``locator``.</doc>
<msg timestamp="20221210 23:47:34.454" level="INFO">Clicking element '//button[@type='submit']'.</msg>
<status status="PASS" starttime="20221210 23:47:34.444" endtime="20221210 23:47:34.614"/>
</kw>
<status status="PASS" starttime="20221210 23:47:34.444" endtime="20221210 23:47:34.615"/>
</kw>
<kw name="Home page is opened Successfully" library="LoginPage">
<kw name="Wait Until Page Contains Element" library="SeleniumLibrary">
<arg>${Success_Login}</arg>
<arg>timeout=10</arg>
<doc>Waits until the element ``locator`` appears on the current page.</doc>
<status status="PASS" starttime="20221210 23:47:34.616" endtime="20221210 23:47:40.539"/>
</kw>
<status status="PASS" starttime="20221210 23:47:34.616" endtime="20221210 23:47:40.539"/>
</kw>
<status status="PASS" starttime="20221210 23:47:26.828" endtime="20221210 23:47:40.539"/>
</kw>
<kw name="Navigate to Add College" library="CollegesPage">
<kw name="Open the AcademicStructure page" library="common">
<kw name="Click Element" library="SeleniumLibrary">
<arg>${Academic_Structure}</arg>
<doc>Click the element identified by ``locator``.</doc>
<msg timestamp="20221210 23:47:40.556" level="INFO">Clicking element '//a[@href='/app/academic-structure']'.</msg>
<status status="PASS" starttime="20221210 23:47:40.553" endtime="20221210 23:47:40.887"/>
</kw>
<status status="PASS" starttime="20221210 23:47:40.549" endtime="20221210 23:47:40.887"/>
</kw>
<kw name="Open the Colleges page" library="CollegesPage">
<kw name="Wait Until Page Contains Element" library="SeleniumLibrary">
<arg>${College_Link}</arg>
<doc>Waits until the element ``locator`` appears on the current page.</doc>
<status status="PASS" starttime="20221210 23:47:40.893" endtime="20221210 23:47:41.510"/>
</kw>
<kw name="Click Element" library="SeleniumLibrary">
<arg>${College_Link}</arg>
<doc>Click the element identified by ``locator``.</doc>
<msg timestamp="20221210 23:47:41.510" level="INFO">Clicking element '//a[@href='/app/college']'.</msg>
<status status="PASS" starttime="20221210 23:47:41.510" endtime="20221210 23:47:41.772"/>
</kw>
<status status="PASS" starttime="20221210 23:47:40.891" endtime="20221210 23:47:41.772"/>
</kw>
<kw name="Click add colleges button" library="CollegesPage">
<kw name="Sleep" library="BuiltIn">
<arg>2</arg>
<doc>Pauses the test executed for the given time.</doc>
<msg timestamp="20221210 23:47:43.783" level="INFO">Slept 2 seconds</msg>
<status status="PASS" starttime="20221210 23:47:41.772" endtime="20221210 23:47:43.784"/>
</kw>
<kw name="Wait Until Page Contains Element" library="SeleniumLibrary">
<arg>${Add_College}</arg>
<arg>timeout=10</arg>
<doc>Waits until the element ``locator`` appears on the current page.</doc>
<status status="PASS" starttime="20221210 23:47:43.784" endtime="20221210 23:47:43.823"/>
</kw>
<kw name="Click Element" library="SeleniumLibrary">
<arg>${Add_College}</arg>
<doc>Click the element identified by ``locator``.</doc>
<msg timestamp="20221210 23:47:43.823" level="INFO">Clicking element '//span[@data-label='Add%20College']'.</msg>
<status status="PASS" starttime="20221210 23:47:43.823" endtime="20221210 23:47:44.499"/>
</kw>
<status status="PASS" starttime="20221210 23:47:41.772" endtime="20221210 23:47:44.499"/>
</kw>
<status status="PASS" starttime="20221210 23:47:40.539" endtime="20221210 23:47:44.503"/>
</kw>
<kw name="Fill out Colleges Details" library="CollegesPage">
<kw name="Sleep" library="BuiltIn">
<arg>1</arg>
<doc>Pauses the test executed for the given time.</doc>
<msg timestamp="20221210 23:47:45.510" level="INFO">Slept 1 second</msg>
<status status="PASS" starttime="20221210 23:47:44.507" endtime="20221210 23:47:45.515"/>
</kw>
<kw name="Get File" library="OperatingSystem">
<var>${json}</var>
<arg>${EXECDIR}\\PageObjects\\TestData\\testdata.json</arg>
<doc>Returns the contents of a specified file.</doc>
<msg timestamp="20221210 23:47:45.519" level="INFO" html="true">Getting file '&lt;a href="file://C:\Users\MKhaled\CMP\PageObjects\TestData\testdata.json"&gt;C:\Users\MKhaled\CMP\PageObjects\TestData\testdata.json&lt;/a&gt;'.</msg>
<msg timestamp="20221210 23:47:45.521" level="INFO">${json} = {
  "Login": {
    "username": "mohammed.khaled@naseej.com",
    "password": "Medad@123"
  },
  "Inistitutions": {
    "Institution_Code": "KdHhn-01",
    "Institution_Name": "MKhaledAutomation",
    ...</msg>
<status status="PASS" starttime="20221210 23:47:45.517" endtime="20221210 23:47:45.521"/>
</kw>
<kw name="Evaluate" library="BuiltIn">
<var>${object}</var>
<arg>json.loads('''${json}''')</arg>
<arg>json</arg>
<doc>Evaluates the given expression in Python and returns the result.</doc>
<msg timestamp="20221210 23:47:45.526" level="INFO">${object} = {'Login': {'username': 'mohammed.khaled@naseej.com', 'password': 'Medad@123'}, 'Inistitutions': {'Institution_Code': 'KdHhn-01', 'Institution_Name': 'MKhaledAutomation', 'Website': 'http://www.goohgle...</msg>
<status status="PASS" starttime="20221210 23:47:45.524" endtime="20221210 23:47:45.529"/>
</kw>
<kw name="Input Text" library="SeleniumLibrary">
<arg>${College_Name_Locator}</arg>
<arg>${object["Colleges"]["College_Name"]}</arg>
<doc>Types the given ``text`` into the text field identified by ``locator``.</doc>
<msg timestamp="20221210 23:47:45.543" level="INFO">Typing text 'mokhaledAutomation3' into text field '//input[@data-fieldname='college_name'][@data-doctype='College']'.</msg>
<status status="PASS" starttime="20221210 23:47:45.531" endtime="20221210 23:47:45.986"/>
</kw>
<kw name="Input Text" library="SeleniumLibrary">
<arg>${College_Code_Locator}</arg>
<arg>${object["Colleges"]["College_Code"]}</arg>
<doc>Types the given ``text`` into the text field identified by ``locator``.</doc>
<msg timestamp="20221210 23:47:45.995" level="INFO">Typing text '21211' into text field '//input[@data-fieldname='college_code'][@data-doctype='College']'.</msg>
<status status="PASS" starttime="20221210 23:47:45.986" endtime="20221210 23:47:46.356"/>
</kw>
<kw name="Select field Establishment Date" library="CollegesPage">
<kw name="Click Element" library="SeleniumLibrary">
<arg>${Establishment_date_Locator}</arg>
<doc>Click the element identified by ``locator``.</doc>
<msg timestamp="20221210 23:47:46.365" level="INFO">Clicking element '//input[@data-fieldname='establishment_date']'.</msg>
<status status="PASS" starttime="20221210 23:47:46.363" endtime="20221210 23:47:46.610"/>
</kw>
<kw name="Wait Until Page Contains Element" library="SeleniumLibrary">
<arg>${Establishment_date}</arg>
<doc>Waits until the element ``locator`` appears on the current page.</doc>
<status status="PASS" starttime="20221210 23:47:46.613" endtime="20221210 23:47:46.684"/>
</kw>
<kw name="Click Element" library="SeleniumLibrary">
<arg>${Establishment_date}</arg>
<doc>Click the element identified by ``locator``.</doc>
<msg timestamp="20221210 23:47:46.684" level="INFO">Clicking element '//*[@id='datepickers-container']/div/div[1]/div/div[2]/div[4]'.</msg>
<status status="PASS" starttime="20221210 23:47:46.684" endtime="20221210 23:47:46.923"/>
</kw>
<status status="PASS" starttime="20221210 23:47:46.356" endtime="20221210 23:47:46.927"/>
</kw>
<kw name="Add the related Campus" library="CollegesPage">
<kw name="Click Element" library="SeleniumLibrary">
<arg>${Open_campus_collapse}</arg>
<doc>Click the element identified by ``locator``.</doc>
<msg timestamp="20221210 23:47:46.938" level="INFO">Clicking element '//DIV[@class='section-head collapsed']'.</msg>
<status status="PASS" starttime="20221210 23:47:46.933" endtime="20221210 23:47:47.223"/>
</kw>
<kw name="Sleep" library="BuiltIn">
<arg>2</arg>
<doc>Pauses the test executed for the given time.</doc>
<msg timestamp="20221210 23:47:49.234" level="INFO">Slept 2 seconds</msg>
<status status="PASS" starttime="20221210 23:47:47.226" endtime="20221210 23:47:49.234"/>
</kw>
<kw name="Wait Until Page Contains Element" library="SeleniumLibrary">
<arg>${Add_capmus_row}</arg>
<doc>Waits until the element ``locator`` appears on the current page.</doc>
<status status="PASS" starttime="20221210 23:47:49.234" endtime="20221210 23:47:49.276"/>
</kw>
<kw name="Click Element" library="SeleniumLibrary">
<arg>${click_in_campus_row}</arg>
<doc>Click the element identified by ``locator``.</doc>
<msg timestamp="20221210 23:47:49.276" level="INFO">Clicking element '//*[@id='page-College']/div[2]/div[2]/div/div[3]/div[2]/div[1]/div[2]/div/div/div[3]/div[2]/div[2]/div/form/div/div[2]/div[2]/div[1]/div/div/div[2]'.</msg>
<status status="PASS" starttime="20221210 23:47:49.276" endtime="20221210 23:47:49.448"/>
</kw>
<kw name="Sleep" library="BuiltIn">
<arg>2</arg>
<doc>Pauses the test executed for the given time.</doc>
<msg timestamp="20221210 23:47:51.458" level="INFO">Slept 2 seconds</msg>
<status status="PASS" starttime="20221210 23:47:49.448" endtime="20221210 23:47:51.458"/>
</kw>
<kw name="Input Text" library="SeleniumLibrary">
<arg>//input[@placeholder='Campus Name']</arg>
<arg>Helwan</arg>
<doc>Types the given ``text`` into the text field identified by ``locator``.</doc>
<msg timestamp="20221210 23:47:51.458" level="INFO">Typing text 'Helwan' into text field '//input[@placeholder='Campus Name']'.</msg>
<status status="PASS" starttime="20221210 23:47:51.458" endtime="20221210 23:47:51.787"/>
</kw>
<kw name="Sleep" library="BuiltIn">
<arg>1</arg>
<doc>Pauses the test executed for the given time.</doc>
<msg timestamp="20221210 23:47:52.810" level="INFO">Slept 1 second</msg>
<status status="PASS" starttime="20221210 23:47:51.789" endtime="20221210 23:47:52.811"/>
</kw>
<kw name="Press Keys" library="SeleniumLibrary">
<arg>//input[@placeholder='Campus Name']</arg>
<arg>ENTER</arg>
<doc>Simulates the user pressing key(s) to an element or on the active browser.</doc>
<msg timestamp="20221210 23:47:52.817" level="INFO">Sending key(s) ('ENTER',) to //input[@placeholder='Campus Name'] element.</msg>
<msg timestamp="20221210 23:47:53.186" level="INFO">Pressing special key ENTER to element.</msg>
<msg timestamp="20221210 23:47:53.186" level="INFO">Releasing special key ENTER.</msg>
<status status="PASS" starttime="20221210 23:47:52.811" endtime="20221210 23:47:53.219"/>
</kw>
<status status="PASS" starttime="20221210 23:47:46.930" endtime="20221210 23:47:53.222"/>
</kw>
<status status="PASS" starttime="20221210 23:47:44.503" endtime="20221210 23:47:53.222"/>
</kw>
<kw name="Submit College Form" library="CollegesPage">
<kw name="Click Element" library="SeleniumLibrary">
<arg>${Submit_college}</arg>
<doc>Click the element identified by ``locator``.</doc>
<msg timestamp="20221210 23:47:53.227" level="INFO">Clicking element '//*[@id='page-College']/div[1]/div/div/div[2]/div[3]/button[2]/span'.</msg>
<status status="PASS" starttime="20221210 23:47:53.227" endtime="20221210 23:47:53.436"/>
</kw>
<kw name="Sleep" library="BuiltIn">
<arg>2</arg>
<doc>Pauses the test executed for the given time.</doc>
<msg timestamp="20221210 23:47:55.447" level="INFO">Slept 2 seconds</msg>
<status status="PASS" starttime="20221210 23:47:53.440" endtime="20221210 23:47:55.447"/>
</kw>
<kw name="Wait Until Page Contains Element" library="SeleniumLibrary">
<arg>${Successfully_Saved}</arg>
<doc>Waits until the element ``locator`` appears on the current page.</doc>
<status status="PASS" starttime="20221210 23:47:55.447" endtime="20221210 23:47:55.487"/>
</kw>
<status status="PASS" starttime="20221210 23:47:53.227" endtime="20221210 23:47:55.490"/>
</kw>
<kw name="Successfully Messages Appears After Submitting" library="common">
<kw name="Sleep" library="BuiltIn">
<arg>2</arg>
<doc>Pauses the test executed for the given time.</doc>
<msg timestamp="20221210 23:47:57.495" level="INFO">Slept 2 seconds</msg>
<status status="PASS" starttime="20221210 23:47:55.493" endtime="20221210 23:47:57.495"/>
</kw>
<kw name="Wait Until Page Contains Element" library="SeleniumLibrary">
<arg>${Successfully_Saved}</arg>
<doc>Waits until the element ``locator`` appears on the current page.</doc>
<status status="PASS" starttime="20221210 23:47:57.495" endtime="20221210 23:47:57.533"/>
</kw>
<kw name="Sleep" library="BuiltIn">
<arg>1</arg>
<doc>Pauses the test executed for the given time.</doc>
<msg timestamp="20221210 23:47:58.542" level="INFO">Slept 1 second</msg>
<status status="PASS" starttime="20221210 23:47:57.536" endtime="20221210 23:47:58.543"/>
</kw>
<status status="PASS" starttime="20221210 23:47:55.490" endtime="20221210 23:47:58.543"/>
</kw>
<kw name="closing Browser" library="common" type="TEARDOWN">
<kw name="Close Browser" library="SeleniumLibrary">
<doc>Closes the current browser.</doc>
<status status="PASS" starttime="20221210 23:47:58.543" endtime="20221210 23:48:01.101"/>
</kw>
<status status="PASS" starttime="20221210 23:47:58.543" endtime="20221210 23:48:01.101"/>
</kw>
<status status="PASS" starttime="20221210 23:47:26.828" endtime="20221210 23:48:01.101"/>
</test>
<doc>MedadCMP Academic Structure</doc>
<status status="PASS" starttime="20221210 23:47:26.760" endtime="20221210 23:48:01.109"/>
</suite>
<suite id="s1-s1-s4" name="Departments" source="c:\Users\MKhaled\CMP\testsrunner\AcademicStructureTests\Departments.robot">
<test id="s1-s1-s4-t1" name="Create a Department" line="12">
<kw name="Login To The ControlPanel" library="LoginPage" type="SETUP">
<kw name="Opening Browser" library="common">
<arg>${site_url}${login}</arg>
<arg>${browser}</arg>
<kw name="Open Browser" library="SeleniumLibrary">
<arg>${site_url}</arg>
<arg>${browser}</arg>
<doc>Opens a new browser instance to the optional ``url``.</doc>
<msg timestamp="20221210 23:48:01.226" level="INFO">Opening browser 'Chrome' to base url 'https://sis.medadstg.com/#login'.</msg>
<status status="PASS" starttime="20221210 23:48:01.215" endtime="20221210 23:48:08.076"/>
</kw>
<kw name="Wait Until Page Contains Element" library="SeleniumLibrary">
<arg>${Username_Locator}</arg>
<doc>Waits until the element ``locator`` appears on the current page.</doc>
<status status="PASS" starttime="20221210 23:48:08.081" endtime="20221210 23:48:08.133"/>
</kw>
<status status="PASS" starttime="20221210 23:48:01.208" endtime="20221210 23:48:08.134"/>
</kw>
<kw name="Maximize Browser Window" library="SeleniumLibrary">
<doc>Maximizes current browser window.</doc>
<status status="PASS" starttime="20221210 23:48:08.135" endtime="20221210 23:48:08.549"/>
</kw>
<kw name="Wait Until Page Contains Element" library="SeleniumLibrary">
<arg>${Username_Locator}</arg>
<doc>Waits until the element ``locator`` appears on the current page.</doc>
<status status="PASS" starttime="20221210 23:48:08.549" endtime="20221210 23:48:08.613"/>
</kw>
<kw name="Fill username &amp; password" library="LoginPage">
<kw name="Get File" library="OperatingSystem">
<var>${json}</var>
<arg>${EXECDIR}\\PageObjects\\TestData\\testdata.json</arg>
<doc>Returns the contents of a specified file.</doc>
<msg timestamp="20221210 23:48:08.613" level="INFO" html="true">Getting file '&lt;a href="file://C:\Users\MKhaled\CMP\PageObjects\TestData\testdata.json"&gt;C:\Users\MKhaled\CMP\PageObjects\TestData\testdata.json&lt;/a&gt;'.</msg>
<msg timestamp="20221210 23:48:08.613" level="INFO">${json} = {
  "Login": {
    "username": "mohammed.khaled@naseej.com",
    "password": "Medad@123"
  },
  "Inistitutions": {
    "Institution_Code": "KdHhn-01",
    "Institution_Name": "MKhaledAutomation",
    ...</msg>
<status status="PASS" starttime="20221210 23:48:08.613" endtime="20221210 23:48:08.613"/>
</kw>
<kw name="Evaluate" library="BuiltIn">
<var>${object}</var>
<arg>json.loads('''${json}''')</arg>
<arg>json</arg>
<doc>Evaluates the given expression in Python and returns the result.</doc>
<msg timestamp="20221210 23:48:08.622" level="INFO">${object} = {'Login': {'username': 'mohammed.khaled@naseej.com', 'password': 'Medad@123'}, 'Inistitutions': {'Institution_Code': 'KdHhn-01', 'Institution_Name': 'MKhaledAutomation', 'Website': 'http://www.goohgle...</msg>
<status status="PASS" starttime="20221210 23:48:08.622" endtime="20221210 23:48:08.622"/>
</kw>
<kw name="Input Text" library="SeleniumLibrary">
<arg>${Username_Locator}</arg>
<arg>${object["Login"]["username"]}</arg>
<doc>Types the given ``text`` into the text field identified by ``locator``.</doc>
<msg timestamp="20221210 23:48:08.638" level="INFO">Typing text 'mohammed.khaled@naseej.com' into text field '//input[@id='login_email']'.</msg>
<status status="PASS" starttime="20221210 23:48:08.622" endtime="20221210 23:48:09.274"/>
</kw>
<kw name="Input Text" library="SeleniumLibrary">
<arg>${password_Locator}</arg>
<arg>${object["Login"]["password"]}</arg>
<doc>Types the given ``text`` into the text field identified by ``locator``.</doc>
<msg timestamp="20221210 23:48:09.280" level="INFO">Typing text 'Medad@123' into text field '//input[@id='login_password']'.</msg>
<status status="PASS" starttime="20221210 23:48:09.275" endtime="20221210 23:48:09.549"/>
</kw>
<status status="PASS" starttime="20221210 23:48:08.613" endtime="20221210 23:48:09.557"/>
</kw>
<kw name="Click on Login button" library="LoginPage">
<kw name="Click Element" library="SeleniumLibrary">
<arg>${Login_Button}</arg>
<doc>Click the element identified by ``locator``.</doc>
<msg timestamp="20221210 23:48:09.565" level="INFO">Clicking element '//button[@type='submit']'.</msg>
<status status="PASS" starttime="20221210 23:48:09.557" endtime="20221210 23:48:09.716"/>
</kw>
<status status="PASS" starttime="20221210 23:48:09.557" endtime="20221210 23:48:09.716"/>
</kw>
<kw name="Home page is opened Successfully" library="LoginPage">
<kw name="Wait Until Page Contains Element" library="SeleniumLibrary">
<arg>${Success_Login}</arg>
<arg>timeout=10</arg>
<doc>Waits until the element ``locator`` appears on the current page.</doc>
<status status="PASS" starttime="20221210 23:48:09.719" endtime="20221210 23:48:15.005"/>
</kw>
<status status="PASS" starttime="20221210 23:48:09.719" endtime="20221210 23:48:15.005"/>
</kw>
<status status="PASS" starttime="20221210 23:48:01.208" endtime="20221210 23:48:15.005"/>
</kw>
<kw name="Navigate to Add Department" library="DepartmentPage">
<kw name="Open the AcademicStructure page" library="common">
<kw name="Click Element" library="SeleniumLibrary">
<arg>${Academic_Structure}</arg>
<doc>Click the element identified by ``locator``.</doc>
<msg timestamp="20221210 23:48:15.022" level="INFO">Clicking element '//a[@href='/app/academic-structure']'.</msg>
<status status="PASS" starttime="20221210 23:48:15.014" endtime="20221210 23:48:15.435"/>
</kw>
<status status="PASS" starttime="20221210 23:48:15.014" endtime="20221210 23:48:15.435"/>
</kw>
<kw name="Open the Department page" library="DepartmentPage">
<kw name="Wait Until Page Contains Element" library="SeleniumLibrary">
<arg>${Department_Link}</arg>
<doc>Waits until the element ``locator`` appears on the current page.</doc>
<status status="PASS" starttime="20221210 23:48:15.443" endtime="20221210 23:48:15.991"/>
</kw>
<kw name="Click Element" library="SeleniumLibrary">
<arg>${Department_Link}</arg>
<doc>Click the element identified by ``locator``.</doc>
<msg timestamp="20221210 23:48:15.994" level="INFO">Clicking element '//a[@href='/app/department']'.</msg>
<status status="PASS" starttime="20221210 23:48:15.994" endtime="20221210 23:48:16.180"/>
</kw>
<status status="PASS" starttime="20221210 23:48:15.439" endtime="20221210 23:48:16.180"/>
</kw>
<kw name="Click add Department button" library="DepartmentPage">
<kw name="Sleep" library="BuiltIn">
<arg>2</arg>
<doc>Pauses the test executed for the given time.</doc>
<msg timestamp="20221210 23:48:18.195" level="INFO">Slept 2 seconds</msg>
<status status="PASS" starttime="20221210 23:48:16.186" endtime="20221210 23:48:18.195"/>
</kw>
<kw name="Wait Until Page Contains Element" library="SeleniumLibrary">
<arg>${Add_Department}</arg>
<arg>timeout=10</arg>
<doc>Waits until the element ``locator`` appears on the current page.</doc>
<status status="PASS" starttime="20221210 23:48:18.195" endtime="20221210 23:48:18.244"/>
</kw>
<kw name="Click Element" library="SeleniumLibrary">
<arg>${Add_Department}</arg>
<doc>Click the element identified by ``locator``.</doc>
<msg timestamp="20221210 23:48:18.244" level="INFO">Clicking element '//span[@data-label='Add%20Department']'.</msg>
<status status="PASS" starttime="20221210 23:48:18.244" endtime="20221210 23:48:18.657"/>
</kw>
<status status="PASS" starttime="20221210 23:48:16.183" endtime="20221210 23:48:18.661"/>
</kw>
<status status="PASS" starttime="20221210 23:48:15.005" endtime="20221210 23:48:18.661"/>
</kw>
<kw name="Fill out Department Details" library="DepartmentPage">
<kw name="Get File" library="OperatingSystem">
<var>${json}</var>
<arg>${EXECDIR}\\PageObjects\\TestData\\testdata.json</arg>
<doc>Returns the contents of a specified file.</doc>
<msg timestamp="20221210 23:48:18.673" level="INFO" html="true">Getting file '&lt;a href="file://C:\Users\MKhaled\CMP\PageObjects\TestData\testdata.json"&gt;C:\Users\MKhaled\CMP\PageObjects\TestData\testdata.json&lt;/a&gt;'.</msg>
<msg timestamp="20221210 23:48:18.673" level="INFO">${json} = {
  "Login": {
    "username": "mohammed.khaled@naseej.com",
    "password": "Medad@123"
  },
  "Inistitutions": {
    "Institution_Code": "KdHhn-01",
    "Institution_Name": "MKhaledAutomation",
    ...</msg>
<status status="PASS" starttime="20221210 23:48:18.670" endtime="20221210 23:48:18.677"/>
</kw>
<kw name="Evaluate" library="BuiltIn">
<var>${object}</var>
<arg>json.loads('''${json}''')</arg>
<arg>json</arg>
<doc>Evaluates the given expression in Python and returns the result.</doc>
<msg timestamp="20221210 23:48:18.683" level="INFO">${object} = {'Login': {'username': 'mohammed.khaled@naseej.com', 'password': 'Medad@123'}, 'Inistitutions': {'Institution_Code': 'KdHhn-01', 'Institution_Name': 'MKhaledAutomation', 'Website': 'http://www.goohgle...</msg>
<status status="PASS" starttime="20221210 23:48:18.677" endtime="20221210 23:48:18.685"/>
</kw>
<kw name="Input Text" library="SeleniumLibrary">
<arg>${Department_Name_Locator}</arg>
<arg>${object["Department"]["Department_name"]}</arg>
<doc>Types the given ``text`` into the text field identified by ``locator``.</doc>
<msg timestamp="20221210 23:48:18.694" level="INFO">Typing text 'DepartmentAutomation' into text field '//div[@data-fieldname='department_name']//div[@class='form-group']//input[@type='text']'.</msg>
<status status="PASS" starttime="20221210 23:48:18.685" endtime="20221210 23:48:19.074"/>
</kw>
<kw name="Input Text" library="SeleniumLibrary">
<arg>${Department_Code_Locator}</arg>
<arg>${object["Department"]["Department_code"]}</arg>
<doc>Types the given ``text`` into the text field identified by ``locator``.</doc>
<msg timestamp="20221210 23:48:19.079" level="INFO">Typing text 'DepartmentAutomation' into text field '//div[@data-fieldname='department_code']//div[@class='form-group']//input[@type='text']'.</msg>
<status status="PASS" starttime="20221210 23:48:19.074" endtime="20221210 23:48:19.479"/>
</kw>
<kw name="Input Text" library="SeleniumLibrary">
<arg>${Department_External_Code}</arg>
<arg>${object["Department"]["Department_external_code"]}</arg>
<doc>Types the given ``text`` into the text field identified by ``locator``.</doc>
<msg timestamp="20221210 23:48:19.488" level="INFO">Typing text 'DepartmentAutomation' into text field '//div[@data-fieldname='department_external_code']//input[@type='text']'.</msg>
<status status="PASS" starttime="20221210 23:48:19.479" endtime="20221210 23:48:19.843"/>
</kw>
<kw name="Select field College" library="DepartmentPage">
<kw name="Wait Until Page Contains Element" library="SeleniumLibrary">
<arg>${Colleges_College_Name_Locator}</arg>
<doc>Waits until the element ``locator`` appears on the current page.</doc>
<status status="PASS" starttime="20221210 23:48:19.843" endtime="20221210 23:48:19.884"/>
</kw>
<kw name="Click Element" library="SeleniumLibrary">
<arg>${Colleges_College_Name_Locator}</arg>
<doc>Click the element identified by ``locator``.</doc>
<msg timestamp="20221210 23:48:19.884" level="INFO">Clicking element '//*[@id='page-Department']/div[2]/div[2]/div/div[3]/div[2]/div[1]/div[2]/div/div/div[3]/div[2]/div[2]/div/form/div/div[2]/div[2]/div[1]/div/div/div[2]'.</msg>
<status status="PASS" starttime="20221210 23:48:19.884" endtime="20221210 23:48:20.096"/>
</kw>
<kw name="Sleep" library="BuiltIn">
<arg>2</arg>
<doc>Pauses the test executed for the given time.</doc>
<msg timestamp="20221210 23:48:22.103" level="INFO">Slept 2 seconds</msg>
<status status="PASS" starttime="20221210 23:48:20.098" endtime="20221210 23:48:22.103"/>
</kw>
<kw name="Wait Until Page Contains Element" library="SeleniumLibrary">
<arg>${Colleges_College_Name_Option}</arg>
<arg>timeout=10</arg>
<doc>Waits until the element ``locator`` appears on the current page.</doc>
<status status="PASS" starttime="20221210 23:48:22.103" endtime="20221210 23:48:22.158"/>
</kw>
<kw name="Click Element" library="SeleniumLibrary">
<arg>${Colleges_College_Name_Option}</arg>
<doc>Click the element identified by ``locator``.</doc>
<msg timestamp="20221210 23:48:22.161" level="INFO">Clicking element '//strong[normalize-space()='College of Applied Medical Sciences']'.</msg>
<status status="PASS" starttime="20221210 23:48:22.158" endtime="20221210 23:48:22.350"/>
</kw>
<kw name="Wait Until Page Contains Element" library="SeleniumLibrary">
<arg>${Colleges_Campus_Name_Locator}</arg>
<arg>timeout=10</arg>
<doc>Waits until the element ``locator`` appears on the current page.</doc>
<status status="PASS" starttime="20221210 23:48:22.353" endtime="20221210 23:48:22.393"/>
</kw>
<kw name="Input Text" library="SeleniumLibrary">
<arg>${Colleges_Campus_Name_Locator}</arg>
<arg>Arar</arg>
<doc>Types the given ``text`` into the text field identified by ``locator``.</doc>
<msg timestamp="20221210 23:48:22.403" level="INFO">Typing text 'Arar' into text field '//div[@class='awesomplete']//input[@placeholder='Campus Name']'.</msg>
<status status="PASS" starttime="20221210 23:48:22.402" endtime="20221210 23:48:22.683"/>
</kw>
<kw name="Sleep" library="BuiltIn">
<arg>2</arg>
<doc>Pauses the test executed for the given time.</doc>
<msg timestamp="20221210 23:48:24.683" level="INFO">Slept 2 seconds</msg>
<status status="PASS" starttime="20221210 23:48:22.683" endtime="20221210 23:48:24.683"/>
</kw>
<kw name="Press Keys" library="SeleniumLibrary">
<arg>${Colleges_Campus_Name_Locator}</arg>
<arg>ENTER</arg>
<doc>Simulates the user pressing key(s) to an element or on the active browser.</doc>
<msg timestamp="20221210 23:48:24.683" level="INFO">Sending key(s) ('ENTER',) to //div[@class='awesomplete']//input[@placeholder='Campus Name'] element.</msg>
<msg timestamp="20221210 23:48:25.033" level="INFO">Pressing special key ENTER to element.</msg>
<msg timestamp="20221210 23:48:25.033" level="INFO">Releasing special key ENTER.</msg>
<status status="PASS" starttime="20221210 23:48:24.683" endtime="20221210 23:48:25.067"/>
</kw>
<kw name="Sleep" library="BuiltIn">
<arg>1</arg>
<doc>Pauses the test executed for the given time.</doc>
<msg timestamp="20221210 23:48:26.082" level="INFO">Slept 1 second</msg>
<status status="PASS" starttime="20221210 23:48:25.069" endtime="20221210 23:48:26.083"/>
</kw>
<status status="PASS" starttime="20221210 23:48:19.843" endtime="20221210 23:48:26.083"/>
</kw>
<status status="PASS" starttime="20221210 23:48:18.666" endtime="20221210 23:48:26.083"/>
</kw>
<kw name="Submit Department Form" library="DepartmentPage">
<kw name="Click Element" library="SeleniumLibrary">
<arg>${Submit_Department}</arg>
<doc>Click the element identified by ``locator``.</doc>
<msg timestamp="20221210 23:48:26.094" level="INFO">Clicking element '//div[@id='page-Department']//button[@data-label='Save']'.</msg>
<status status="PASS" starttime="20221210 23:48:26.083" endtime="20221210 23:48:26.298"/>
</kw>
<status status="PASS" starttime="20221210 23:48:26.083" endtime="20221210 23:48:26.298"/>
</kw>
<kw name="Successfully Messages Appears After Submitting" library="common">
<kw name="Sleep" library="BuiltIn">
<arg>2</arg>
<doc>Pauses the test executed for the given time.</doc>
<msg timestamp="20221210 23:48:28.308" level="INFO">Slept 2 seconds</msg>
<status status="PASS" starttime="20221210 23:48:26.306" endtime="20221210 23:48:28.308"/>
</kw>
<kw name="Wait Until Page Contains Element" library="SeleniumLibrary">
<arg>${Successfully_Saved}</arg>
<doc>Waits until the element ``locator`` appears on the current page.</doc>
<status status="PASS" starttime="20221210 23:48:28.312" endtime="20221210 23:48:28.352"/>
</kw>
<kw name="Sleep" library="BuiltIn">
<arg>1</arg>
<doc>Pauses the test executed for the given time.</doc>
<msg timestamp="20221210 23:48:29.361" level="INFO">Slept 1 second</msg>
<status status="PASS" starttime="20221210 23:48:28.352" endtime="20221210 23:48:29.362"/>
</kw>
<status status="PASS" starttime="20221210 23:48:26.298" endtime="20221210 23:48:29.362"/>
</kw>
<kw name="closing Browser" library="common" type="TEARDOWN">
<kw name="Close Browser" library="SeleniumLibrary">
<doc>Closes the current browser.</doc>
<status status="PASS" starttime="20221210 23:48:29.362" endtime="20221210 23:48:31.944"/>
</kw>
<status status="PASS" starttime="20221210 23:48:29.362" endtime="20221210 23:48:31.944"/>
</kw>
<status status="PASS" starttime="20221210 23:48:01.207" endtime="20221210 23:48:31.944"/>
</test>
<doc>MedadCMP Academic Structure</doc>
<status status="PASS" starttime="20221210 23:48:01.119" endtime="20221210 23:48:31.951"/>
</suite>
<suite id="s1-s1-s5" name="Inistitutions" source="c:\Users\MKhaled\CMP\testsrunner\AcademicStructureTests\Inistitutions.robot">
<test id="s1-s1-s5-t1" name="Create an Inistitutions" line="13">
<kw name="Login To The ControlPanel" library="LoginPage" type="SETUP">
<kw name="Opening Browser" library="common">
<arg>${site_url}${login}</arg>
<arg>${browser}</arg>
<kw name="Open Browser" library="SeleniumLibrary">
<arg>${site_url}</arg>
<arg>${browser}</arg>
<doc>Opens a new browser instance to the optional ``url``.</doc>
<msg timestamp="20221210 23:48:32.042" level="INFO">Opening browser 'Chrome' to base url 'https://sis.medadstg.com/#login'.</msg>
<status status="PASS" starttime="20221210 23:48:32.041" endtime="20221210 23:48:37.951"/>
</kw>
<kw name="Wait Until Page Contains Element" library="SeleniumLibrary">
<arg>${Username_Locator}</arg>
<doc>Waits until the element ``locator`` appears on the current page.</doc>
<status status="PASS" starttime="20221210 23:48:37.951" endtime="20221210 23:48:38.023"/>
</kw>
<status status="PASS" starttime="20221210 23:48:32.035" endtime="20221210 23:48:38.023"/>
</kw>
<kw name="Maximize Browser Window" library="SeleniumLibrary">
<doc>Maximizes current browser window.</doc>
<status status="PASS" starttime="20221210 23:48:38.023" endtime="20221210 23:48:38.434"/>
</kw>
<kw name="Wait Until Page Contains Element" library="SeleniumLibrary">
<arg>${Username_Locator}</arg>
<doc>Waits until the element ``locator`` appears on the current page.</doc>
<status status="PASS" starttime="20221210 23:48:38.434" endtime="20221210 23:48:38.524"/>
</kw>
<kw name="Fill username &amp; password" library="LoginPage">
<kw name="Get File" library="OperatingSystem">
<var>${json}</var>
<arg>${EXECDIR}\\PageObjects\\TestData\\testdata.json</arg>
<doc>Returns the contents of a specified file.</doc>
<msg timestamp="20221210 23:48:38.529" level="INFO" html="true">Getting file '&lt;a href="file://C:\Users\MKhaled\CMP\PageObjects\TestData\testdata.json"&gt;C:\Users\MKhaled\CMP\PageObjects\TestData\testdata.json&lt;/a&gt;'.</msg>
<msg timestamp="20221210 23:48:38.529" level="INFO">${json} = {
  "Login": {
    "username": "mohammed.khaled@naseej.com",
    "password": "Medad@123"
  },
  "Inistitutions": {
    "Institution_Code": "KdHhn-01",
    "Institution_Name": "MKhaledAutomation",
    ...</msg>
<status status="PASS" starttime="20221210 23:48:38.524" endtime="20221210 23:48:38.534"/>
</kw>
<kw name="Evaluate" library="BuiltIn">
<var>${object}</var>
<arg>json.loads('''${json}''')</arg>
<arg>json</arg>
<doc>Evaluates the given expression in Python and returns the result.</doc>
<msg timestamp="20221210 23:48:38.539" level="INFO">${object} = {'Login': {'username': 'mohammed.khaled@naseej.com', 'password': 'Medad@123'}, 'Inistitutions': {'Institution_Code': 'KdHhn-01', 'Institution_Name': 'MKhaledAutomation', 'Website': 'http://www.goohgle...</msg>
<status status="PASS" starttime="20221210 23:48:38.534" endtime="20221210 23:48:38.539"/>
</kw>
<kw name="Input Text" library="SeleniumLibrary">
<arg>${Username_Locator}</arg>
<arg>${object["Login"]["username"]}</arg>
<doc>Types the given ``text`` into the text field identified by ``locator``.</doc>
<msg timestamp="20221210 23:48:38.566" level="INFO">Typing text 'mohammed.khaled@naseej.com' into text field '//input[@id='login_email']'.</msg>
<status status="PASS" starttime="20221210 23:48:38.546" endtime="20221210 23:48:39.044"/>
</kw>
<kw name="Input Text" library="SeleniumLibrary">
<arg>${password_Locator}</arg>
<arg>${object["Login"]["password"]}</arg>
<doc>Types the given ``text`` into the text field identified by ``locator``.</doc>
<msg timestamp="20221210 23:48:39.060" level="INFO">Typing text 'Medad@123' into text field '//input[@id='login_password']'.</msg>
<status status="PASS" starttime="20221210 23:48:39.052" endtime="20221210 23:48:39.511"/>
</kw>
<status status="PASS" starttime="20221210 23:48:38.524" endtime="20221210 23:48:39.516"/>
</kw>
<kw name="Click on Login button" library="LoginPage">
<kw name="Click Element" library="SeleniumLibrary">
<arg>${Login_Button}</arg>
<doc>Click the element identified by ``locator``.</doc>
<msg timestamp="20221210 23:48:39.519" level="INFO">Clicking element '//button[@type='submit']'.</msg>
<status status="PASS" starttime="20221210 23:48:39.519" endtime="20221210 23:48:39.769"/>
</kw>
<status status="PASS" starttime="20221210 23:48:39.519" endtime="20221210 23:48:39.774"/>
</kw>
<kw name="Home page is opened Successfully" library="LoginPage">
<kw name="Wait Until Page Contains Element" library="SeleniumLibrary">
<arg>${Success_Login}</arg>
<arg>timeout=10</arg>
<doc>Waits until the element ``locator`` appears on the current page.</doc>
<status status="PASS" starttime="20221210 23:48:39.777" endtime="20221210 23:48:46.483"/>
</kw>
<status status="PASS" starttime="20221210 23:48:39.774" endtime="20221210 23:48:46.492"/>
</kw>
<status status="PASS" starttime="20221210 23:48:32.033" endtime="20221210 23:48:46.496"/>
</kw>
<kw name="Navigate to Add Inistitutions" library="InistitutionsPage">
<kw name="Open the AcademicStructure page" library="common">
<kw name="Click Element" library="SeleniumLibrary">
<arg>${Academic_Structure}</arg>
<doc>Click the element identified by ``locator``.</doc>
<msg timestamp="20221210 23:48:46.529" level="INFO">Clicking element '//a[@href='/app/academic-structure']'.</msg>
<status status="PASS" starttime="20221210 23:48:46.523" endtime="20221210 23:48:47.115"/>
</kw>
<status status="PASS" starttime="20221210 23:48:46.517" endtime="20221210 23:48:47.115"/>
</kw>
<kw name="Open the Institution page" library="InistitutionsPage">
<kw name="Wait Until Page Contains Element" library="SeleniumLibrary">
<arg>${Institution_Link}</arg>
<doc>Waits until the element ``locator`` appears on the current page.</doc>
<status status="PASS" starttime="20221210 23:48:47.126" endtime="20221210 23:48:47.660"/>
</kw>
<kw name="Click Element" library="SeleniumLibrary">
<arg>${Institution_Link}</arg>
<doc>Click the element identified by ``locator``.</doc>
<msg timestamp="20221210 23:48:47.660" level="INFO">Clicking element '//a[@href='/app/institution']'.</msg>
<status status="PASS" starttime="20221210 23:48:47.660" endtime="20221210 23:48:47.940"/>
</kw>
<status status="PASS" starttime="20221210 23:48:47.115" endtime="20221210 23:48:47.941"/>
</kw>
<kw name="Click button Add new Inistitutions" library="InistitutionsPage">
<kw name="Wait Until Page Contains Element" library="SeleniumLibrary">
<arg>${Add_Inistitutions}</arg>
<doc>Waits until the element ``locator`` appears on the current page.</doc>
<status status="PASS" starttime="20221210 23:48:47.941" endtime="20221210 23:48:48.548"/>
</kw>
<kw name="Click Element" library="SeleniumLibrary">
<arg>${Add_Inistitutions}</arg>
<doc>Click the element identified by ``locator``.</doc>
<msg timestamp="20221210 23:48:48.556" level="INFO">Clicking element '//div[@id='page-List/Institution/List']//button[@class='btn btn-primary btn-sm primary-action']'.</msg>
<status status="PASS" starttime="20221210 23:48:48.552" endtime="20221210 23:48:49.534"/>
</kw>
<kw name="Sleep" library="BuiltIn">
<arg>2</arg>
<doc>Pauses the test executed for the given time.</doc>
<msg timestamp="20221210 23:48:51.544" level="INFO">Slept 2 seconds</msg>
<status status="PASS" starttime="20221210 23:48:49.535" endtime="20221210 23:48:51.545"/>
</kw>
<status status="PASS" starttime="20221210 23:48:47.941" endtime="20221210 23:48:51.545"/>
</kw>
<status status="PASS" starttime="20221210 23:48:46.513" endtime="20221210 23:48:51.545"/>
</kw>
<kw name="Fill out Inistitutions Details" library="InistitutionsPage">
<kw name="Get File" library="OperatingSystem">
<var>${json}</var>
<arg>${EXECDIR}\\PageObjects\\TestData\\testdata.json</arg>
<doc>Returns the contents of a specified file.</doc>
<msg timestamp="20221210 23:48:51.549" level="INFO" html="true">Getting file '&lt;a href="file://C:\Users\MKhaled\CMP\PageObjects\TestData\testdata.json"&gt;C:\Users\MKhaled\CMP\PageObjects\TestData\testdata.json&lt;/a&gt;'.</msg>
<msg timestamp="20221210 23:48:51.554" level="INFO">${json} = {
  "Login": {
    "username": "mohammed.khaled@naseej.com",
    "password": "Medad@123"
  },
  "Inistitutions": {
    "Institution_Code": "KdHhn-01",
    "Institution_Name": "MKhaledAutomation",
    ...</msg>
<status status="PASS" starttime="20221210 23:48:51.549" endtime="20221210 23:48:51.555"/>
</kw>
<kw name="Evaluate" library="BuiltIn">
<var>${object}</var>
<arg>json.loads('''${json}''')</arg>
<arg>json</arg>
<doc>Evaluates the given expression in Python and returns the result.</doc>
<msg timestamp="20221210 23:48:51.561" level="INFO">${object} = {'Login': {'username': 'mohammed.khaled@naseej.com', 'password': 'Medad@123'}, 'Inistitutions': {'Institution_Code': 'KdHhn-01', 'Institution_Name': 'MKhaledAutomation', 'Website': 'http://www.goohgle...</msg>
<status status="PASS" starttime="20221210 23:48:51.555" endtime="20221210 23:48:51.561"/>
</kw>
<kw name="Input Text" library="SeleniumLibrary">
<arg>${Institution_Code_Locator}</arg>
<arg>${object["Inistitutions"]["Institution_Code"]}</arg>
<doc>Types the given ``text`` into the text field identified by ``locator``.</doc>
<msg timestamp="20221210 23:48:51.571" level="INFO">Typing text 'KdHhn-01' into text field '//input[@data-fieldname='institution_code']'.</msg>
<status status="PASS" starttime="20221210 23:48:51.561" endtime="20221210 23:48:51.882"/>
</kw>
<kw name="Input Text" library="SeleniumLibrary">
<arg>${Institution_Name_Locator}</arg>
<arg>${object["Inistitutions"]["Institution_Name"]}</arg>
<doc>Types the given ``text`` into the text field identified by ``locator``.</doc>
<msg timestamp="20221210 23:48:51.897" level="INFO">Typing text 'MKhaledAutomation' into text field '//input[@data-fieldname='institution_name']'.</msg>
<status status="PASS" starttime="20221210 23:48:51.890" endtime="20221210 23:48:52.363"/>
</kw>
<kw name="Select field Institutional Type" library="InistitutionsPage">
<kw name="Click Element" library="SeleniumLibrary">
<arg>${Institutional_Type_Locator}</arg>
<doc>Click the element identified by ``locator``.</doc>
<msg timestamp="20221210 23:48:52.363" level="INFO">Clicking element '//input[@data-fieldname='institutional_type']'.</msg>
<status status="PASS" starttime="20221210 23:48:52.363" endtime="20221210 23:48:52.569"/>
</kw>
<kw name="Sleep" library="BuiltIn">
<arg>2</arg>
<doc>Pauses the test executed for the given time.</doc>
<msg timestamp="20221210 23:48:54.576" level="INFO">Slept 2 seconds</msg>
<status status="PASS" starttime="20221210 23:48:52.569" endtime="20221210 23:48:54.576"/>
</kw>
<kw name="Wait Until Page Contains Element" library="SeleniumLibrary">
<arg>${Institutional_Type_Selected}</arg>
<arg>timeout=10</arg>
[...]
<kw name="Wait Until Page Contains Element" library="SeleniumLibrary">
<arg>${Preferences_Link}</arg>
<doc>Waits until the element ``locator`` appears on the current page.</doc>
<status status="PASS" starttime="20221210 23:50:39.530" endtime="20221210 23:50:40.168"/>
</kw>
<kw name="Click Element" library="SeleniumLibrary">
<arg>${Preferences_Link}</arg>
<doc>Click the element identified by ``locator``.</doc>
<msg timestamp="20221210 23:50:40.171" level="INFO">Clicking element '//span[normalize-space()='Preferences']'.</msg>
<status status="PASS" starttime="20221210 23:50:40.171" endtime="20221210 23:50:40.766"/>
</kw>
<status status="PASS" starttime="20221210 23:50:39.527" endtime="20221210 23:50:40.770"/>
</kw>
<kw name="Click button Add new Preferences" library="PreferencesPage">
<kw name="Sleep" library="BuiltIn">
<arg>2</arg>
<doc>Pauses the test executed for the given time.</doc>
<msg timestamp="20221210 23:50:42.792" level="INFO">Slept 2 seconds</msg>
<status status="PASS" starttime="20221210 23:50:40.778" endtime="20221210 23:50:42.792"/>
</kw>
<kw name="Wait Until Page Contains Element" library="SeleniumLibrary">
<arg>${Add_Preferences_Button}</arg>
<doc>Waits until the element ``locator`` appears on the current page.</doc>
<status status="PASS" starttime="20221210 23:50:42.796" endtime="20221210 23:50:42.866"/>
</kw>
<kw name="Click Element" library="SeleniumLibrary">
<arg>${Add_Preferences_Button}</arg>
<doc>Click the element identified by ``locator``.</doc>
<msg timestamp="20221210 23:50:42.873" level="INFO">Clicking element '//span[contains(@data-label,'Add%20Preference')]'.</msg>
<status status="PASS" starttime="20221210 23:50:42.866" endtime="20221210 23:50:43.539"/>
</kw>
<status status="PASS" starttime="20221210 23:50:40.772" endtime="20221210 23:50:43.543"/>
</kw>
<status status="PASS" starttime="20221210 23:50:39.212" endtime="20221210 23:50:43.543"/>
</kw>
<kw name="Fill out Preferences Details" library="PreferencesPage">
<kw name="Get File" library="OperatingSystem">
<var>${json}</var>
<arg>${EXECDIR}\\PageObjects\\TestData\\testdata.json</arg>
<doc>Returns the contents of a specified file.</doc>
<msg timestamp="20221210 23:50:43.550" level="INFO" html="true">Getting file '&lt;a href="file://C:\Users\MKhaled\CMP\PageObjects\TestData\testdata.json"&gt;C:\Users\MKhaled\CMP\PageObjects\TestData\testdata.json&lt;/a&gt;'.</msg>
<msg timestamp="20221210 23:50:43.555" level="INFO">${json} = {
  "Login": {
    "username": "mohammed.khaled@naseej.com",
    "password": "Medad@123"
  },
  "Inistitutions": {
    "Institution_Code": "KdHhn-01",
    "Institution_Name": "MKhaledAutomation",
    ...</msg>
<status status="PASS" starttime="20221210 23:50:43.548" endtime="20221210 23:50:43.557"/>
</kw>
<kw name="Evaluate" library="BuiltIn">
<var>${object}</var>
<arg>json.loads('''${json}''')</arg>
<arg>json</arg>
<doc>Evaluates the given expression in Python and returns the result.</doc>
<msg timestamp="20221210 23:50:43.559" level="INFO">${object} = {'Login': {'username': 'mohammed.khaled@naseej.com', 'password': 'Medad@123'}, 'Inistitutions': {'Institution_Code': 'KdHhn-01', 'Institution_Name': 'MKhaledAutomation', 'Website': 'http://www.goohgle...</msg>
<status status="PASS" starttime="20221210 23:50:43.559" endtime="20221210 23:50:43.567"/>
</kw>
<kw name="Select the Academic Term" library="PreferencesPage">
<kw name="Press Keys" library="SeleniumLibrary">
<arg>${Preference_Academic_Term_Locator}</arg>
<arg>CTRL+a</arg>
<arg>BACKSPACE</arg>
<doc>Simulates the user pressing key(s) to an element or on the active browser.</doc>
<msg timestamp="20221210 23:50:43.576" level="INFO">Sending key(s) ('CTRL+a', 'BACKSPACE') to //div[@data-fieldname='academic_term']//div[@class='form-group']//input[@role='combobox'] element.</msg>
<msg timestamp="20221210 23:50:44.016" level="INFO">Pressing special key CONTROL down.</msg>
<msg timestamp="20221210 23:50:44.016" level="INFO">Sending key a</msg>
<msg timestamp="20221210 23:50:44.016" level="INFO">Releasing special key CONTROL.</msg>
<msg timestamp="20221210 23:50:44.046" level="INFO">Pressing special key BACKSPACE to element.</msg>
<msg timestamp="20221210 23:50:44.052" level="INFO">Releasing special key BACKSPACE.</msg>
<status status="PASS" starttime="20221210 23:50:43.571" endtime="20221210 23:50:44.087"/>
</kw>
<kw name="Sleep" library="BuiltIn">
<arg>1</arg>
<doc>Pauses the test executed for the given time.</doc>
<msg timestamp="20221210 23:50:45.108" level="INFO">Slept 1 second</msg>
<status status="PASS" starttime="20221210 23:50:44.089" endtime="20221210 23:50:45.109"/>
</kw>
<kw name="Click Element" library="SeleniumLibrary">
<arg>${Preference_Academic_Term_Locator}</arg>
<doc>Click the element identified by ``locator``.</doc>
<msg timestamp="20221210 23:50:45.109" level="INFO">Clicking element '//div[@data-fieldname='academic_term']//div[@class='form-group']//input[@role='combobox']'.</msg>
<status status="PASS" starttime="20221210 23:50:45.109" endtime="20221210 23:50:45.310"/>
</kw>
<kw name="Wait Until Page Contains Element" library="SeleniumLibrary">
<arg>${Preference_Academic_Term_Option}</arg>
<doc>Waits until the element ``locator`` appears on the current page.</doc>
<status status="PASS" starttime="20221210 23:50:45.310" endtime="20221210 23:50:45.356"/>
</kw>
<kw name="Click Element" library="SeleniumLibrary">
<arg>${Preference_Academic_Term_Option}</arg>
<doc>Click the element identified by ``locator``.</doc>
<msg timestamp="20221210 23:50:45.359" level="INFO">Clicking element '//span[normalize-space()='Second Semester 2021-2022']'.</msg>
<status status="PASS" starttime="20221210 23:50:45.356" endtime="20221210 23:50:45.508"/>
</kw>
<kw name="Sleep" library="BuiltIn">
<arg>1</arg>
<doc>Pauses the test executed for the given time.</doc>
<msg timestamp="20221210 23:50:46.510" level="INFO">Slept 1 second</msg>
<status status="PASS" starttime="20221210 23:50:45.508" endtime="20221210 23:50:46.512"/>
</kw>
<status status="PASS" starttime="20221210 23:50:43.567" endtime="20221210 23:50:46.513"/>
</kw>
<kw name="Input Text" library="SeleniumLibrary">
<arg>${Preference_Discription_Locator}</arg>
<arg>123dswd</arg>
<doc>Types the given ``text`` into the text field identified by ``locator``.</doc>
<msg timestamp="20221210 23:50:46.516" level="INFO">Typing text '123dswd' into text field '//div[@data-fieldname='description']//input[@type='text']'.</msg>
<status status="PASS" starttime="20221210 23:50:46.514" endtime="20221210 23:50:46.930"/>
</kw>
<kw name="Select the Academic Program" library="PreferencesPage">
<kw name="Click Element" library="SeleniumLibrary">
<arg>${Preference_AcademicProgram_Locator}</arg>
<doc>Click the element identified by ``locator``.</doc>
<msg timestamp="20221210 23:50:46.930" level="INFO">Clicking element '//div[contains(@data-fieldname,'academic_program')]//div[contains(@class,'form-group')]//input[contains(@role,'combobox')]'.</msg>
<status status="PASS" starttime="20221210 23:50:46.930" endtime="20221210 23:50:47.130"/>
</kw>
<kw name="Wait Until Page Contains Element" library="SeleniumLibrary">
<arg>${Preference_AcademicProgram_Option}</arg>
<doc>Waits until the element ``locator`` appears on the current page.</doc>
<status status="PASS" starttime="20221210 23:50:47.132" endtime="20221210 23:50:48.363"/>
</kw>
<kw name="Click Element" library="SeleniumLibrary">
<arg>${Preference_AcademicProgram_Option}</arg>
<doc>Click the element identified by ``locator``.</doc>
<msg timestamp="20221210 23:50:48.363" level="INFO">Clicking element '//*[@id='awesomplete_list_14']/li[1]'.</msg>
<status status="PASS" starttime="20221210 23:50:48.363" endtime="20221210 23:50:48.512"/>
</kw>
<kw name="Sleep" library="BuiltIn">
<arg>1</arg>
<doc>Pauses the test executed for the given time.</doc>
<msg timestamp="20221210 23:50:49.519" level="INFO">Slept 1 second</msg>
<status status="PASS" starttime="20221210 23:50:48.516" endtime="20221210 23:50:49.520"/>
</kw>
<status status="PASS" starttime="20221210 23:50:46.930" endtime="20221210 23:50:49.520"/>
</kw>
<kw name="Select the campus" library="PreferencesPage">
<kw name="Click Element" library="SeleniumLibrary">
<arg>${Preference_campus_Locator}</arg>
<doc>Click the element identified by ``locator``.</doc>
<msg timestamp="20221210 23:50:49.526" level="INFO">Clicking element '//div[@data-fieldname='campus']//div[@class='form-group']//input[@role='combobox']'.</msg>
<status status="PASS" starttime="20221210 23:50:49.520" endtime="20221210 23:50:49.727"/>
</kw>
<kw name="Sleep" library="BuiltIn">
<arg>2</arg>
<doc>Pauses the test executed for the given time.</doc>
<msg timestamp="20221210 23:50:51.744" level="INFO">Slept 2 seconds</msg>
<status status="PASS" starttime="20221210 23:50:49.727" endtime="20221210 23:50:51.744"/>
</kw>
<kw name="Wait Until Page Contains Element" library="SeleniumLibrary">
<arg>${Preference_campus_Option}</arg>
<doc>Waits until the element ``locator`` appears on the current page.</doc>
<status status="PASS" starttime="20221210 23:50:51.746" endtime="20221210 23:50:51.802"/>
</kw>
<kw name="Click Element" library="SeleniumLibrary">
<arg>${Preference_campus_Option}</arg>
<doc>Click the element identified by ``locator``.</doc>
<msg timestamp="20221210 23:50:51.802" level="INFO">Clicking element '//*[@id='awesomplete_list_16']/li[1]'.</msg>
<status status="PASS" starttime="20221210 23:50:51.802" endtime="20221210 23:50:51.940"/>
</kw>
<status status="PASS" starttime="20221210 23:50:49.520" endtime="20221210 23:50:51.948"/>
</kw>
<kw name="Sleep" library="BuiltIn">
<arg>3</arg>
<doc>Pauses the test executed for the given time.</doc>
<msg timestamp="20221210 23:50:54.959" level="INFO">Slept 3 seconds</msg>
<status status="PASS" starttime="20221210 23:50:51.948" endtime="20221210 23:50:54.960"/>
</kw>
<kw name="Wait Until Page Contains Element" library="SeleniumLibrary">
<arg>${Preference_Capacity_Locator}</arg>
<doc>Waits until the element ``locator`` appears on the current page.</doc>
<status status="PASS" starttime="20221210 23:50:54.960" endtime="20221210 23:50:55.001"/>
</kw>
<status status="PASS" starttime="20221210 23:50:43.547" endtime="20221210 23:50:55.001"/>
</kw>
<kw name="Submit Preferences Form" library="PreferencesPage">
<kw name="Wait Until Page Contains Element" library="SeleniumLibrary">
<arg>${Preference_Submit_button}</arg>
<doc>Waits until the element ``locator`` appears on the current page.</doc>
<status status="PASS" starttime="20221210 23:50:55.011" endtime="20221210 23:50:55.052"/>
</kw>
<kw name="Click Element" library="SeleniumLibrary">
<arg>${Preference_Submit_button}</arg>
<doc>Click the element identified by ``locator``.</doc>
<msg timestamp="20221210 23:50:55.052" level="INFO">Clicking element '//button[contains(@data-label,'Save')]'.</msg>
<status status="PASS" starttime="20221210 23:50:55.052" endtime="20221210 23:50:55.237"/>
</kw>
<status status="PASS" starttime="20221210 23:50:55.001" endtime="20221210 23:50:55.237"/>
</kw>
<kw name="Successfully Messages Appears After Submitting" library="common">
<kw name="Sleep" library="BuiltIn">
<arg>2</arg>
<doc>Pauses the test executed for the given time.</doc>
<msg timestamp="20221210 23:50:57.258" level="INFO">Slept 2 seconds</msg>
<status status="PASS" starttime="20221210 23:50:55.247" endtime="20221210 23:50:57.258"/>
</kw>
<kw name="Wait Until Page Contains Element" library="SeleniumLibrary">
<arg>${Successfully_Saved}</arg>
<doc>Waits until the element ``locator`` appears on the current page.</doc>
<status status="PASS" starttime="20221210 23:50:57.258" endtime="20221210 23:50:57.297"/>
</kw>
<kw name="Sleep" library="BuiltIn">
<arg>1</arg>
<doc>Pauses the test executed for the given time.</doc>
<msg timestamp="20221210 23:50:58.312" level="INFO">Slept 1 second</msg>
<status status="PASS" starttime="20221210 23:50:57.304" endtime="20221210 23:50:58.313"/>
</kw>
<status status="PASS" starttime="20221210 23:50:55.247" endtime="20221210 23:50:58.313"/>
</kw>
<kw name="closing Browser" library="common" type="TEARDOWN">
<kw name="Close Browser" library="SeleniumLibrary">
<doc>Closes the current browser.</doc>
<status status="PASS" starttime="20221210 23:50:58.321" endtime="20221210 23:51:00.733"/>
</kw>
<status status="PASS" starttime="20221210 23:50:58.318" endtime="20221210 23:51:00.733"/>
</kw>
<status status="PASS" starttime="20221210 23:50:25.013" endtime="20221210 23:51:00.733"/>
</test>
<doc>MedadCMP Admission</doc>
<status status="PASS" starttime="20221210 23:50:24.968" endtime="20221210 23:51:00.741"/>
</suite>
<status status="FAIL" starttime="20221210 23:49:05.732" endtime="20221210 23:51:00.751"/>
</suite>
<suite id="s1-s3" name="Login" source="c:\Users\MKhaled\CMP\testsrunner\Login">
<suite id="s1-s3-s1" name="Login" source="c:\Users\MKhaled\CMP\testsrunner\Login\Login.robot">
<test id="s1-s3-s1-t1" name="Login with Valid Username &amp; Password" line="8">
<kw name="Login To The ControlPanel" library="LoginPage">
<kw name="Opening Browser" library="common">
<arg>${site_url}${login}</arg>
<arg>${browser}</arg>
<kw name="Open Browser" library="SeleniumLibrary">
<arg>${site_url}</arg>
<arg>${browser}</arg>
<doc>Opens a new browser instance to the optional ``url``.</doc>
<msg timestamp="20221210 23:51:00.831" level="INFO">Opening browser 'Chrome' to base url 'https://sis.medadstg.com/#login'.</msg>
<status status="PASS" starttime="20221210 23:51:00.824" endtime="20221210 23:51:06.355"/>
</kw>
<kw name="Wait Until Page Contains Element" library="SeleniumLibrary">
<arg>${Username_Locator}</arg>
<doc>Waits until the element ``locator`` appears on the current page.</doc>
<status status="PASS" starttime="20221210 23:51:06.355" endtime="20221210 23:51:06.403"/>
</kw>
<status status="PASS" starttime="20221210 23:51:00.814" endtime="20221210 23:51:06.406"/>
</kw>
<kw name="Maximize Browser Window" library="SeleniumLibrary">
<doc>Maximizes current browser window.</doc>
<status status="PASS" starttime="20221210 23:51:06.407" endtime="20221210 23:51:07.010"/>
</kw>
<kw name="Wait Until Page Contains Element" library="SeleniumLibrary">
<arg>${Username_Locator}</arg>
<doc>Waits until the element ``locator`` appears on the current page.</doc>
<status status="PASS" starttime="20221210 23:51:07.010" endtime="20221210 23:51:07.072"/>
</kw>
<kw name="Fill username &amp; password" library="LoginPage">
<kw name="Get File" library="OperatingSystem">
<var>${json}</var>
<arg>${EXECDIR}\\PageObjects\\TestData\\testdata.json</arg>
<doc>Returns the contents of a specified file.</doc>
<msg timestamp="20221210 23:51:07.076" level="INFO" html="true">Getting file '&lt;a href="file://C:\Users\MKhaled\CMP\PageObjects\TestData\testdata.json"&gt;C:\Users\MKhaled\CMP\PageObjects\TestData\testdata.json&lt;/a&gt;'.</msg>
<msg timestamp="20221210 23:51:07.076" level="INFO">${json} = {
  "Login": {
    "username": "mohammed.khaled@naseej.com",
    "password": "Medad@123"
  },
  "Inistitutions": {
    "Institution_Code": "KdHhn-01",
    "Institution_Name": "MKhaledAutomation",
    ...</msg>
<status status="PASS" starttime="20221210 23:51:07.076" endtime="20221210 23:51:07.084"/>
</kw>
<kw name="Evaluate" library="BuiltIn">
<var>${object}</var>
<arg>json.loads('''${json}''')</arg>
<arg>json</arg>
<doc>Evaluates the given expression in Python and returns the result.</doc>
<msg timestamp="20221210 23:51:07.092" level="INFO">${object} = {'Login': {'username': 'mohammed.khaled@naseej.com', 'password': 'Medad@123'}, 'Inistitutions': {'Institution_Code': 'KdHhn-01', 'Institution_Name': 'MKhaledAutomation', 'Website': 'http://www.goohgle...</msg>
<status status="PASS" starttime="20221210 23:51:07.086" endtime="20221210 23:51:07.092"/>
</kw>
<kw name="Input Text" library="SeleniumLibrary">
<arg>${Username_Locator}</arg>
<arg>${object["Login"]["username"]}</arg>
<doc>Types the given ``text`` into the text field identified by ``locator``.</doc>
<msg timestamp="20221210 23:51:07.102" level="INFO">Typing text 'mohammed.khaled@naseej.com' into text field '//input[@id='login_email']'.</msg>
<status status="PASS" starttime="20221210 23:51:07.092" endtime="20221210 23:51:07.467"/>
</kw>
<kw name="Input Text" library="SeleniumLibrary">
<arg>${password_Locator}</arg>
<arg>${object["Login"]["password"]}</arg>
<doc>Types the given ``text`` into the text field identified by ``locator``.</doc>
<msg timestamp="20221210 23:51:07.476" level="INFO">Typing text 'Medad@123' into text field '//input[@id='login_password']'.</msg>
<status status="PASS" starttime="20221210 23:51:07.469" endtime="20221210 23:51:07.776"/>
</kw>
<status status="PASS" starttime="20221210 23:51:07.076" endtime="20221210 23:51:07.776"/>
</kw>
<kw name="Click on Login button" library="LoginPage">
<kw name="Click Element" library="SeleniumLibrary">
<arg>${Login_Button}</arg>
<doc>Click the element identified by ``locator``.</doc>
<msg timestamp="20221210 23:51:07.776" level="INFO">Clicking element '//button[@type='submit']'.</msg>
<status status="PASS" starttime="20221210 23:51:07.776" endtime="20221210 23:51:08.043"/>
</kw>
<status status="PASS" starttime="20221210 23:51:07.776" endtime="20221210 23:51:08.043"/>
</kw>
<kw name="Home page is opened Successfully" library="LoginPage">
<kw name="Wait Until Page Contains Element" library="SeleniumLibrary">
<arg>${Success_Login}</arg>
<arg>timeout=10</arg>
<doc>Waits until the element ``locator`` appears on the current page.</doc>
<status status="PASS" starttime="20221210 23:51:08.052" endtime="20221210 23:51:13.179"/>
</kw>
<status status="PASS" starttime="20221210 23:51:08.043" endtime="20221210 23:51:13.181"/>
</kw>
<status status="PASS" starttime="20221210 23:51:00.814" endtime="20221210 23:51:13.183"/>
</kw>
<kw name="Wait Until Element Is Visible" library="SeleniumLibrary">
<arg>${Success_Login}</arg>
<arg>timeout=10</arg>
<doc>Waits until the element ``locator`` is visible.</doc>
<status status="PASS" starttime="20221210 23:51:13.208" endtime="20221210 23:51:13.502"/>
</kw>
<status status="PASS" starttime="20221210 23:51:00.814" endtime="20221210 23:51:13.512"/>
</test>
<doc>MedadCMP LoginPage</doc>
<status status="PASS" starttime="20221210 23:51:00.765" endtime="20221210 23:51:13.520"/>
</suite>
<status status="PASS" starttime="20221210 23:51:00.757" endtime="20221210 23:51:13.530"/>
</suite>
<status status="FAIL" starttime="20221210 23:45:42.777" endtime="20221210 23:51:13.544"/>
</suite>
<statistics>
<total>
<stat pass="6" fail="3" skip="0">All Tests</stat>
</total>
<tag>
</tag>
<suite>
<stat pass="6" fail="3" skip="0" id="s1" name="Testsrunner">Testsrunner</stat>
<stat pass="3" fail="2" skip="0" id="s1-s1" name="AcademicStructureTests">Testsrunner.AcademicStructureTests</stat>
<stat pass="0" fail="1" skip="0" id="s1-s1-s1" name="AcademicPrograms">Testsrunner.AcademicStructureTests.AcademicPrograms</stat>
<stat pass="0" fail="1" skip="0" id="s1-s1-s2" name="Campuses">Testsrunner.AcademicStructureTests.Campuses</stat>
<stat pass="1" fail="0" skip="0" id="s1-s1-s3" name="Colleges">Testsrunner.AcademicStructureTests.Colleges</stat>
<stat pass="1" fail="0" skip="0" id="s1-s1-s4" name="Departments">Testsrunner.AcademicStructureTests.Departments</stat>
<stat pass="1" fail="0" skip="0" id="s1-s1-s5" name="Inistitutions">Testsrunner.AcademicStructureTests.Inistitutions</stat>
<stat pass="2" fail="1" skip="0" id="s1-s2" name="AdmissionTests">Testsrunner.AdmissionTests</stat>
<stat pass="0" fail="1" skip="0" id="s1-s2-s1" name="AdmissionCalender">Testsrunner.AdmissionTests.AdmissionCalender</stat>
<stat pass="1" fail="0" skip="0" id="s1-s2-s2" name="ApplicationModel">Testsrunner.AdmissionTests.ApplicationModel</stat>
<stat pass="1" fail="0" skip="0" id="s1-s2-s3" name="Preferences">Testsrunner.AdmissionTests.Preferences</stat>
<stat pass="1" fail="0" skip="0" id="s1-s3" name="Login">Testsrunner.Login</stat>
<stat pass="1" fail="0" skip="0" id="s1-s3-s1" name="Login">Testsrunner.Login.Login</stat>
</suite>
</statistics>
<errors>
</errors>
</robot>
