<?xml version="1.0" encoding="UTF-8"?>
<robot generator="Robot 5.0.1 (Python 3.9.13 on win32)" generated="20221120 18:00:00.146" rpa="false" schemaversion="3">
<suite id="s1" name="Login" source="c:\Users\MKhaled\CMP\Tests\Login.robot">
<test id="s1-t1" name="Login with Valid Username &amp; Password" line="7">
<kw name="Login To The ControlPanel" library="LoginPage">
<arg>${username}</arg>
<arg>${password}</arg>
<kw name="Opening Browser" library="common">
<arg>${site_url}${login}</arg>
<arg>${browser}</arg>
<kw name="Open Browser" library="SeleniumLibrary">
<arg>${site_url}</arg>
<arg>${browser}</arg>
<doc>Opens a new browser instance to the optional ``url``.</doc>
<msg timestamp="20221120 18:00:00.517" level="INFO">Opening browser 'Chrome' to base url 'https://sis.medadstg.com/#login'.</msg>
<status status="PASS" starttime="20221120 18:00:00.517" endtime="20221120 18:00:04.838"/>
</kw>
<kw name="Wait Until Page Contains Element" library="SeleniumLibrary">
<arg>${Username_Locator}</arg>
<doc>Waits until the element ``locator`` appears on the current page.</doc>
<status status="PASS" starttime="20221120 18:00:04.838" endtime="20221120 18:00:04.851"/>
</kw>
<status status="PASS" starttime="20221120 18:00:00.516" endtime="20221120 18:00:04.852"/>
</kw>
<kw name="Maximize Browser Window" library="SeleniumLibrary">
<doc>Maximizes current browser window.</doc>
<status status="PASS" starttime="20221120 18:00:04.852" endtime="20221120 18:00:04.976"/>
</kw>
<kw name="Wait Until Page Contains Element" library="SeleniumLibrary">
<arg>${Username_Locator}</arg>
<doc>Waits until the element ``locator`` appears on the current page.</doc>
<status status="PASS" starttime="20221120 18:00:04.977" endtime="20221120 18:00:04.987"/>
</kw>
<kw name="Enter Username" library="LoginPage">
<kw name="Input Text" library="SeleniumLibrary">
<arg>${Username_Locator}</arg>
<arg>${username}</arg>
<doc>Types the given ``text`` into the text field identified by ``locator``.</doc>
<msg timestamp="20221120 18:00:04.990" level="INFO">Typing text 'mohammed.khaled@naseej.com' into text field '//input[@id='login_email']'.</msg>
<status status="PASS" starttime="20221120 18:00:04.988" endtime="20221120 18:00:05.139"/>
</kw>
<status status="PASS" starttime="20221120 18:00:04.988" endtime="20221120 18:00:05.140"/>
</kw>
<kw name="Enter Password" library="LoginPage">
<kw name="Input Text" library="SeleniumLibrary">
<arg>${password_Locator}</arg>
<arg>${password}</arg>
<doc>Types the given ``text`` into the text field identified by ``locator``.</doc>
<msg timestamp="20221120 18:00:05.141" level="INFO">Typing text 'Medad@123' into text field '//input[@id='login_password']'.</msg>
<status status="PASS" starttime="20221120 18:00:05.140" endtime="20221120 18:00:05.228"/>
</kw>
<status status="PASS" starttime="20221120 18:00:05.140" endtime="20221120 18:00:05.228"/>
</kw>
<kw name=" Click on Login button" library="LoginPage">
<kw name="Click Element" library="SeleniumLibrary">
<arg>${Login_Button}</arg>
<doc>Click the element identified by ``locator``.</doc>
<msg timestamp="20221120 18:00:05.229" level="INFO">Clicking element '//button[@type='submit']'.</msg>
<status status="PASS" starttime="20221120 18:00:05.229" endtime="20221120 18:00:05.273"/>
</kw>
<status status="PASS" starttime="20221120 18:00:05.229" endtime="20221120 18:00:05.273"/>
</kw>
<kw name="Home page is opened Successfully" library="LoginPage">
<kw name="Wait Until Page Contains Element" library="SeleniumLibrary">
<arg>${Success_Login}</arg>
<arg>timeout=10</arg>
<doc>Waits until the element ``locator`` appears on the current page.</doc>
<status status="PASS" starttime="20221120 18:00:05.274" endtime="20221120 18:00:08.675"/>
</kw>
<status status="PASS" starttime="20221120 18:00:05.273" endtime="20221120 18:00:08.675"/>
</kw>
<status status="PASS" starttime="20221120 18:00:00.516" endtime="20221120 18:00:08.675"/>
</kw>
<kw name="Wait Until Element Is Visible" library="SeleniumLibrary">
<arg>${Success_Login}</arg>
<arg>timeout=10</arg>
<doc>Waits until the element ``locator`` is visible.</doc>
<status status="PASS" starttime="20221120 18:00:08.676" endtime="20221120 18:00:08.703"/>
</kw>
<status status="PASS" starttime="20221120 18:00:00.514" endtime="20221120 18:00:08.703"/>
</test>
<doc>MedadCMP LoginPage</doc>
<status status="PASS" starttime="20221120 18:00:00.155" endtime="20221120 18:00:08.705"/>
</suite>
<statistics>
<total>
<stat pass="1" fail="0" skip="0">All Tests</stat>
</total>
<tag>
</tag>
<suite>
<stat pass="1" fail="0" skip="0" id="s1" name="Login">Login</stat>
</suite>
</statistics>
<errors>
</errors>
</robot>
