<?xml version="1.0" encoding="UTF-8"?>
<robot generator="Robot 5.0.1 (Python 3.9.13 on win32)" generated="20221127 10:17:48.740" rpa="false" schemaversion="3">
<suite id="s1" name="Testsrunner" source="c:\Users\MKhaled\CMP\testsrunner">
<suite id="s1-s1" name="AcademicStructure" source="c:\Users\MKhaled\CMP\testsrunner\AcademicStructure.robot">
<test id="s1-s1-t1" name="TC1 : Add new Inistitutions" line="14">
<kw name="Add new Inistitutions" library="InistitutionsPage">
<kw name="Open the AcademicStructure page" library="common">
<kw name="Login To The ControlPanel" library="LoginPage">
<kw name="Opening Browser" library="common">
<arg>${site_url}${login}</arg>
<arg>${browser}</arg>
<kw name="Open Browser" library="SeleniumLibrary">
<arg>${site_url}</arg>
<arg>${browser}</arg>
<doc>Opens a new browser instance to the optional ``url``.</doc>
<msg timestamp="20221127 10:17:49.324" level="INFO">Opening browser 'Chrome' to base url 'https://sis.medadstg.com/#login'.</msg>
<status status="PASS" starttime="20221127 10:17:49.323" endtime="20221127 10:17:53.649"/>
</kw>
<kw name="Wait Until Page Contains Element" library="SeleniumLibrary">
<arg>${Username_Locator}</arg>
<doc>Waits until the element ``locator`` appears on the current page.</doc>
<status status="PASS" starttime="20221127 10:17:53.649" endtime="20221127 10:17:53.673"/>
</kw>
<status status="PASS" starttime="20221127 10:17:49.322" endtime="20221127 10:17:53.674"/>
</kw>
<kw name="Maximize Browser Window" library="SeleniumLibrary">
<doc>Maximizes current browser window.</doc>
<status status="PASS" starttime="20221127 10:17:53.674" endtime="20221127 10:17:53.797"/>
</kw>
<kw name="Wait Until Page Contains Element" library="SeleniumLibrary">
<arg>${Username_Locator}</arg>
<doc>Waits until the element ``locator`` appears on the current page.</doc>
<status status="PASS" starttime="20221127 10:17:53.797" endtime="20221127 10:17:53.806"/>
</kw>
<kw name="Fill username &amp; password" library="LoginPage">
<kw name="Get File" library="OperatingSystem">
<var>${json}</var>
<arg>${EXECDIR}\\PageObjects\\TestData\\testdata.json</arg>
<doc>Returns the contents of a specified file.</doc>
<msg timestamp="20221127 10:17:53.807" level="INFO" html="true">Getting file '&lt;a href="file://C:\Users\MKhaled\CMP\PageObjects\TestData\testdata.json"&gt;C:\Users\MKhaled\CMP\PageObjects\TestData\testdata.json&lt;/a&gt;'.</msg>
<msg timestamp="20221127 10:17:53.808" level="INFO">${json} = {
  "Login": {
    "username": "mohammed.khaled@naseej.com",
    "password": "Medad@123"
  },
  "Inistitutions": {
    "Institution_Code": "KdHhn-01",
    "Institution_Name": "MKhaled",
    "Website":...</msg>
<status status="PASS" starttime="20221127 10:17:53.806" endtime="20221127 10:17:53.808"/>
</kw>
<kw name="Evaluate" library="BuiltIn">
<var>${object}</var>
<arg>json.loads('''${json}''')</arg>
<arg>json</arg>
<doc>Evaluates the given expression in Python and returns the result.</doc>
<msg timestamp="20221127 10:17:53.810" level="INFO">${object} = {'Login': {'username': 'mohammed.khaled@naseej.com', 'password': 'Medad@123'}, 'Inistitutions': {'Institution_Code': 'KdHhn-01', 'Institution_Name': 'MKhaled', 'Website': 'http://www.goohgle.com', 'Em...</msg>
<status status="PASS" starttime="20221127 10:17:53.809" endtime="20221127 10:17:53.811"/>
</kw>
<kw name="Input Text" library="SeleniumLibrary">
<arg>${Username_Locator}</arg>
<arg>${object["Login"]["username"]}</arg>
<doc>Types the given ``text`` into the text field identified by ``locator``.</doc>
<msg timestamp="20221127 10:17:53.813" level="INFO">Typing text 'mohammed.khaled@naseej.com' into text field '//input[@id='login_email']'.</msg>
<status status="PASS" starttime="20221127 10:17:53.811" endtime="20221127 10:17:54.013"/>
</kw>
<kw name="Input Text" library="SeleniumLibrary">
<arg>${password_Locator}</arg>
<arg>${object["Login"]["password"]}</arg>
<doc>Types the given ``text`` into the text field identified by ``locator``.</doc>
<msg timestamp="20221127 10:17:54.020" level="INFO">Typing text 'Medad@123' into text field '//input[@id='login_password']'.</msg>
<status status="PASS" starttime="20221127 10:17:54.014" endtime="20221127 10:17:54.161"/>
</kw>
<status status="PASS" starttime="20221127 10:17:53.806" endtime="20221127 10:17:54.162"/>
</kw>
<kw name="Click on Login button" library="LoginPage">
<kw name="Click Element" library="SeleniumLibrary">
<arg>${Login_Button}</arg>
<doc>Click the element identified by ``locator``.</doc>
<msg timestamp="20221127 10:17:54.163" level="INFO">Clicking element '//button[@type='submit']'.</msg>
<status status="PASS" starttime="20221127 10:17:54.162" endtime="20221127 10:17:54.223"/>
</kw>
<status status="PASS" starttime="20221127 10:17:54.162" endtime="20221127 10:17:54.223"/>
</kw>
<kw name="Home page is opened Successfully" library="LoginPage">
<kw name="Wait Until Page Contains Element" library="SeleniumLibrary">
<arg>${Success_Login}</arg>
<arg>timeout=10</arg>
<doc>Waits until the element ``locator`` appears on the current page.</doc>
<status status="PASS" starttime="20221127 10:17:54.225" endtime="20221127 10:18:00.309"/>
</kw>
<status status="PASS" starttime="20221127 10:17:54.223" endtime="20221127 10:18:00.310"/>
</kw>
<status status="PASS" starttime="20221127 10:17:49.322" endtime="20221127 10:18:00.310"/>
</kw>
<kw name="Click Element" library="SeleniumLibrary">
<arg>${Academic_Structure}</arg>
<doc>Click the element identified by ``locator``.</doc>
<msg timestamp="20221127 10:18:00.312" level="INFO">Clicking element '//a[@href='/app/academic-structure']'.</msg>
<status status="PASS" starttime="20221127 10:18:00.311" endtime="20221127 10:18:00.389"/>
</kw>
<status status="PASS" starttime="20221127 10:17:49.322" endtime="20221127 10:18:00.390"/>
</kw>
<kw name="Open the Institution page" library="InistitutionsPage">
<kw name="Wait Until Page Contains Element" library="SeleniumLibrary">
<arg>${Institution_Link}</arg>
<doc>Waits until the element ``locator`` appears on the current page.</doc>
<status status="PASS" starttime="20221127 10:18:00.392" endtime="20221127 10:18:00.868"/>
</kw>
<kw name="Click Element" library="SeleniumLibrary">
<arg>${Institution_Link}</arg>
<doc>Click the element identified by ``locator``.</doc>
<msg timestamp="20221127 10:18:00.871" level="INFO">Clicking element '//a[@href='/app/institution']'.</msg>
<status status="PASS" starttime="20221127 10:18:00.869" endtime="20221127 10:18:00.969"/>
</kw>
<status status="PASS" starttime="20221127 10:18:00.390" endtime="20221127 10:18:00.971"/>
</kw>
<kw name="Click button Add new Inistitutions" library="InistitutionsPage">
<kw name="Wait Until Page Contains Element" library="SeleniumLibrary">
<arg>${Add_Inistitutions}</arg>
<doc>Waits until the element ``locator`` appears on the current page.</doc>
<status status="PASS" starttime="20221127 10:18:00.977" endtime="20221127 10:18:01.664"/>
</kw>
<kw name="Click Element" library="SeleniumLibrary">
<arg>${Add_Inistitutions}</arg>
<doc>Click the element identified by ``locator``.</doc>
<msg timestamp="20221127 10:18:01.667" level="INFO">Clicking element '//div[@id='page-List/Institution/List']//button[@class='btn btn-primary btn-sm primary-action']'.</msg>
<status status="PASS" starttime="20221127 10:18:01.665" endtime="20221127 10:18:01.907"/>
</kw>
<kw name="Sleep" library="BuiltIn">
<arg>2</arg>
<doc>Pauses the test executed for the given time.</doc>
<msg timestamp="20221127 10:18:03.920" level="INFO">Slept 2 seconds</msg>
<status status="PASS" starttime="20221127 10:18:01.908" endtime="20221127 10:18:03.921"/>
</kw>
<status status="PASS" starttime="20221127 10:18:00.974" endtime="20221127 10:18:03.921"/>
</kw>
<kw name="Fill Form of Add Inistitutions" library="InistitutionsPage">
<kw name="Get File" library="OperatingSystem">
<var>${json}</var>
<arg>${EXECDIR}\\PageObjects\\TestData\\testdata.json</arg>
<doc>Returns the contents of a specified file.</doc>
<msg timestamp="20221127 10:18:03.924" level="INFO" html="true">Getting file '&lt;a href="file://C:\Users\MKhaled\CMP\PageObjects\TestData\testdata.json"&gt;C:\Users\MKhaled\CMP\PageObjects\TestData\testdata.json&lt;/a&gt;'.</msg>
<msg timestamp="20221127 10:18:03.925" level="INFO">${json} = {
  "Login": {
    "username": "mohammed.khaled@naseej.com",
    "password": "Medad@123"
  },
  "Inistitutions": {
    "Institution_Code": "KdHhn-01",
    "Institution_Name": "MKhaled",
    "Website":...</msg>
<status status="PASS" starttime="20221127 10:18:03.923" endtime="20221127 10:18:03.926"/>
</kw>
<kw name="Evaluate" library="BuiltIn">
<var>${object}</var>
<arg>json.loads('''${json}''')</arg>
<arg>json</arg>
<doc>Evaluates the given expression in Python and returns the result.</doc>
<msg timestamp="20221127 10:18:03.927" level="INFO">${object} = {'Login': {'username': 'mohammed.khaled@naseej.com', 'password': 'Medad@123'}, 'Inistitutions': {'Institution_Code': 'KdHhn-01', 'Institution_Name': 'MKhaled', 'Website': 'http://www.goohgle.com', 'Em...</msg>
<status status="PASS" starttime="20221127 10:18:03.927" endtime="20221127 10:18:03.927"/>
</kw>
<kw name="Input Text" library="SeleniumLibrary">
<arg>${Institution_Code_Locator}</arg>
<arg>${object["Inistitutions"]["Institution_Code"]}</arg>
<doc>Types the given ``text`` into the text field identified by ``locator``.</doc>
<msg timestamp="20221127 10:18:03.933" level="INFO">Typing text 'KdHhn-01' into text field '//input[@data-fieldname='institution_code']'.</msg>
<status status="PASS" starttime="20221127 10:18:03.929" endtime="20221127 10:18:04.095"/>
</kw>
<kw name="Input Text" library="SeleniumLibrary">
<arg>${Institution_Name_Locator}</arg>
<arg>${object["Inistitutions"]["Institution_Name"]}</arg>
<doc>Types the given ``text`` into the text field identified by ``locator``.</doc>
<msg timestamp="20221127 10:18:04.101" level="INFO">Typing text 'MKhaled' into text field '//input[@data-fieldname='institution_name']'.</msg>
<status status="PASS" starttime="20221127 10:18:04.096" endtime="20221127 10:18:04.309"/>
</kw>
<kw name="Select field Institutional Type" library="InistitutionsPage">
<kw name="Click Element" library="SeleniumLibrary">
<arg>${Institutional_Type_Locator}</arg>
<doc>Click the element identified by ``locator``.</doc>
<msg timestamp="20221127 10:18:04.312" level="INFO">Clicking element '//input[@data-fieldname='institutional_type']'.</msg>
<status status="PASS" starttime="20221127 10:18:04.311" endtime="20221127 10:18:04.460"/>
</kw>
<kw name="Sleep" library="BuiltIn">
<arg>2</arg>
<doc>Pauses the test executed for the given time.</doc>
<msg timestamp="20221127 10:18:06.476" level="INFO">Slept 2 seconds</msg>
<status status="PASS" starttime="20221127 10:18:04.461" endtime="20221127 10:18:06.477"/>
</kw>
<kw name="Wait Until Page Contains Element" library="SeleniumLibrary">
<arg>${Institutional_Type_Selected}</arg>
<arg>timeout=10</arg>
<doc>Waits until the element ``locator`` appears on the current page.</doc>
<status status="PASS" starttime="20221127 10:18:06.477" endtime="20221127 10:18:06.501"/>
</kw>
<kw name="Click Element" library="SeleniumLibrary">
<arg>${Institutional_Type_Selected}</arg>
<doc>Click the element identified by ``locator``.</doc>
<msg timestamp="20221127 10:18:06.504" level="INFO">Clicking element '//ul[@id='awesomplete_list_4']/li[1]'.</msg>
<status status="PASS" starttime="20221127 10:18:06.502" endtime="20221127 10:18:06.626"/>
</kw>
<status status="PASS" starttime="20221127 10:18:04.310" endtime="20221127 10:18:06.627"/>
</kw>
<kw name="Input Text" library="SeleniumLibrary">
<arg>${Website_Locator}</arg>
<arg>${object["Inistitutions"]["Website"]}</arg>
<doc>Types the given ``text`` into the text field identified by ``locator``.</doc>
<msg timestamp="20221127 10:18:06.637" level="INFO">Typing text 'http://www.goohgle.com' into text field '//input[@data-fieldname='website']'.</msg>
<status status="PASS" starttime="20221127 10:18:06.628" endtime="20221127 10:18:06.970"/>
</kw>
<kw name="Input Text" library="SeleniumLibrary">
<arg>${Email_Locator}</arg>
<arg>${object["Inistitutions"]["Email"]}</arg>
<doc>Types the given ``text`` into the text field identified by ``locator``.</doc>
<msg timestamp="20221127 10:18:06.975" level="INFO">Typing text 'test@thest.com' into text field '//input[@data-fieldname='email']'.</msg>
<status status="PASS" starttime="20221127 10:18:06.970" endtime="20221127 10:18:07.196"/>
</kw>
<kw name="Select field Ownership for Inistitutions" library="InistitutionsPage">
<kw name="Click Element" library="SeleniumLibrary">
<arg>${Ownership_Locator}</arg>
<doc>Click the element identified by ``locator``.</doc>
<msg timestamp="20221127 10:18:07.201" level="INFO">Clicking element '//input[@data-fieldname='ownership']'.</msg>
<status status="PASS" starttime="20221127 10:18:07.199" endtime="20221127 10:18:07.313"/>
</kw>
<kw name="Wait Until Page Contains Element" library="SeleniumLibrary">
<arg>${Ownership_Selected}</arg>
<doc>Waits until the element ``locator`` appears on the current page.</doc>
<status status="PASS" starttime="20221127 10:18:07.314" endtime="20221127 10:18:08.644"/>
</kw>
<kw name="Click Element" library="SeleniumLibrary">
<arg>${Ownership_Selected}</arg>
<doc>Click the element identified by ``locator``.</doc>
<msg timestamp="20221127 10:18:08.647" level="INFO">Clicking element '//ul[@id='awesomplete_list_5']/li[1]'.</msg>
<status status="PASS" starttime="20221127 10:18:08.646" endtime="20221127 10:18:08.727"/>
</kw>
<status status="PASS" starttime="20221127 10:18:07.198" endtime="20221127 10:18:08.728"/>
</kw>
<kw name="Input Text" library="SeleniumLibrary">
<arg>${Location_Locator}</arg>
<arg>${object["Inistitutions"]["Location"]}</arg>
<doc>Types the given ``text`` into the text field identified by ``locator``.</doc>
<msg timestamp="20221127 10:18:08.733" level="INFO">Typing text 'Tanta' into text field '//input[@data-fieldname='location'][@data-doctype='Institution']'.</msg>
<status status="PASS" starttime="20221127 10:18:08.729" endtime="20221127 10:18:08.894"/>
</kw>
<kw name="Input Text" library="SeleniumLibrary">
<arg>${MOE_Number_Locator}</arg>
<arg>${object["Inistitutions"]["MOE_Number"]}</arg>
<doc>Types the given ``text`` into the text field identified by ``locator``.</doc>
<msg timestamp="20221127 10:18:08.900" level="INFO">Typing text '15' into text field '//input[@data-fieldname='moe_number']'.</msg>
<status status="PASS" starttime="20221127 10:18:08.894" endtime="20221127 10:18:09.045"/>
</kw>
<kw name="Select field Time Zone" library="InistitutionsPage">
<kw name="Click Element" library="SeleniumLibrary">
<arg>${Time_Zone_Locator}</arg>
<doc>Click the element identified by ``locator``.</doc>
<msg timestamp="20221127 10:18:09.049" level="INFO">Clicking element '//select[@data-fieldname='time_zone']'.</msg>
<status status="PASS" starttime="20221127 10:18:09.048" endtime="20221127 10:18:09.199"/>
</kw>
<kw name="Wait Until Page Contains Element" library="SeleniumLibrary">
<arg>${Time_Zone_Selected}</arg>
<doc>Waits until the element ``locator`` appears on the current page.</doc>
<status status="PASS" starttime="20221127 10:18:09.200" endtime="20221127 10:18:09.240"/>
</kw>
<kw name="Click Element" library="SeleniumLibrary">
<arg>${Time_Zone_Selected}</arg>
<doc>Click the element identified by ``locator``.</doc>
<msg timestamp="20221127 10:18:09.241" level="INFO">Clicking element '//select[@data-fieldname='time_zone']/option[1]'.</msg>
<status status="PASS" starttime="20221127 10:18:09.240" endtime="20221127 10:18:09.345"/>
</kw>
<status status="PASS" starttime="20221127 10:18:09.046" endtime="20221127 10:18:09.347"/>
</kw>
<status status="PASS" starttime="20221127 10:18:03.922" endtime="20221127 10:18:09.348"/>
</kw>
<kw name="click submit Institution Button" library="InistitutionsPage">
<kw name="Wait Until Page Contains Element" library="SeleniumLibrary">
<arg>${Submit_Institution}</arg>
<doc>Waits until the element ``locator`` appears on the current page.</doc>
<status status="PASS" starttime="20221127 10:18:09.351" endtime="20221127 10:18:09.370"/>
</kw>
<kw name="Click Element" library="SeleniumLibrary">
<arg>${Submit_Institution}</arg>
<doc>Click the element identified by ``locator``.</doc>
<msg timestamp="20221127 10:18:09.371" level="INFO">Clicking element '//button[@data-label='Save']'.</msg>
<status status="PASS" starttime="20221127 10:18:09.371" endtime="20221127 10:18:09.467"/>
</kw>
<kw name="Wait Until Page Contains Element" library="SeleniumLibrary">
<arg>${Successfully_Saved}</arg>
<doc>Waits until the element ``locator`` appears on the current page.</doc>
<status status="PASS" starttime="20221127 10:18:09.468" endtime="20221127 10:18:10.362"/>
</kw>
<status status="PASS" starttime="20221127 10:18:09.349" endtime="20221127 10:18:10.363"/>
</kw>
<status status="PASS" starttime="20221127 10:17:49.321" endtime="20221127 10:18:10.363"/>
</kw>
<kw name="closing Browser" library="common" type="TEARDOWN">
<kw name="Close Browser" library="SeleniumLibrary">
<doc>Closes the current browser.</doc>
<status status="PASS" starttime="20221127 10:18:10.366" endtime="20221127 10:18:12.585"/>
</kw>
<status status="PASS" starttime="20221127 10:18:10.365" endtime="20221127 10:18:12.586"/>
</kw>
<status status="PASS" starttime="20221127 10:17:49.320" endtime="20221127 10:18:12.587"/>
</test>
<test id="s1-s1-t2" name="TC2 : Add new College" line="17">
<kw name="Add new College" library="CollegesPage">
<kw name="Open the AcademicStructure page" library="common">
<kw name="Login To The ControlPanel" library="LoginPage">
<kw name="Opening Browser" library="common">
<arg>${site_url}${login}</arg>
<arg>${browser}</arg>
<kw name="Open Browser" library="SeleniumLibrary">
<arg>${site_url}</arg>
<arg>${browser}</arg>
<doc>Opens a new browser instance to the optional ``url``.</doc>
<msg timestamp="20221127 10:18:12.603" level="INFO">Opening browser 'Chrome' to base url 'https://sis.medadstg.com/#login'.</msg>
<status status="PASS" starttime="20221127 10:18:12.603" endtime="20221127 10:18:16.826"/>
</kw>
<kw name="Wait Until Page Contains Element" library="SeleniumLibrary">
<arg>${Username_Locator}</arg>
<doc>Waits until the element ``locator`` appears on the current page.</doc>
<status status="PASS" starttime="20221127 10:18:16.826" endtime="20221127 10:18:16.844"/>
</kw>
<status status="PASS" starttime="20221127 10:18:12.601" endtime="20221127 10:18:16.844"/>
</kw>
<kw name="Maximize Browser Window" library="SeleniumLibrary">
<doc>Maximizes current browser window.</doc>
<status status="PASS" starttime="20221127 10:18:16.845" endtime="20221127 10:18:16.967"/>
</kw>
<kw name="Wait Until Page Contains Element" library="SeleniumLibrary">
<arg>${Username_Locator}</arg>
<doc>Waits until the element ``locator`` appears on the current page.</doc>
<status status="PASS" starttime="20221127 10:18:16.968" endtime="20221127 10:18:16.979"/>
</kw>
<kw name="Fill username &amp; password" library="LoginPage">
<kw name="Get File" library="OperatingSystem">
<var>${json}</var>
<arg>${EXECDIR}\\PageObjects\\TestData\\testdata.json</arg>
<doc>Returns the contents of a specified file.</doc>
<msg timestamp="20221127 10:18:16.981" level="INFO" html="true">Getting file '&lt;a href="file://C:\Users\MKhaled\CMP\PageObjects\TestData\testdata.json"&gt;C:\Users\MKhaled\CMP\PageObjects\TestData\testdata.json&lt;/a&gt;'.</msg>
<msg timestamp="20221127 10:18:16.982" level="INFO">${json} = {
  "Login": {
    "username": "mohammed.khaled@naseej.com",
    "password": "Medad@123"
  },
  "Inistitutions": {
    "Institution_Code": "KdHhn-01",
    "Institution_Name": "MKhaled",
    "Website":...</msg>
<status status="PASS" starttime="20221127 10:18:16.980" endtime="20221127 10:18:16.983"/>
</kw>
<kw name="Evaluate" library="BuiltIn">
<var>${object}</var>
<arg>json.loads('''${json}''')</arg>
<arg>json</arg>
<doc>Evaluates the given expression in Python and returns the result.</doc>
<msg timestamp="20221127 10:18:16.986" level="INFO">${object} = {'Login': {'username': 'mohammed.khaled@naseej.com', 'password': 'Medad@123'}, 'Inistitutions': {'Institution_Code': 'KdHhn-01', 'Institution_Name': 'MKhaled', 'Website': 'http://www.goohgle.com', 'Em...</msg>
<status status="PASS" starttime="20221127 10:18:16.984" endtime="20221127 10:18:16.986"/>
</kw>
<kw name="Input Text" library="SeleniumLibrary">
<arg>${Username_Locator}</arg>
<arg>${object["Login"]["username"]}</arg>
<doc>Types the given ``text`` into the text field identified by ``locator``.</doc>
<msg timestamp="20221127 10:18:16.993" level="INFO">Typing text 'mohammed.khaled@naseej.com' into text field '//input[@id='login_email']'.</msg>
<status status="PASS" starttime="20221127 10:18:16.987" endtime="20221127 10:18:17.217"/>
</kw>
<kw name="Input Text" library="SeleniumLibrary">
<arg>${password_Locator}</arg>
<arg>${object["Login"]["password"]}</arg>
<doc>Types the given ``text`` into the text field identified by ``locator``.</doc>
<msg timestamp="20221127 10:18:17.223" level="INFO">Typing text 'Medad@123' into text field '//input[@id='login_password']'.</msg>
<status status="PASS" starttime="20221127 10:18:17.218" endtime="20221127 10:18:17.350"/>
</kw>
<status status="PASS" starttime="20221127 10:18:16.979" endtime="20221127 10:18:17.351"/>
</kw>
<kw name="Click on Login button" library="LoginPage">
<kw name="Click Element" library="SeleniumLibrary">
<arg>${Login_Button}</arg>
<doc>Click the element identified by ``locator``.</doc>
<msg timestamp="20221127 10:18:17.354" level="INFO">Clicking element '//button[@type='submit']'.</msg>
<status status="PASS" starttime="20221127 10:18:17.352" endtime="20221127 10:18:17.406"/>
</kw>
<status status="PASS" starttime="20221127 10:18:17.352" endtime="20221127 10:18:17.407"/>
</kw>
<kw name="Home page is opened Successfully" library="LoginPage">
<kw name="Wait Until Page Contains Element" library="SeleniumLibrary">
<arg>${Success_Login}</arg>
<arg>timeout=10</arg>
<doc>Waits until the element ``locator`` appears on the current page.</doc>
<status status="PASS" starttime="20221127 10:18:17.409" endtime="20221127 10:18:19.793"/>
</kw>
<status status="PASS" starttime="20221127 10:18:17.408" endtime="20221127 10:18:19.793"/>
</kw>
<status status="PASS" starttime="20221127 10:18:12.599" endtime="20221127 10:18:19.794"/>
</kw>
<kw name="Click Element" library="SeleniumLibrary">
<arg>${Academic_Structure}</arg>
<doc>Click the element identified by ``locator``.</doc>
<msg timestamp="20221127 10:18:19.796" level="INFO">Clicking element '//a[@href='/app/academic-structure']'.</msg>
<status status="PASS" starttime="20221127 10:18:19.794" endtime="20221127 10:18:19.875"/>
</kw>
<status status="PASS" starttime="20221127 10:18:12.598" endtime="20221127 10:18:19.875"/>
</kw>
<kw name="Open the Colleges page" library="CollegesPage">
<kw name="Wait Until Page Contains Element" library="SeleniumLibrary">
<arg>${College_Link}</arg>
<doc>Waits until the element ``locator`` appears on the current page.</doc>
<status status="PASS" starttime="20221127 10:18:19.877" endtime="20221127 10:18:20.329"/>
</kw>
<kw name="Click Element" library="SeleniumLibrary">
<arg>${College_Link}</arg>
<doc>Click the element identified by ``locator``.</doc>
<msg timestamp="20221127 10:18:20.330" level="INFO">Clicking element '//a[@href='/app/college']'.</msg>
<status status="PASS" starttime="20221127 10:18:20.329" endtime="20221127 10:18:20.393"/>
</kw>
<status status="PASS" starttime="20221127 10:18:19.876" endtime="20221127 10:18:20.394"/>
</kw>
<kw name="Click add colleges button" library="CollegesPage">
<kw name="Sleep" library="BuiltIn">
<arg>2</arg>
<doc>Pauses the test executed for the given time.</doc>
<msg timestamp="20221127 10:18:22.404" level="INFO">Slept 2 seconds</msg>
<status status="PASS" starttime="20221127 10:18:20.396" endtime="20221127 10:18:22.404"/>
</kw>
<kw name="Wait Until Page Contains Element" library="SeleniumLibrary">
<arg>${Add_College}</arg>
<arg>timeout=10</arg>
<doc>Waits until the element ``locator`` appears on the current page.</doc>
<status status="PASS" starttime="20221127 10:18:22.404" endtime="20221127 10:18:22.431"/>
</kw>
<kw name="Click Element" library="SeleniumLibrary">
<arg>${Add_College}</arg>
<doc>Click the element identified by ``locator``.</doc>
<msg timestamp="20221127 10:18:22.432" level="INFO">Clicking element '//span[@data-label='Add%20College']'.</msg>
<status status="PASS" starttime="20221127 10:18:22.431" endtime="20221127 10:18:22.656"/>
</kw>
<status status="PASS" starttime="20221127 10:18:20.394" endtime="20221127 10:18:22.657"/>
</kw>
<kw name="Fill Form of Add Colleges" library="CollegesPage">
<kw name="Get File" library="OperatingSystem">
<var>${json}</var>
<arg>${EXECDIR}\\PageObjects\\TestData\\testdata.json</arg>
<doc>Returns the contents of a specified file.</doc>
<msg timestamp="20221127 10:18:22.659" level="INFO" html="true">Getting file '&lt;a href="file://C:\Users\MKhaled\CMP\PageObjects\TestData\testdata.json"&gt;C:\Users\MKhaled\CMP\PageObjects\TestData\testdata.json&lt;/a&gt;'.</msg>
<msg timestamp="20221127 10:18:22.660" level="INFO">${json} = {
  "Login": {
    "username": "mohammed.khaled@naseej.com",
    "password": "Medad@123"
  },
  "Inistitutions": {
    "Institution_Code": "KdHhn-01",
    "Institution_Name": "MKhaled",
    "Website":...</msg>
<status status="PASS" starttime="20221127 10:18:22.659" endtime="20221127 10:18:22.662"/>
</kw>
<kw name="Evaluate" library="BuiltIn">
<var>${object}</var>
<arg>json.loads('''${json}''')</arg>
<arg>json</arg>
<doc>Evaluates the given expression in Python and returns the result.</doc>
<msg timestamp="20221127 10:18:22.664" level="INFO">${object} = {'Login': {'username': 'mohammed.khaled@naseej.com', 'password': 'Medad@123'}, 'Inistitutions': {'Institution_Code': 'KdHhn-01', 'Institution_Name': 'MKhaled', 'Website': 'http://www.goohgle.com', 'Em...</msg>
<status status="PASS" starttime="20221127 10:18:22.662" endtime="20221127 10:18:22.664"/>
</kw>
<kw name="Input Text" library="SeleniumLibrary">
<arg>${College_Name_Locator}</arg>
<arg>${object["Colleges"]["College_Name"]}</arg>
<doc>Types the given ``text`` into the text field identified by ``locator``.</doc>
<msg timestamp="20221127 10:18:22.672" level="INFO">Typing text 'mokhaled1' into text field '//input[@data-fieldname='college_name'][@data-doctype='College']'.</msg>
<status status="PASS" starttime="20221127 10:18:22.665" endtime="20221127 10:18:22.862"/>
</kw>
<kw name="Input Text" library="SeleniumLibrary">
<arg>${College_Code_Locator}</arg>
<arg>${object["Colleges"]["College_Code"]}</arg>
<doc>Types the given ``text`` into the text field identified by ``locator``.</doc>
<msg timestamp="20221127 10:18:22.871" level="INFO">Typing text '21211' into text field '//input[@data-fieldname='college_code'][@data-doctype='College']'.</msg>
<status status="PASS" starttime="20221127 10:18:22.865" endtime="20221127 10:18:23.129"/>
</kw>
<kw name="Select field Establishment Date" library="CollegesPage">
<kw name="Click Element" library="SeleniumLibrary">
<arg>${Establishment_date_Locator}</arg>
<doc>Click the element identified by ``locator``.</doc>
<msg timestamp="20221127 10:18:23.131" level="INFO">Clicking element '//input[@data-fieldname='establishment_date']'.</msg>
<status status="PASS" starttime="20221127 10:18:23.130" endtime="20221127 10:18:23.242"/>
</kw>
<kw name="Wait Until Page Contains Element" library="SeleniumLibrary">
<arg>${Establishment_date}</arg>
<doc>Waits until the element ``locator`` appears on the current page.</doc>
<status status="PASS" starttime="20221127 10:18:23.243" endtime="20221127 10:18:23.270"/>
</kw>
<kw name="Click Element" library="SeleniumLibrary">
<arg>${Establishment_date}</arg>
<doc>Click the element identified by ``locator``.</doc>
<msg timestamp="20221127 10:18:23.272" level="INFO">Clicking element '//*[@id='datepickers-container']/div/div[1]/div/div[2]/div[4]'.</msg>
<status status="PASS" starttime="20221127 10:18:23.271" endtime="20221127 10:18:23.384"/>
</kw>
<status status="PASS" starttime="20221127 10:18:23.129" endtime="20221127 10:18:23.385"/>
</kw>
<kw name="Add the related Campus" library="CollegesPage">
<kw name="Click Element" library="SeleniumLibrary">
<arg>${Open_campus_collapse}</arg>
<doc>Click the element identified by ``locator``.</doc>
<msg timestamp="20221127 10:18:23.389" level="INFO">Clicking element '//DIV[@class='section-head collapsed']'.</msg>
<status status="PASS" starttime="20221127 10:18:23.387" endtime="20221127 10:18:23.506"/>
</kw>
<kw name="Sleep" library="BuiltIn">
<arg>2</arg>
<doc>Pauses the test executed for the given time.</doc>
<msg timestamp="20221127 10:18:25.509" level="INFO">Slept 2 seconds</msg>
<status status="PASS" starttime="20221127 10:18:23.507" endtime="20221127 10:18:25.510"/>
</kw>
<kw name="Wait Until Page Contains Element" library="SeleniumLibrary">
<arg>${Add_capmus_row}</arg>
<doc>Waits until the element ``locator`` appears on the current page.</doc>
<status status="PASS" starttime="20221127 10:18:25.511" endtime="20221127 10:18:25.540"/>
</kw>
<kw name="Click Element" library="SeleniumLibrary">
<arg>${click_in_campus_row}</arg>
<doc>Click the element identified by ``locator``.</doc>
<msg timestamp="20221127 10:18:25.541" level="INFO">Clicking element '//*[@id='page-College']/div[2]/div[2]/div/div[3]/div[2]/div[1]/div[2]/div/div/div[3]/div[2]/div[2]/div/form/div/div[2]/div[2]/div[1]/div/div/div[2]'.</msg>
<status status="PASS" starttime="20221127 10:18:25.541" endtime="20221127 10:18:25.636"/>
</kw>
<kw name="Sleep" library="BuiltIn">
<arg>2</arg>
<doc>Pauses the test executed for the given time.</doc>
<msg timestamp="20221127 10:18:27.649" level="INFO">Slept 2 seconds</msg>
<status status="PASS" starttime="20221127 10:18:25.638" endtime="20221127 10:18:27.650"/>
</kw>
<kw name="Input Text" library="SeleniumLibrary">
<arg>//input[@placeholder='Campus Name']</arg>
<arg>Helwan</arg>
<doc>Types the given ``text`` into the text field identified by ``locator``.</doc>
<msg timestamp="20221127 10:18:27.651" level="INFO">Typing text 'Helwan' into text field '//input[@placeholder='Campus Name']'.</msg>
<status status="PASS" starttime="20221127 10:18:27.651" endtime="20221127 10:18:27.807"/>
</kw>
<kw name="Sleep" library="BuiltIn">
<arg>1</arg>
<doc>Pauses the test executed for the given time.</doc>
<msg timestamp="20221127 10:18:28.814" level="INFO">Slept 1 second</msg>
<status status="PASS" starttime="20221127 10:18:27.808" endtime="20221127 10:18:28.815"/>
</kw>
<kw name="Press Keys" library="SeleniumLibrary">
<arg>//input[@placeholder='Campus Name']</arg>
<arg>ENTER</arg>
<doc>Simulates the user pressing key(s) to an element or on the active browser.</doc>
<msg timestamp="20221127 10:18:28.816" level="INFO">Sending key(s) ('ENTER',) to //input[@placeholder='Campus Name'] element.</msg>
<msg timestamp="20221127 10:18:29.123" level="INFO">Pressing special key ENTER to element.</msg>
<msg timestamp="20221127 10:18:29.124" level="INFO">Releasing special key ENTER.</msg>
<status status="PASS" starttime="20221127 10:18:28.815" endtime="20221127 10:18:29.137"/>
</kw>
<status status="PASS" starttime="20221127 10:18:23.386" endtime="20221127 10:18:29.138"/>
</kw>
<status status="PASS" starttime="20221127 10:18:22.658" endtime="20221127 10:18:29.139"/>
</kw>
<kw name="Click submit college button" library="CollegesPage">
<kw name="Click Element" library="SeleniumLibrary">
<arg>${Submit_college}</arg>
<doc>Click the element identified by ``locator``.</doc>
<msg timestamp="20221127 10:18:29.142" level="INFO">Clicking element '//*[@id='page-College']/div[1]/div/div/div[2]/div[3]/button[2]/span'.</msg>
<status status="PASS" starttime="20221127 10:18:29.140" endtime="20221127 10:18:29.229"/>
</kw>
<kw name="Sleep" library="BuiltIn">
<arg>2</arg>
<doc>Pauses the test executed for the given time.</doc>
<msg timestamp="20221127 10:18:31.238" level="INFO">Slept 2 seconds</msg>
<status status="PASS" starttime="20221127 10:18:29.229" endtime="20221127 10:18:31.239"/>
</kw>
<kw name="Wait Until Page Contains Element" library="SeleniumLibrary">
<arg>${Successfully_Saved}</arg>
<doc>Waits until the element ``locator`` appears on the current page.</doc>
<status status="PASS" starttime="20221127 10:18:31.240" endtime="20221127 10:18:31.262"/>
</kw>
<status status="PASS" starttime="20221127 10:18:29.139" endtime="20221127 10:18:31.262"/>
</kw>
<status status="PASS" starttime="20221127 10:18:12.596" endtime="20221127 10:18:31.263"/>
</kw>
<kw name="closing Browser" library="common" type="TEARDOWN">
<kw name="Close Browser" library="SeleniumLibrary">
<doc>Closes the current browser.</doc>
<status status="PASS" starttime="20221127 10:18:31.265" endtime="20221127 10:18:33.452"/>
</kw>
<status status="PASS" starttime="20221127 10:18:31.264" endtime="20221127 10:18:33.453"/>
</kw>
<status status="PASS" starttime="20221127 10:18:12.594" endtime="20221127 10:18:33.454"/>
</test>
<test id="s1-s1-t3" name="TC3: Add new Academic Program" line="20">
<kw name="Add new Academic Program" library="AcademicProgramPage">
<kw name="Open the AcademicStructure page" library="common">
<kw name="Login To The ControlPanel" library="LoginPage">
<kw name="Opening Browser" library="common">
<arg>${site_url}${login}</arg>
<arg>${browser}</arg>
<kw name="Open Browser" library="SeleniumLibrary">
<arg>${site_url}</arg>
<arg>${browser}</arg>
<doc>Opens a new browser instance to the optional ``url``.</doc>
<msg timestamp="20221127 10:18:33.467" level="INFO">Opening browser 'Chrome' to base url 'https://sis.medadstg.com/#login'.</msg>
<status status="PASS" starttime="20221127 10:18:33.466" endtime="20221127 10:18:37.587"/>
</kw>
<kw name="Wait Until Page Contains Element" library="SeleniumLibrary">
<arg>${Username_Locator}</arg>
<doc>Waits until the element ``locator`` appears on the current page.</doc>
<status status="PASS" starttime="20221127 10:18:37.590" endtime="20221127 10:18:37.613"/>
</kw>
<status status="PASS" starttime="20221127 10:18:33.465" endtime="20221127 10:18:37.614"/>
</kw>
<kw name="Maximize Browser Window" library="SeleniumLibrary">
<doc>Maximizes current browser window.</doc>
<status status="PASS" starttime="20221127 10:18:37.615" endtime="20221127 10:18:37.837"/>
</kw>
<kw name="Wait Until Page Contains Element" library="SeleniumLibrary">
<arg>${Username_Locator}</arg>
<doc>Waits until the element ``locator`` appears on the current page.</doc>
<status status="PASS" starttime="20221127 10:18:37.838" endtime="20221127 10:18:37.869"/>
</kw>
<kw name="Fill username &amp; password" library="LoginPage">
<kw name="Get File" library="OperatingSystem">
<var>${json}</var>
<arg>${EXECDIR}\\PageObjects\\TestData\\testdata.json</arg>
<doc>Returns the contents of a specified file.</doc>
<msg timestamp="20221127 10:18:37.873" level="INFO" html="true">Getting file '&lt;a href="file://C:\Users\MKhaled\CMP\PageObjects\TestData\testdata.json"&gt;C:\Users\MKhaled\CMP\PageObjects\TestData\testdata.json&lt;/a&gt;'.</msg>
<msg timestamp="20221127 10:18:37.876" level="INFO">${json} = {
  "Login": {
    "username": "mohammed.khaled@naseej.com",
    "password": "Medad@123"
  },
  "Inistitutions": {
    "Institution_Code": "KdHhn-01",
    "Institution_Name": "MKhaled",
    "Website":...</msg>
<status status="PASS" starttime="20221127 10:18:37.872" endtime="20221127 10:18:37.876"/>
</kw>
<kw name="Evaluate" library="BuiltIn">
<var>${object}</var>
<arg>json.loads('''${json}''')</arg>
<arg>json</arg>
<doc>Evaluates the given expression in Python and returns the result.</doc>
<msg timestamp="20221127 10:18:37.878" level="INFO">${object} = {'Login': {'username': 'mohammed.khaled@naseej.com', 'password': 'Medad@123'}, 'Inistitutions': {'Institution_Code': 'KdHhn-01', 'Institution_Name': 'MKhaled', 'Website': 'http://www.goohgle.com', 'Em...</msg>
<status status="PASS" starttime="20221127 10:18:37.877" endtime="20221127 10:18:37.879"/>
</kw>
<kw name="Input Text" library="SeleniumLibrary">
<arg>${Username_Locator}</arg>
<arg>${object["Login"]["username"]}</arg>
<doc>Types the given ``text`` into the text field identified by ``locator``.</doc>
<msg timestamp="20221127 10:18:37.883" level="INFO">Typing text 'mohammed.khaled@naseej.com' into text field '//input[@id='login_email']'.</msg>
<status status="PASS" starttime="20221127 10:18:37.879" endtime="20221127 10:18:38.072"/>
</kw>
<kw name="Input Text" library="SeleniumLibrary">
<arg>${password_Locator}</arg>
<arg>${object["Login"]["password"]}</arg>
<doc>Types the given ``text`` into the text field identified by ``locator``.</doc>
<msg timestamp="20221127 10:18:38.079" level="INFO">Typing text 'Medad@123' into text field '//input[@id='login_password']'.</msg>
<status status="PASS" starttime="20221127 10:18:38.073" endtime="20221127 10:18:38.279"/>
</kw>
<status status="PASS" starttime="20221127 10:18:37.869" endtime="20221127 10:18:38.280"/>
</kw>
<kw name="Click on Login button" library="LoginPage">
<kw name="Click Element" library="SeleniumLibrary">
<arg>${Login_Button}</arg>
<doc>Click the element identified by ``locator``.</doc>
<msg timestamp="20221127 10:18:38.283" level="INFO">Clicking element '//button[@type='submit']'.</msg>
<status status="PASS" starttime="20221127 10:18:38.282" endtime="20221127 10:18:38.444"/>
</kw>
<status status="PASS" starttime="20221127 10:18:38.280" endtime="20221127 10:18:38.445"/>
</kw>
<kw name="Home page is opened Successfully" library="LoginPage">
<kw name="Wait Until Page Contains Element" library="SeleniumLibrary">
<arg>${Success_Login}</arg>
<arg>timeout=10</arg>
<doc>Waits until the element ``locator`` appears on the current page.</doc>
<status status="PASS" starttime="20221127 10:18:38.447" endtime="20221127 10:18:41.107"/>
</kw>
<status status="PASS" starttime="20221127 10:18:38.446" endtime="20221127 10:18:41.107"/>
</kw>
<status status="PASS" starttime="20221127 10:18:33.463" endtime="20221127 10:18:41.108"/>
</kw>
<kw name="Click Element" library="SeleniumLibrary">
<arg>${Academic_Structure}</arg>
<doc>Click the element identified by ``locator``.</doc>
<msg timestamp="20221127 10:18:41.110" level="INFO">Clicking element '//a[@href='/app/academic-structure']'.</msg>
<status status="PASS" starttime="20221127 10:18:41.109" endtime="20221127 10:18:41.191"/>
</kw>
<status status="PASS" starttime="20221127 10:18:33.463" endtime="20221127 10:18:41.191"/>
</kw>
<kw name="Open the Academic Program page" library="AcademicProgramPage">
<kw name="Wait Until Page Contains Element" library="SeleniumLibrary">
<arg>${Academic_Program_Link}</arg>
<doc>Waits until the element ``locator`` appears on the current page.</doc>
<status status="PASS" starttime="20221127 10:18:41.192" endtime="20221127 10:18:41.650"/>
</kw>
<kw name="Click Element" library="SeleniumLibrary">
<arg>${Academic_Program_Link}</arg>
<doc>Click the element identified by ``locator``.</doc>
<msg timestamp="20221127 10:18:41.653" level="INFO">Clicking element '//a[@href='/app/academic-program']'.</msg>
<status status="PASS" starttime="20221127 10:18:41.652" endtime="20221127 10:18:41.748"/>
</kw>
<status status="PASS" starttime="20221127 10:18:41.192" endtime="20221127 10:18:41.749"/>
</kw>
<kw name="Click button Add new Academic Program" library="AcademicProgramPage">
<kw name="Sleep" library="BuiltIn">
<arg>1</arg>
<doc>Pauses the test executed for the given time.</doc>
<msg timestamp="20221127 10:18:42.756" level="INFO">Slept 1 second</msg>
<status status="PASS" starttime="20221127 10:18:41.753" endtime="20221127 10:18:42.756"/>
</kw>
<kw name="Wait Until Page Contains Element" library="SeleniumLibrary">
<arg>${Add_Academic_Program}</arg>
<doc>Waits until the element ``locator`` appears on the current page.</doc>
<status status="PASS" starttime="20221127 10:18:42.758" endtime="20221127 10:18:42.781"/>
</kw>
<kw name="Click Element" library="SeleniumLibrary">
<arg>${Add_Academic_Program}</arg>
<doc>Click the element identified by ``locator``.</doc>
<msg timestamp="20221127 10:18:42.785" level="INFO">Clicking element '//*[@id='page-List/Academic Program/List']/div[1]/div/div/div[2]/div[2]/button[2]'.</msg>
<status status="PASS" starttime="20221127 10:18:42.782" endtime="20221127 10:18:43.161"/>
</kw>
<status status="PASS" starttime="20221127 10:18:41.751" endtime="20221127 10:18:43.162"/>
</kw>
<kw name="Fill Form of Add Academic Program" library="AcademicProgramPage">
<kw name="Get File" library="OperatingSystem">
<var>${json}</var>
<arg>${EXECDIR}\\PageObjects\\TestData\\testdata.json</arg>
<doc>Returns the contents of a specified file.</doc>
<msg timestamp="20221127 10:18:43.166" level="INFO" html="true">Getting file '&lt;a href="file://C:\Users\MKhaled\CMP\PageObjects\TestData\testdata.json"&gt;C:\Users\MKhaled\CMP\PageObjects\TestData\testdata.json&lt;/a&gt;'.</msg>
<msg timestamp="20221127 10:18:43.168" level="INFO">${json} = {
  "Login": {
    "username": "mohammed.khaled@naseej.com",
    "password": "Medad@123"
  },
  "Inistitutions": {
    "Institution_Code": "KdHhn-01",
    "Institution_Name": "MKhaled",
    "Website":...</msg>
<status status="PASS" starttime="20221127 10:18:43.163" endtime="20221127 10:18:43.168"/>
</kw>
<kw name="Evaluate" library="BuiltIn">
<var>${object}</var>
<arg>json.loads('''${json}''')</arg>
<arg>json</arg>
<doc>Evaluates the given expression in Python and returns the result.</doc>
<msg timestamp="20221127 10:18:43.171" level="INFO">${object} = {'Login': {'username': 'mohammed.khaled@naseej.com', 'password': 'Medad@123'}, 'Inistitutions': {'Institution_Code': 'KdHhn-01', 'Institution_Name': 'MKhaled', 'Website': 'http://www.goohgle.com', 'Em...</msg>
<status status="PASS" starttime="20221127 10:18:43.170" endtime="20221127 10:18:43.171"/>
</kw>
<kw name="Input Text" library="SeleniumLibrary">
<arg>${Program_Name_Locator}</arg>
<arg>${object["AcademicProgram"]["Program_Name"]}</arg>
<doc>Types the given ``text`` into the text field identified by ``locator``.</doc>
<msg timestamp="20221127 10:18:43.176" level="INFO">Typing text 'khaledno' into text field '//*[@id='page-Academic Program']/div[2]/div[2]/div/div[3]/div[2]/div[1]/div[2]/div/div/div[3]/div[1]/div/div[1]/form/div[2]/div/div[2]/div[1]/input'.</msg>
<status status="PASS" starttime="20221127 10:18:43.172" endtime="20221127 10:18:43.347"/>
</kw>
<kw name="Sleep" library="BuiltIn">
<arg>1</arg>
<doc>Pauses the test executed for the given time.</doc>
<msg timestamp="20221127 10:18:44.362" level="INFO">Slept 1 second</msg>
<status status="PASS" starttime="20221127 10:18:43.348" endtime="20221127 10:18:44.363"/>
</kw>
<kw name="Input Text" library="SeleniumLibrary">
<arg>${Program_Code_Locator}</arg>
<arg>${object["AcademicProgram"]["Program_Code"]}</arg>
<doc>Types the given ``text`` into the text field identified by ``locator``.</doc>
<msg timestamp="20221127 10:18:44.370" level="INFO">Typing text 'KH147' into text field '//*[@id='page-Academic Program']/div[2]/div[2]/div/div[3]/div[2]/div[1]/div[2]/div/div/div[3]/div[1]/div/div[2]/form/div/div/div[2]/div[1]/input'.</msg>
<status status="PASS" starttime="20221127 10:18:44.364" endtime="20221127 10:18:44.553"/>
</kw>
<kw name="Select field Majaor" library="AcademicProgramPage">
<kw name="Click Element" library="SeleniumLibrary">
<arg>${Major_Locator}</arg>
<doc>Click the element identified by ``locator``.</doc>
<msg timestamp="20221127 10:18:44.555" level="INFO">Clicking element '//div[@data-fieldname='major']//div[@class='form-group']//input[@role='combobox']'.</msg>
<status status="PASS" starttime="20221127 10:18:44.554" endtime="20221127 10:18:44.680"/>
</kw>
<kw name="Sleep" library="BuiltIn">
<arg>2</arg>
<doc>Pauses the test executed for the given time.</doc>
<msg timestamp="20221127 10:18:46.691" level="INFO">Slept 2 seconds</msg>
<status status="PASS" starttime="20221127 10:18:44.681" endtime="20221127 10:18:46.691"/>
</kw>
<kw name="Wait Until Page Contains Element" library="SeleniumLibrary">
<arg>${Major_Option_Locator}</arg>
<arg>timeout=10</arg>
<doc>Waits until the element ``locator`` appears on the current page.</doc>
<status status="PASS" starttime="20221127 10:18:46.691" endtime="20221127 10:18:46.714"/>
</kw>
<kw name="Click Element" library="SeleniumLibrary">
<arg>${Major_Option_Locator}</arg>
<doc>Click the element identified by ``locator``.</doc>
<msg timestamp="20221127 10:18:46.716" level="INFO">Clicking element '//strong[normalize-space()='Accounting']'.</msg>
<status status="PASS" starttime="20221127 10:18:46.715" endtime="20221127 10:18:46.803"/>
</kw>
<status status="PASS" starttime="20221127 10:18:44.553" endtime="20221127 10:18:46.803"/>
</kw>
<kw name="Select field Education" library="AcademicProgramPage">
<kw name="Click Element" library="SeleniumLibrary">
<arg>${Education_level_Locator}</arg>
<doc>Click the element identified by ``locator``.</doc>
<msg timestamp="20221127 10:18:46.807" level="INFO">Clicking element '//div[@data-fieldname='education_level']//div[@class='form-group']//input[@role='combobox']'.</msg>
<status status="PASS" starttime="20221127 10:18:46.806" endtime="20221127 10:18:46.907"/>
</kw>
<kw name="Sleep" library="BuiltIn">
<arg>2</arg>
<doc>Pauses the test executed for the given time.</doc>
<msg timestamp="20221127 10:18:48.923" level="INFO">Slept 2 seconds</msg>
<status status="PASS" starttime="20221127 10:18:46.908" endtime="20221127 10:18:48.923"/>
</kw>
<kw name="Wait Until Page Contains Element" library="SeleniumLibrary">
<arg>${Education_level_Option_Locator}</arg>
<arg>timeout=10</arg>
<doc>Waits until the element ``locator`` appears on the current page.</doc>
<status status="PASS" starttime="20221127 10:18:48.924" endtime="20221127 10:18:49.012"/>
</kw>
<kw name="Click Element" library="SeleniumLibrary">
<arg>${Education_level_Option_Locator}</arg>
<doc>Click the element identified by ``locator``.</doc>
<msg timestamp="20221127 10:18:49.015" level="INFO">Clicking element '//p[@title='Diploma']'.</msg>
<status status="PASS" starttime="20221127 10:18:49.013" endtime="20221127 10:18:49.087"/>
</kw>
<status status="PASS" starttime="20221127 10:18:46.804" endtime="20221127 10:18:49.088"/>
</kw>
<kw name="Select field Degree" library="AcademicProgramPage">
<kw name="Click Element" library="SeleniumLibrary">
<arg>${Degree_Locator}</arg>
<doc>Click the element identified by ``locator``.</doc>
<msg timestamp="20221127 10:18:49.090" level="INFO">Clicking element '//div[@data-fieldname='degree']//div[@class='form-group']//input[@role='combobox']'.</msg>
<status status="PASS" starttime="20221127 10:18:49.090" endtime="20221127 10:18:49.168"/>
</kw>
<kw name="Sleep" library="BuiltIn">
<arg>2</arg>
<doc>Pauses the test executed for the given time.</doc>
<msg timestamp="20221127 10:18:51.178" level="INFO">Slept 2 seconds</msg>
<status status="PASS" starttime="20221127 10:18:49.169" endtime="20221127 10:18:51.179"/>
</kw>
<kw name="Wait Until Page Contains Element" library="SeleniumLibrary">
<arg>${Degree_Option_Locator}</arg>
<arg>timeout=10</arg>
<doc>Waits until the element ``locator`` appears on the current page.</doc>
<status status="PASS" starttime="20221127 10:18:51.179" endtime="20221127 10:18:51.199"/>
</kw>
<kw name="Click Element" library="SeleniumLibrary">
<arg>${Degree_Option_Locator}</arg>
<doc>Click the element identified by ``locator``.</doc>
<msg timestamp="20221127 10:18:51.200" level="INFO">Clicking element '//strong[normalize-space()='Associate Diploma']'.</msg>
<status status="PASS" starttime="20221127 10:18:51.200" endtime="20221127 10:18:51.271"/>
</kw>
<status status="PASS" starttime="20221127 10:18:49.089" endtime="20221127 10:18:51.271"/>
</kw>
<kw name="Select field Scientific Certificate" library="AcademicProgramPage">
<kw name="Click Element" library="SeleniumLibrary">
<arg>${Scientific_Certificate_Locator}</arg>
<doc>Click the element identified by ``locator``.</doc>
<msg timestamp="20221127 10:18:51.273" level="INFO">Clicking element '//div[@data-fieldname='scientific_certificate']//input[@role='combobox']'.</msg>
<status status="PASS" starttime="20221127 10:18:51.273" endtime="20221127 10:18:51.363"/>
</kw>
<kw name="Sleep" library="BuiltIn">
<arg>2</arg>
<doc>Pauses the test executed for the given time.</doc>
<msg timestamp="20221127 10:18:53.373" level="INFO">Slept 2 seconds</msg>
<status status="PASS" starttime="20221127 10:18:51.364" endtime="20221127 10:18:53.374"/>
</kw>
<kw name="Wait Until Page Contains Element" library="SeleniumLibrary">
<arg>${Scientific_Certificate_Option_Locator}</arg>
<arg>timeout=10</arg>
<doc>Waits until the element ``locator`` appears on the current page.</doc>
<status status="PASS" starttime="20221127 10:18:53.375" endtime="20221127 10:18:53.402"/>
</kw>
<kw name="Click Element" library="SeleniumLibrary">
<arg>${Scientific_Certificate_Option_Locator}</arg>
<doc>Click the element identified by ``locator``.</doc>
<msg timestamp="20221127 10:18:53.402" level="INFO">Clicking element '//strong[normalize-space()='ScientificCertificate1']'.</msg>
<status status="PASS" starttime="20221127 10:18:53.402" endtime="20221127 10:18:53.474"/>
</kw>
<status status="PASS" starttime="20221127 10:18:51.272" endtime="20221127 10:18:53.474"/>
</kw>
<kw name="Select field Ownership" library="AcademicProgramPage">
<kw name="Click Element" library="SeleniumLibrary">
<arg>${Add_Ownership_Button}</arg>
<doc>Click the element identified by ``locator``.</doc>
<msg timestamp="20221127 10:18:53.478" level="INFO">Clicking element '//div[@data-fieldname='offerings']//button[@class='btn btn-xs btn-secondary grid-add-row']'.</msg>
<status status="PASS" starttime="20221127 10:18:53.477" endtime="20221127 10:18:53.571"/>
</kw>
<kw name="Wait Until Page Contains Element" library="SeleniumLibrary">
<arg>${Ownership_Campus_Locator}</arg>
<doc>Waits until the element ``locator`` appears on the current page.</doc>
<status status="PASS" starttime="20221127 10:18:53.573" endtime="20221127 10:18:53.598"/>
</kw>
<kw name="Click Element" library="SeleniumLibrary">
<arg>${Ownership_Campus_Locator}</arg>
<doc>Click the element identified by ``locator``.</doc>
<msg timestamp="20221127 10:18:53.600" level="INFO">Clicking element '//div[@class='col grid-static-col col-xs-4 error bold']'.</msg>
<status status="PASS" starttime="20221127 10:18:53.598" endtime="20221127 10:18:53.715"/>
</kw>
<kw name="Sleep" library="BuiltIn">
<arg>2</arg>
<doc>Pauses the test executed for the given time.</doc>
<msg timestamp="20221127 10:18:55.725" level="INFO">Slept 2 seconds</msg>
<status status="PASS" starttime="20221127 10:18:53.715" endtime="20221127 10:18:55.725"/>
</kw>
<kw name="Wait Until Page Contains Element" library="SeleniumLibrary">
<arg>${Ownership_Campus__Option_Locator}</arg>
<arg>timeout=10</arg>
<doc>Waits until the element ``locator`` appears on the current page.</doc>
<status status="PASS" starttime="20221127 10:18:55.726" endtime="20221127 10:19:03.257"/>
</kw>
<kw name="Click Element" library="SeleniumLibrary">
<arg>${Ownership_Campus__Option_Locator}</arg>
<doc>Click the element identified by ``locator``.</doc>
<msg timestamp="20221127 10:19:03.259" level="INFO">Clicking element '//li[@aria-selected='true']//p[@title='Arar']'.</msg>
<status status="PASS" starttime="20221127 10:19:03.258" endtime="20221127 10:19:03.331"/>
</kw>
<kw name="Wait Until Page Contains Element" library="SeleniumLibrary">
<arg>${Ownership_College_Locator}</arg>
<arg>timeout=10</arg>
<doc>Waits until the element ``locator`` appears on the current page.</doc>
<status status="PASS" starttime="20221127 10:19:03.332" endtime="20221127 10:19:03.353"/>
</kw>
<kw name="Click Element" library="SeleniumLibrary">
<arg>${Ownership_College_Locator}</arg>
<doc>Click the element identified by ``locator``.</doc>
<msg timestamp="20221127 10:19:03.355" level="INFO">Clicking element '//input[@placeholder='College']'.</msg>
<status status="PASS" starttime="20221127 10:19:03.354" endtime="20221127 10:19:03.438"/>
</kw>
<kw name="Sleep" library="BuiltIn">
<arg>2</arg>
<doc>Pauses the test executed for the given time.</doc>
<msg timestamp="20221127 10:19:05.447" level="INFO">Slept 2 seconds</msg>
<status status="PASS" starttime="20221127 10:19:03.439" endtime="20221127 10:19:05.448"/>
</kw>
<kw name="Wait Until Page Contains Element" library="SeleniumLibrary">
<arg>${Ownership_College_Option_Locator}</arg>
<arg>timeout=10</arg>
<doc>Waits until the element ``locator`` appears on the current page.</doc>
<status status="PASS" starttime="20221127 10:19:05.448" endtime="20221127 10:19:05.471"/>
</kw>
<kw name="Click Element" library="SeleniumLibrary">
<arg>${Ownership_College_Option_Locator}</arg>
<doc>Click the element identified by ``locator``.</doc>
<msg timestamp="20221127 10:19:05.473" level="INFO">Clicking element '//strong[normalize-space()='College of Applied Medical Sciences']'.</msg>
<status status="PASS" starttime="20221127 10:19:05.472" endtime="20221127 10:19:05.553"/>
</kw>
<kw name="Wait Until Page Contains Element" library="SeleniumLibrary">
<arg>${Ownership_Department_Locator}</arg>
<arg>timeout=10</arg>
<doc>Waits until the element ``locator`` appears on the current page.</doc>
<status status="PASS" starttime="20221127 10:19:05.554" endtime="20221127 10:19:05.576"/>
</kw>
<kw name="Click Element" library="SeleniumLibrary">
<arg>${Ownership_Department_Locator}</arg>
<doc>Click the element identified by ``locator``.</doc>
<msg timestamp="20221127 10:19:05.578" level="INFO">Clicking element '//input[@placeholder='Department']'.</msg>
<status status="PASS" starttime="20221127 10:19:05.577" endtime="20221127 10:19:05.683"/>
</kw>
<kw name="Sleep" library="BuiltIn">
<arg>2</arg>
<doc>Pauses the test executed for the given time.</doc>
<msg timestamp="20221127 10:19:07.683" level="INFO">Slept 2 seconds</msg>
<status status="PASS" starttime="20221127 10:19:05.683" endtime="20221127 10:19:07.683"/>
</kw>
<kw name="Wait Until Page Contains Element" library="SeleniumLibrary">
<arg>${Ownership_Department_Option_Locator}</arg>
<arg>timeout=10</arg>
<doc>Waits until the element ``locator`` appears on the current page.</doc>
<status status="PASS" starttime="20221127 10:19:07.684" endtime="20221127 10:19:08.353"/>
</kw>
<kw name="Click Element" library="SeleniumLibrary">
<arg>${Ownership_Department_Option_Locator}</arg>
<doc>Click the element identified by ``locator``.</doc>
<msg timestamp="20221127 10:19:08.354" level="INFO">Clicking element '//li[@aria-selected='true']//p[@title='Clinical Nutrition']'.</msg>
<status status="PASS" starttime="20221127 10:19:08.353" endtime="20221127 10:19:08.428"/>
</kw>
<kw name="Sleep" library="BuiltIn">
<arg>1</arg>
<doc>Pauses the test executed for the given time.</doc>
<msg timestamp="20221127 10:19:09.439" level="INFO">Slept 1 second</msg>
<status status="PASS" starttime="20221127 10:19:08.429" endtime="20221127 10:19:09.440"/>
</kw>
<status status="PASS" starttime="20221127 10:18:53.476" endtime="20221127 10:19:09.441"/>
</kw>
<kw name="Select the Academic Program Gender" library="AcademicProgramPage">
<kw name="Click Element" library="SeleniumLibrary">
<arg>${Student_Gender_Locator}</arg>
<doc>Click the element identified by ``locator``.</doc>
<msg timestamp="20221127 10:19:09.445" level="INFO">Clicking element '//select[@data-fieldname='student_gender']'.</msg>
<status status="PASS" starttime="20221127 10:19:09.443" endtime="20221127 10:19:09.566"/>
</kw>
<kw name="Sleep" library="BuiltIn">
<arg>2</arg>
<doc>Pauses the test executed for the given time.</doc>
<msg timestamp="20221127 10:19:11.582" level="INFO">Slept 2 seconds</msg>
<status status="PASS" starttime="20221127 10:19:09.567" endtime="20221127 10:19:11.583"/>
</kw>
<kw name="Wait Until Page Contains Element" library="SeleniumLibrary">
<arg>${Student_Gender_Male}</arg>
<arg>timeout=10</arg>
<doc>Waits until the element ``locator`` appears on the current page.</doc>
<status status="PASS" starttime="20221127 10:19:11.583" endtime="20221127 10:19:11.605"/>
</kw>
<kw name="Click Element" library="SeleniumLibrary">
<arg>${Student_Gender_Male}</arg>
<doc>Click the element identified by ``locator``.</doc>
<msg timestamp="20221127 10:19:11.608" level="INFO">Clicking element '//select[@data-fieldname='student_gender']/option[1]'.</msg>
<status status="PASS" starttime="20221127 10:19:11.606" endtime="20221127 10:19:11.660"/>
</kw>
<kw name="Sleep" library="BuiltIn">
<arg>1</arg>
<doc>Pauses the test executed for the given time.</doc>
<msg timestamp="20221127 10:19:12.667" level="INFO">Slept 1 second</msg>
<status status="PASS" starttime="20221127 10:19:11.660" endtime="20221127 10:19:12.667"/>
</kw>
<status status="PASS" starttime="20221127 10:19:09.441" endtime="20221127 10:19:12.668"/>
</kw>
<kw name="Fill Total Credit Hours" library="AcademicProgramPage">
<kw name="Input Text" library="SeleniumLibrary">
<arg>${Total_Credit_Hours_Locator}</arg>
<arg>12</arg>
<doc>Types the given ``text`` into the text field identified by ``locator``.</doc>
<msg timestamp="20221127 10:19:12.670" level="INFO">Typing text '12' into text field '//input[@data-fieldname='total_credit_hours']'.</msg>
<status status="PASS" starttime="20221127 10:19:12.670" endtime="20221127 10:19:12.840"/>
</kw>
<kw name="Sleep" library="BuiltIn">
<arg>1</arg>
<doc>Pauses the test executed for the given time.</doc>
<msg timestamp="20221127 10:19:13.847" level="INFO">Slept 1 second</msg>
<status status="PASS" starttime="20221127 10:19:12.841" endtime="20221127 10:19:13.848"/>
</kw>
<status status="PASS" starttime="20221127 10:19:12.669" endtime="20221127 10:19:13.848"/>
</kw>
<kw name="Fill Current capacity" library="AcademicProgramPage">
<kw name="Input Text" library="SeleniumLibrary">
<arg>${Current_capacity_Locator}</arg>
<arg>10</arg>
<doc>Types the given ``text`` into the text field identified by ``locator``.</doc>
<msg timestamp="20221127 10:19:13.852" level="INFO">Typing text '10' into text field '//input[@data-fieldname='current_capacity']'.</msg>
<status status="PASS" starttime="20221127 10:19:13.850" endtime="20221127 10:19:14.004"/>
</kw>
<kw name="Sleep" library="BuiltIn">
<arg>1</arg>
<doc>Pauses the test executed for the given time.</doc>
<msg timestamp="20221127 10:19:15.007" level="INFO">Slept 1 second</msg>
<status status="PASS" starttime="20221127 10:19:14.005" endtime="20221127 10:19:15.007"/>
</kw>
<status status="PASS" starttime="20221127 10:19:13.849" endtime="20221127 10:19:15.008"/>
</kw>
<kw name="Fill myField" library="AcademicProgramPage">
<kw name="Input Text" library="SeleniumLibrary">
<arg>${Web_View_Section_MyField_Locator}</arg>
<arg>test</arg>
<doc>Types the given ``text`` into the text field identified by ``locator``.</doc>
<msg timestamp="20221127 10:19:15.010" level="INFO">Typing text 'test' into text field '//div[@data-fieldname='myfield']//input[@type='text']'.</msg>
<status status="PASS" starttime="20221127 10:19:15.009" endtime="20221127 10:19:15.153"/>
</kw>
<status status="PASS" starttime="20221127 10:19:15.009" endtime="20221127 10:19:15.154"/>
</kw>
<kw name="Select Camp" library="AcademicProgramPage">
<kw name="Click Element" library="SeleniumLibrary">
<arg>${Web_View_Section_Camp_Locator}</arg>
<doc>Click the element identified by ``locator``.</doc>
<msg timestamp="20221127 10:19:15.157" level="INFO">Clicking element '//div[@data-fieldname='camp']//input[@role='combobox']'.</msg>
<status status="PASS" starttime="20221127 10:19:15.156" endtime="20221127 10:19:15.261"/>
</kw>
<kw name="Sleep" library="BuiltIn">
<arg>2</arg>
<doc>Pauses the test executed for the given time.</doc>
<msg timestamp="20221127 10:19:17.270" level="INFO">Slept 2 seconds</msg>
<status status="PASS" starttime="20221127 10:19:15.262" endtime="20221127 10:19:17.271"/>
</kw>
<kw name="Input Text" library="SeleniumLibrary">
<arg>${Web_View_Section_Camp_Locator}</arg>
<arg>Arar</arg>
<doc>Types the given ``text`` into the text field identified by ``locator``.</doc>
<msg timestamp="20221127 10:19:17.273" level="INFO">Typing text 'Arar' into text field '//div[@data-fieldname='camp']//input[@role='combobox']'.</msg>
<status status="PASS" starttime="20221127 10:19:17.271" endtime="20221127 10:19:17.408"/>
</kw>
<kw name="Sleep" library="BuiltIn">
<arg>1</arg>
<doc>Pauses the test executed for the given time.</doc>
<msg timestamp="20221127 10:19:18.419" level="INFO">Slept 1 second</msg>
<status status="PASS" starttime="20221127 10:19:17.408" endtime="20221127 10:19:18.420"/>
</kw>
<kw name="Press Keys" library="SeleniumLibrary">
<arg>${Web_View_Section_Camp_Locator}</arg>
<arg>ENTER</arg>
<doc>Simulates the user pressing key(s) to an element or on the active browser.</doc>
<msg timestamp="20221127 10:19:18.422" level="INFO">Sending key(s) ('ENTER',) to //div[@data-fieldname='camp']//input[@role='combobox'] element.</msg>
<msg timestamp="20221127 10:19:18.720" level="INFO">Pressing special key ENTER to element.</msg>
<msg timestamp="20221127 10:19:18.721" level="INFO">Releasing special key ENTER.</msg>
<status status="PASS" starttime="20221127 10:19:18.420" endtime="20221127 10:19:18.740"/>
</kw>
<status status="PASS" starttime="20221127 10:19:15.155" endtime="20221127 10:19:18.741"/>
</kw>
<status status="PASS" starttime="20221127 10:18:43.162" endtime="20221127 10:19:18.741"/>
</kw>
<kw name="Click submit Academic Program Button" library="AcademicProgramPage">
<kw name="Wait Until Page Contains Element" library="SeleniumLibrary">
<arg>${Submit_Institution}</arg>
<doc>Waits until the element ``locator`` appears on the current page.</doc>
<status status="PASS" starttime="20221127 10:19:18.743" endtime="20221127 10:19:18.764"/>
</kw>
<kw name="Click Element" library="SeleniumLibrary">
<arg>${Submit_Institution}</arg>
<doc>Click the element identified by ``locator``.</doc>
<msg timestamp="20221127 10:19:18.767" level="INFO">Clicking element '//button[@data-label='Save']'.</msg>
<status status="PASS" starttime="20221127 10:19:18.764" endtime="20221127 10:19:18.854"/>
</kw>
<kw name="Wait Until Page Contains Element" library="SeleniumLibrary">
<arg>${Successfully_Saved}</arg>
<doc>Waits until the element ``locator`` appears on the current page.</doc>
<status status="PASS" starttime="20221127 10:19:18.856" endtime="20221127 10:19:19.991"/>
</kw>
<kw name="Sleep" library="BuiltIn">
<arg>1</arg>
<doc>Pauses the test executed for the given time.</doc>
<msg timestamp="20221127 10:19:21.004" level="INFO">Slept 1 second</msg>
<status status="PASS" starttime="20221127 10:19:19.992" endtime="20221127 10:19:21.004"/>
</kw>
<status status="PASS" starttime="20221127 10:19:18.742" endtime="20221127 10:19:21.005"/>
</kw>
<status status="PASS" starttime="20221127 10:18:33.462" endtime="20221127 10:19:21.006"/>
</kw>
<kw name="closing Browser" library="common" type="TEARDOWN">
<kw name="Close Browser" library="SeleniumLibrary">
<doc>Closes the current browser.</doc>
<status status="PASS" starttime="20221127 10:19:21.009" endtime="20221127 10:19:23.261"/>
</kw>
<status status="PASS" starttime="20221127 10:19:21.008" endtime="20221127 10:19:23.261"/>
</kw>
<status status="PASS" starttime="20221127 10:18:33.459" endtime="20221127 10:19:23.263"/>
</test>
<doc>MedadCMP Academic Structure</doc>
<status status="PASS" starttime="20221127 10:17:48.801" endtime="20221127 10:19:23.268"/>
</suite>
<suite id="s1-s2" name="Admission" source="c:\Users\MKhaled\CMP\testsrunner\Admission.robot">
<test id="s1-s2-t1" name="TC1 : Add new Admission Calender" line="11">
<kw name="Add new AdmissionCalender" library="AdmissionCalenderPage">
<kw name="Open the Admission page" library="common">
<kw name="Login To The ControlPanel" library="LoginPage">
<kw name="Opening Browser" library="common">
<arg>${site_url}${login}</arg>
<arg>${browser}</arg>
<kw name="Open Browser" library="SeleniumLibrary">
<arg>${site_url}</arg>
<arg>${browser}</arg>
<doc>Opens a new browser instance to the optional ``url``.</doc>
<msg timestamp="20221127 10:19:23.338" level="INFO">Opening browser 'Chrome' to base url 'https://sis.medadstg.com/#login'.</msg>
<status status="PASS" starttime="20221127 10:19:23.336" endtime="20221127 10:19:27.591"/>
</kw>
<kw name="Wait Until Page Contains Element" library="SeleniumLibrary">
<arg>${Username_Locator}</arg>
<doc>Waits until the element ``locator`` appears on the current page.</doc>
<status status="PASS" starttime="20221127 10:19:27.592" endtime="20221127 10:19:27.619"/>
</kw>
<status status="PASS" starttime="20221127 10:19:23.331" endtime="20221127 10:19:27.620"/>
</kw>
<kw name="Maximize Browser Window" library="SeleniumLibrary">
<doc>Maximizes current browser window.</doc>
<status status="PASS" starttime="20221127 10:19:27.621" endtime="20221127 10:19:27.750"/>
</kw>
<kw name="Wait Until Page Contains Element" library="SeleniumLibrary">
<arg>${Username_Locator}</arg>
<doc>Waits until the element ``locator`` appears on the current page.</doc>
<status status="PASS" starttime="20221127 10:19:27.751" endtime="20221127 10:19:27.859"/>
</kw>
<kw name="Fill username &amp; password" library="LoginPage">
<kw name="Get File" library="OperatingSystem">
<var>${json}</var>
<arg>${EXECDIR}\\PageObjects\\TestData\\testdata.json</arg>
<doc>Returns the contents of a specified file.</doc>
<msg timestamp="20221127 10:19:27.863" level="INFO" html="true">Getting file '&lt;a href="file://C:\Users\MKhaled\CMP\PageObjects\TestData\testdata.json"&gt;C:\Users\MKhaled\CMP\PageObjects\TestData\testdata.json&lt;/a&gt;'.</msg>
<msg timestamp="20221127 10:19:27.865" level="INFO">${json} = {
  "Login": {
    "username": "mohammed.khaled@naseej.com",
    "password": "Medad@123"
  },
  "Inistitutions": {
    "Institution_Code": "KdHhn-01",
    "Institution_Name": "MKhaled",
    "Website":...</msg>
<status status="PASS" starttime="20221127 10:19:27.862" endtime="20221127 10:19:27.865"/>
</kw>
<kw name="Evaluate" library="BuiltIn">
<var>${object}</var>
<arg>json.loads('''${json}''')</arg>
<arg>json</arg>
<doc>Evaluates the given expression in Python and returns the result.</doc>
<msg timestamp="20221127 10:19:27.867" level="INFO">${object} = {'Login': {'username': 'mohammed.khaled@naseej.com', 'password': 'Medad@123'}, 'Inistitutions': {'Institution_Code': 'KdHhn-01', 'Institution_Name': 'MKhaled', 'Website': 'http://www.goohgle.com', 'Em...</msg>
<status status="PASS" starttime="20221127 10:19:27.866" endtime="20221127 10:19:27.867"/>
</kw>
<kw name="Input Text" library="SeleniumLibrary">
<arg>${Username_Locator}</arg>
<arg>${object["Login"]["username"]}</arg>
<doc>Types the given ``text`` into the text field identified by ``locator``.</doc>
<msg timestamp="20221127 10:19:27.872" level="INFO">Typing text 'mohammed.khaled@naseej.com' into text field '//input[@id='login_email']'.</msg>
<status status="PASS" starttime="20221127 10:19:27.868" endtime="20221127 10:19:28.079"/>
</kw>
<kw name="Input Text" library="SeleniumLibrary">
<arg>${password_Locator}</arg>
<arg>${object["Login"]["password"]}</arg>
<doc>Types the given ``text`` into the text field identified by ``locator``.</doc>
<msg timestamp="20221127 10:19:28.086" level="INFO">Typing text 'Medad@123' into text field '//input[@id='login_password']'.</msg>
<status status="PASS" starttime="20221127 10:19:28.082" endtime="20221127 10:19:28.248"/>
</kw>
<status status="PASS" starttime="20221127 10:19:27.861" endtime="20221127 10:19:28.249"/>
</kw>
<kw name="Click on Login button" library="LoginPage">
<kw name="Click Element" library="SeleniumLibrary">
<arg>${Login_Button}</arg>
<doc>Click the element identified by ``locator``.</doc>
<msg timestamp="20221127 10:19:28.251" level="INFO">Clicking element '//button[@type='submit']'.</msg>
<status status="PASS" starttime="20221127 10:19:28.250" endtime="20221127 10:19:28.333"/>
</kw>
<status status="PASS" starttime="20221127 10:19:28.249" endtime="20221127 10:19:28.333"/>
</kw>
<kw name="Home page is opened Successfully" library="LoginPage">
<kw name="Wait Until Page Contains Element" library="SeleniumLibrary">
<arg>${Success_Login}</arg>
<arg>timeout=10</arg>
<doc>Waits until the element ``locator`` appears on the current page.</doc>
<status status="PASS" starttime="20221127 10:19:28.336" endtime="20221127 10:19:30.934"/>
</kw>
<status status="PASS" starttime="20221127 10:19:28.335" endtime="20221127 10:19:30.935"/>
</kw>
<status status="PASS" starttime="20221127 10:19:23.329" endtime="20221127 10:19:30.936"/>
</kw>
<kw name="Click Element" library="SeleniumLibrary">
<arg>${Admission_Link}</arg>
<doc>Click the element identified by ``locator``.</doc>
<msg timestamp="20221127 10:19:30.937" level="INFO">Clicking element '//a[@href='/app/admission']'.</msg>
<status status="PASS" starttime="20221127 10:19:30.936" endtime="20221127 10:19:31.004"/>
</kw>
<status status="PASS" starttime="20221127 10:19:23.328" endtime="20221127 10:19:31.005"/>
</kw>
<kw name="Open the Admission Calender page" library="AdmissionCalenderPage">
<kw name="Wait Until Page Contains Element" library="SeleniumLibrary">
<arg>${admission_Calender_Link}</arg>
<doc>Waits until the element ``locator`` appears on the current page.</doc>
<status status="PASS" starttime="20221127 10:19:31.006" endtime="20221127 10:19:31.476"/>
</kw>
<kw name="Click Element" library="SeleniumLibrary">
<arg>${admission_Calender_Link}</arg>
<doc>Click the element identified by ``locator``.</doc>
<msg timestamp="20221127 10:19:31.478" level="INFO">Clicking element '//*[@id='page-Workspaces']/div[2]/div[2]/div/div[3]/div[2]/div[1]/div[3]/div[3]/div[2]/div[6]/div[2]/a[1]'.</msg>
<status status="PASS" starttime="20221127 10:19:31.477" endtime="20221127 10:19:31.570"/>
</kw>
<status status="PASS" starttime="20221127 10:19:31.005" endtime="20221127 10:19:31.571"/>
</kw>
<kw name="Click button Add new AdmissionCalender" library="AdmissionCalenderPage">
<kw name="Sleep" library="BuiltIn">
<arg>2</arg>
<doc>Pauses the test executed for the given time.</doc>
<msg timestamp="20221127 10:19:33.578" level="INFO">Slept 2 seconds</msg>
<status status="PASS" starttime="20221127 10:19:31.576" endtime="20221127 10:19:33.578"/>
</kw>
<kw name="Wait Until Page Contains Element" library="SeleniumLibrary">
<arg>${Add_AdmissionCalender}</arg>
<doc>Waits until the element ``locator`` appears on the current page.</doc>
<status status="PASS" starttime="20221127 10:19:33.578" endtime="20221127 10:19:33.605"/>
</kw>
<kw name="Click Element" library="SeleniumLibrary">
<arg>${Add_AdmissionCalender}</arg>
<doc>Click the element identified by ``locator``.</doc>
<msg timestamp="20221127 10:19:33.608" level="INFO">Clicking element '//*[@id='page-List/Admission Calendar/List']/div[1]/div/div/div[2]/div[2]/button[2]/span'.</msg>
<status status="PASS" starttime="20221127 10:19:33.606" endtime="20221127 10:19:34.020"/>
</kw>
<status status="PASS" starttime="20221127 10:19:31.573" endtime="20221127 10:19:34.022"/>
</kw>
<kw name="Fill Form of Add AdmissionCalender" library="AdmissionCalenderPage">
<kw name="Get File" library="OperatingSystem">
<var>${json}</var>
<arg>${EXECDIR}\\PageObjects\\TestData\\testdata.json</arg>
<doc>Returns the contents of a specified file.</doc>
<msg timestamp="20221127 10:19:34.028" level="INFO" html="true">Getting file '&lt;a href="file://C:\Users\MKhaled\CMP\PageObjects\TestData\testdata.json"&gt;C:\Users\MKhaled\CMP\PageObjects\TestData\testdata.json&lt;/a&gt;'.</msg>
<msg timestamp="20221127 10:19:34.031" level="INFO">${json} = {
  "Login": {
    "username": "mohammed.khaled@naseej.com",
    "password": "Medad@123"
  },
  "Inistitutions": {
    "Institution_Code": "KdHhn-01",
    "Institution_Name": "MKhaled",
    "Website":...</msg>
<status status="PASS" starttime="20221127 10:19:34.027" endtime="20221127 10:19:34.031"/>
</kw>
<kw name="Evaluate" library="BuiltIn">
<var>${object}</var>
<arg>json.loads('''${json}''')</arg>
<arg>json</arg>
<doc>Evaluates the given expression in Python and returns the result.</doc>
<msg timestamp="20221127 10:19:34.034" level="INFO">${object} = {'Login': {'username': 'mohammed.khaled@naseej.com', 'password': 'Medad@123'}, 'Inistitutions': {'Institution_Code': 'KdHhn-01', 'Institution_Name': 'MKhaled', 'Website': 'http://www.goohgle.com', 'Em...</msg>
<status status="PASS" starttime="20221127 10:19:34.033" endtime="20221127 10:19:34.034"/>
</kw>
<kw name="Select field Academic Term for Admission Calender" library="AdmissionCalenderPage">
<kw name="Press Keys" library="SeleniumLibrary">
<arg>${Academic_Term_Locator}</arg>
<arg>CTRL+a</arg>
<arg>BACKSPACE</arg>
<doc>Simulates the user pressing key(s) to an element or on the active browser.</doc>
<msg timestamp="20221127 10:19:34.041" level="INFO">Sending key(s) ('CTRL+a', 'BACKSPACE') to //*[@id='page-Admission Calendar']/div[2]/div[2]/div/div[3]/div[2]/div[1]/div[2]/div/div/div[3]/div[1]/div/div/form/div[2]/div/div[2]/div[1]/div/div/input element.</msg>
<msg timestamp="20221127 10:19:34.366" level="INFO">Pressing special key CONTROL down.</msg>
<msg timestamp="20221127 10:19:34.367" level="INFO">Sending key a</msg>
<msg timestamp="20221127 10:19:34.367" level="INFO">Releasing special key CONTROL.</msg>
<msg timestamp="20221127 10:19:34.385" level="INFO">Pressing special key BACKSPACE to element.</msg>
<msg timestamp="20221127 10:19:34.385" level="INFO">Releasing special key BACKSPACE.</msg>
<status status="PASS" starttime="20221127 10:19:34.036" endtime="20221127 10:19:34.402"/>
</kw>
<kw name="Sleep" library="BuiltIn">
<arg>2</arg>
<doc>Pauses the test executed for the given time.</doc>
<msg timestamp="20221127 10:19:36.409" level="INFO">Slept 2 seconds</msg>
<status status="PASS" starttime="20221127 10:19:34.405" endtime="20221127 10:19:36.409"/>
</kw>
<kw name="Click Element" library="SeleniumLibrary">
<arg>${Academic_Term_Locator}</arg>
<doc>Click the element identified by ``locator``.</doc>
<msg timestamp="20221127 10:19:36.411" level="INFO">Clicking element '//*[@id='page-Admission Calendar']/div[2]/div[2]/div/div[3]/div[2]/div[1]/div[2]/div/div/div[3]/div[1]/div/div/form/div[2]/div/div[2]/div[1]/div/div/input'.</msg>
<status status="PASS" starttime="20221127 10:19:36.410" endtime="20221127 10:19:36.523"/>
</kw>
<kw name="Wait Until Page Contains Element" library="SeleniumLibrary">
<arg>${Academic_Term}</arg>
<doc>Waits until the element ``locator`` appears on the current page.</doc>
<status status="PASS" starttime="20221127 10:19:36.524" endtime="20221127 10:19:36.550"/>
</kw>
<kw name="Click Element" library="SeleniumLibrary">
<arg>${Academic_Term}</arg>
<doc>Click the element identified by ``locator``.</doc>
<msg timestamp="20221127 10:19:36.553" level="INFO">Clicking element '//span[normalize-space()='Second Semester 2021-2022']'.</msg>
<status status="PASS" starttime="20221127 10:19:36.551" endtime="20221127 10:19:36.645"/>
</kw>
<status status="PASS" starttime="20221127 10:19:34.035" endtime="20221127 10:19:36.646"/>
</kw>
<kw name="Select active Admission Calender" library="AdmissionCalenderPage">
<kw name="Select Checkbox" library="SeleniumLibrary">
<arg>${AdmissionCalender_status}</arg>
<doc>Selects the checkbox identified by ``locator``.</doc>
<msg timestamp="20221127 10:19:36.649" level="INFO">Selecting checkbox '//*[@id='page-Admission Calendar']/div[2]/div[2]/div/div[3]/div[2]/div[1]/div[2]/div/div/div[3]/div[1]/div/div/form/div[3]/div/label/span[1]/input'.</msg>
<status status="PASS" starttime="20221127 10:19:36.649" endtime="20221127 10:19:36.812"/>
</kw>
<status status="PASS" starttime="20221127 10:19:36.647" endtime="20221127 10:19:36.813"/>
</kw>
<kw name="Select Active &amp; Published Start Date" library="AdmissionCalenderPage">
<kw name="Click Element" library="SeleniumLibrary">
<arg>${Preference_Start_Date_Locator}</arg>
<doc>Click the element identified by ``locator``.</doc>
<msg timestamp="20221127 10:19:36.816" level="INFO">Clicking element '//input[@data-fieldname='capacity_start_date']'.</msg>
<status status="PASS" starttime="20221127 10:19:36.816" endtime="20221127 10:19:36.933"/>
</kw>
<kw name="Sleep" library="BuiltIn">
<arg>1</arg>
<doc>Pauses the test executed for the given time.</doc>
<msg timestamp="20221127 10:19:37.950" level="INFO">Slept 1 second</msg>
<status status="PASS" starttime="20221127 10:19:36.935" endtime="20221127 10:19:37.951"/>
</kw>
<kw name="Input Text" library="SeleniumLibrary">
<arg>${Preference_Start_Date_Locator}</arg>
<arg>20-11-2022</arg>
<doc>Types the given ``text`` into the text field identified by ``locator``.</doc>
<msg timestamp="20221127 10:19:37.953" level="INFO">Typing text '20-11-2022' into text field '//input[@data-fieldname='capacity_start_date']'.</msg>
<status status="PASS" starttime="20221127 10:19:37.952" endtime="20221127 10:19:38.076"/>
</kw>
<kw name="Press Keys" library="SeleniumLibrary">
<arg>${Preference_Start_Date_Locator}</arg>
<arg>ENTER</arg>
<doc>Simulates the user pressing key(s) to an element or on the active browser.</doc>
<msg timestamp="20221127 10:19:38.079" level="INFO">Sending key(s) ('ENTER',) to //input[@data-fieldname='capacity_start_date'] element.</msg>
<msg timestamp="20221127 10:19:38.382" level="INFO">Pressing special key ENTER to element.</msg>
<msg timestamp="20221127 10:19:38.383" level="INFO">Releasing special key ENTER.</msg>
<status status="PASS" starttime="20221127 10:19:38.077" endtime="20221127 10:19:38.411"/>
</kw>
<kw name="Sleep" library="BuiltIn">
<arg>1</arg>
<doc>Pauses the test executed for the given time.</doc>
<msg timestamp="20221127 10:19:39.418" level="INFO">Slept 1 second</msg>
<status status="PASS" starttime="20221127 10:19:38.412" endtime="20221127 10:19:39.418"/>
</kw>
<status status="PASS" starttime="20221127 10:19:36.813" endtime="20221127 10:19:39.418"/>
</kw>
<kw name="Select Active &amp; Published End Date" library="AdmissionCalenderPage">
<kw name="Click Element" library="SeleniumLibrary">
<arg>${Preference_End_Date_Locator}</arg>
<doc>Click the element identified by ``locator``.</doc>
<msg timestamp="20221127 10:19:39.421" level="INFO">Clicking element '//input[@data-fieldname='capacity_end_date']'.</msg>
<status status="PASS" starttime="20221127 10:19:39.420" endtime="20221127 10:19:39.516"/>
</kw>
<kw name="Sleep" library="BuiltIn">
<arg>1</arg>
<doc>Pauses the test executed for the given time.</doc>
<msg timestamp="20221127 10:19:40.523" level="INFO">Slept 1 second</msg>
<status status="PASS" starttime="20221127 10:19:39.519" endtime="20221127 10:19:40.524"/>
</kw>
<kw name="Input Text" library="SeleniumLibrary">
<arg>${Preference_End_Date_Locator}</arg>
<arg>30-11-2022</arg>
<doc>Types the given ``text`` into the text field identified by ``locator``.</doc>
<msg timestamp="20221127 10:19:40.526" level="INFO">Typing text '30-11-2022' into text field '//input[@data-fieldname='capacity_end_date']'.</msg>
<status status="PASS" starttime="20221127 10:19:40.524" endtime="20221127 10:19:40.640"/>
</kw>
<kw name="Press Keys" library="SeleniumLibrary">
<arg>${Preference_End_Date_Locator}</arg>
<arg>ENTER</arg>
<doc>Simulates the user pressing key(s) to an element or on the active browser.</doc>
<msg timestamp="20221127 10:19:40.642" level="INFO">Sending key(s) ('ENTER',) to //input[@data-fieldname='capacity_end_date'] element.</msg>
<msg timestamp="20221127 10:19:40.956" level="INFO">Pressing special key ENTER to element.</msg>
<msg timestamp="20221127 10:19:40.956" level="INFO">Releasing special key ENTER.</msg>
<status status="PASS" starttime="20221127 10:19:40.640" endtime="20221127 10:19:40.980"/>
</kw>
<kw name="Sleep" library="BuiltIn">
<arg>1</arg>
<doc>Pauses the test executed for the given time.</doc>
<msg timestamp="20221127 10:19:41.985" level="INFO">Slept 1 second</msg>
<status status="PASS" starttime="20221127 10:19:40.981" endtime="20221127 10:19:41.986"/>
</kw>
<status status="PASS" starttime="20221127 10:19:39.419" endtime="20221127 10:19:41.986"/>
</kw>
<status status="PASS" starttime="20221127 10:19:34.024" endtime="20221127 10:19:41.987"/>
</kw>
<kw name="click submit AdmissionCalender Button" library="AdmissionCalenderPage">
<kw name="Wait Until Page Contains Element" library="SeleniumLibrary">
<arg>${Submit_AdmissionCalender}</arg>
<doc>Waits until the element ``locator`` appears on the current page.</doc>
<status status="PASS" starttime="20221127 10:19:41.988" endtime="20221127 10:19:42.013"/>
</kw>
<kw name="Click Element" library="SeleniumLibrary">
<arg>${Submit_AdmissionCalender}</arg>
<doc>Click the element identified by ``locator``.</doc>
<msg timestamp="20221127 10:19:42.016" level="INFO">Clicking element '//*[@id='page-Admission Calendar']/div[1]/div/div/div[2]/div[3]/button[2]'.</msg>
<status status="PASS" starttime="20221127 10:19:42.015" endtime="20221127 10:19:42.089"/>
</kw>
<kw name="Wait Until Page Contains Element" library="SeleniumLibrary">
<arg>${Successfully_Saved}</arg>
<doc>Waits until the element ``locator`` appears on the current page.</doc>
<status status="PASS" starttime="20221127 10:19:42.090" endtime="20221127 10:19:42.661"/>
</kw>
<kw name="Sleep" library="BuiltIn">
<arg>1</arg>
<doc>Pauses the test executed for the given time.</doc>
<msg timestamp="20221127 10:19:43.670" level="INFO">Slept 1 second</msg>
<status status="PASS" starttime="20221127 10:19:42.662" endtime="20221127 10:19:43.671"/>
</kw>
<status status="PASS" starttime="20221127 10:19:41.987" endtime="20221127 10:19:43.671"/>
</kw>
<status status="PASS" starttime="20221127 10:19:23.326" endtime="20221127 10:19:43.671"/>
</kw>
<kw name="closing Browser" library="common" type="TEARDOWN">
<kw name="Close Browser" library="SeleniumLibrary">
<doc>Closes the current browser.</doc>
<status status="PASS" starttime="20221127 10:19:43.674" endtime="20221127 10:19:45.910"/>
</kw>
<status status="PASS" starttime="20221127 10:19:43.673" endtime="20221127 10:19:45.911"/>
</kw>
<status status="PASS" starttime="20221127 10:19:23.324" endtime="20221127 10:19:45.913"/>
</test>
<doc>MedadCMP Admission</doc>
<status status="PASS" starttime="20221127 10:19:23.276" endtime="20221127 10:19:45.916"/>
</suite>
<suite id="s1-s3" name="Login" source="c:\Users\MKhaled\CMP\testsrunner\Login.robot">
<test id="s1-s3-t1" name="Login with Valid Username &amp; Password" line="8">
<kw name="Login To The ControlPanel" library="LoginPage">
<kw name="Opening Browser" library="common">
<arg>${site_url}${login}</arg>
<arg>${browser}</arg>
<kw name="Open Browser" library="SeleniumLibrary">
<arg>${site_url}</arg>
<arg>${browser}</arg>
<doc>Opens a new browser instance to the optional ``url``.</doc>
<msg timestamp="20221127 10:19:45.959" level="INFO">Opening browser 'Chrome' to base url 'https://sis.medadstg.com/#login'.</msg>
<status status="PASS" starttime="20221127 10:19:45.958" endtime="20221127 10:19:50.168"/>
</kw>
<kw name="Wait Until Page Contains Element" library="SeleniumLibrary">
<arg>${Username_Locator}</arg>
<doc>Waits until the element ``locator`` appears on the current page.</doc>
<status status="PASS" starttime="20221127 10:19:50.169" endtime="20221127 10:19:50.186"/>
</kw>
<status status="PASS" starttime="20221127 10:19:45.955" endtime="20221127 10:19:50.186"/>
</kw>
<kw name="Maximize Browser Window" library="SeleniumLibrary">
<doc>Maximizes current browser window.</doc>
<status status="PASS" starttime="20221127 10:19:50.188" endtime="20221127 10:19:50.314"/>
</kw>
<kw name="Wait Until Page Contains Element" library="SeleniumLibrary">
<arg>${Username_Locator}</arg>
<doc>Waits until the element ``locator`` appears on the current page.</doc>
<status status="PASS" starttime="20221127 10:19:50.315" endtime="20221127 10:19:50.325"/>
</kw>
<kw name="Fill username &amp; password" library="LoginPage">
<kw name="Get File" library="OperatingSystem">
<var>${json}</var>
<arg>${EXECDIR}\\PageObjects\\TestData\\testdata.json</arg>
<doc>Returns the contents of a specified file.</doc>
<msg timestamp="20221127 10:19:50.329" level="INFO" html="true">Getting file '&lt;a href="file://C:\Users\MKhaled\CMP\PageObjects\TestData\testdata.json"&gt;C:\Users\MKhaled\CMP\PageObjects\TestData\testdata.json&lt;/a&gt;'.</msg>
<msg timestamp="20221127 10:19:50.330" level="INFO">${json} = {
  "Login": {
    "username": "mohammed.khaled@naseej.com",
    "password": "Medad@123"
  },
  "Inistitutions": {
    "Institution_Code": "KdHhn-01",
    "Institution_Name": "MKhaled",
    "Website":...</msg>
<status status="PASS" starttime="20221127 10:19:50.328" endtime="20221127 10:19:50.330"/>
</kw>
<kw name="Evaluate" library="BuiltIn">
<var>${object}</var>
<arg>json.loads('''${json}''')</arg>
<arg>json</arg>
<doc>Evaluates the given expression in Python and returns the result.</doc>
<msg timestamp="20221127 10:19:50.331" level="INFO">${object} = {'Login': {'username': 'mohammed.khaled@naseej.com', 'password': 'Medad@123'}, 'Inistitutions': {'Institution_Code': 'KdHhn-01', 'Institution_Name': 'MKhaled', 'Website': 'http://www.goohgle.com', 'Em...</msg>
<status status="PASS" starttime="20221127 10:19:50.331" endtime="20221127 10:19:50.331"/>
</kw>
<kw name="Input Text" library="SeleniumLibrary">
<arg>${Username_Locator}</arg>
<arg>${object["Login"]["username"]}</arg>
<doc>Types the given ``text`` into the text field identified by ``locator``.</doc>
<msg timestamp="20221127 10:19:50.337" level="INFO">Typing text 'mohammed.khaled@naseej.com' into text field '//input[@id='login_email']'.</msg>
<status status="PASS" starttime="20221127 10:19:50.333" endtime="20221127 10:19:50.567"/>
</kw>
<kw name="Input Text" library="SeleniumLibrary">
<arg>${password_Locator}</arg>
<arg>${object["Login"]["password"]}</arg>
<doc>Types the given ``text`` into the text field identified by ``locator``.</doc>
<msg timestamp="20221127 10:19:50.571" level="INFO">Typing text 'Medad@123' into text field '//input[@id='login_password']'.</msg>
<status status="PASS" starttime="20221127 10:19:50.567" endtime="20221127 10:19:50.703"/>
</kw>
<status status="PASS" starttime="20221127 10:19:50.326" endtime="20221127 10:19:50.704"/>
</kw>
<kw name="Click on Login button" library="LoginPage">
<kw name="Click Element" library="SeleniumLibrary">
<arg>${Login_Button}</arg>
<doc>Click the element identified by ``locator``.</doc>
<msg timestamp="20221127 10:19:50.707" level="INFO">Clicking element '//button[@type='submit']'.</msg>
<status status="PASS" starttime="20221127 10:19:50.706" endtime="20221127 10:19:50.786"/>
</kw>
<status status="PASS" starttime="20221127 10:19:50.704" endtime="20221127 10:19:50.787"/>
</kw>
<kw name="Home page is opened Successfully" library="LoginPage">
<kw name="Wait Until Page Contains Element" library="SeleniumLibrary">
<arg>${Success_Login}</arg>
<arg>timeout=10</arg>
<doc>Waits until the element ``locator`` appears on the current page.</doc>
<status status="PASS" starttime="20221127 10:19:50.788" endtime="20221127 10:19:53.396"/>
</kw>
<status status="PASS" starttime="20221127 10:19:50.787" endtime="20221127 10:19:53.397"/>
</kw>
<status status="PASS" starttime="20221127 10:19:45.954" endtime="20221127 10:19:53.398"/>
</kw>
<kw name="Wait Until Element Is Visible" library="SeleniumLibrary">
<arg>${Success_Login}</arg>
<arg>timeout=10</arg>
<doc>Waits until the element ``locator`` is visible.</doc>
<status status="PASS" starttime="20221127 10:19:53.399" endtime="20221127 10:19:53.426"/>
</kw>
<status status="PASS" starttime="20221127 10:19:45.951" endtime="20221127 10:19:53.427"/>
</test>
<doc>MedadCMP LoginPage</doc>
<status status="PASS" starttime="20221127 10:19:45.922" endtime="20221127 10:19:53.430"/>
</suite>
<status status="PASS" starttime="20221127 10:17:48.748" endtime="20221127 10:19:53.435"/>
</suite>
<statistics>
<total>
<stat pass="5" fail="0" skip="0">All Tests</stat>
</total>
<tag>
</tag>
<suite>
<stat pass="5" fail="0" skip="0" id="s1" name="Testsrunner">Testsrunner</stat>
<stat pass="3" fail="0" skip="0" id="s1-s1" name="AcademicStructure">Testsrunner.AcademicStructure</stat>
<stat pass="1" fail="0" skip="0" id="s1-s2" name="Admission">Testsrunner.Admission</stat>
<stat pass="1" fail="0" skip="0" id="s1-s3" name="Login">Testsrunner.Login</stat>
</suite>
</statistics>
<errors>
</errors>
</robot>
