<?xml version="1.0" encoding="UTF-8"?>
<robot generator="Robot 5.0.1 (Python 3.9.13 on win32)" generated="20221122 10:46:32.266" rpa="false" schemaversion="3">
<suite id="s1" name="AcademicStructure" source="c:\Users\MKhaled\CMP\Tests\AcademicStructure.robot">
<test id="s1-t1" name="TC4: Add new Academic Program" line="15">
<kw name="Add new Academic Program" library="AcademicProgramPage">
<kw name="Open the AcademicStructure page" library="common">
<kw name="Login To The ControlPanel" library="LoginPage">
<arg>${username}</arg>
<arg>${password}</arg>
<kw name="Opening Browser" library="common">
<arg>${site_url}${login}</arg>
<arg>${browser}</arg>
<kw name="Open Browser" library="SeleniumLibrary">
<arg>${site_url}</arg>
<arg>${browser}</arg>
<doc>Opens a new browser instance to the optional ``url``.</doc>
<msg timestamp="20221122 10:46:32.861" level="INFO">Opening browser 'Chrome' to base url 'https://sis.medadstg.com/#login'.</msg>
<status status="PASS" starttime="20221122 10:46:32.861" endtime="20221122 10:46:38.065"/>
</kw>
<kw name="Wait Until Page Contains Element" library="SeleniumLibrary">
<arg>${Username_Locator}</arg>
<doc>Waits until the element ``locator`` appears on the current page.</doc>
<status status="PASS" starttime="20221122 10:46:38.065" endtime="20221122 10:46:38.086"/>
</kw>
<status status="PASS" starttime="20221122 10:46:32.861" endtime="20221122 10:46:38.086"/>
</kw>
<kw name="Maximize Browser Window" library="SeleniumLibrary">
<doc>Maximizes current browser window.</doc>
<status status="PASS" starttime="20221122 10:46:38.086" endtime="20221122 10:46:38.224"/>
</kw>
<kw name="Wait Until Page Contains Element" library="SeleniumLibrary">
<arg>${Username_Locator}</arg>
<doc>Waits until the element ``locator`` appears on the current page.</doc>
<status status="PASS" starttime="20221122 10:46:38.224" endtime="20221122 10:46:38.239"/>
</kw>
<kw name="Enter Username" library="LoginPage">
<kw name="Input Text" library="SeleniumLibrary">
<arg>${Username_Locator}</arg>
<arg>${username}</arg>
<doc>Types the given ``text`` into the text field identified by ``locator``.</doc>
<msg timestamp="20221122 10:46:38.247" level="INFO">Typing text 'mohammed.khaled@naseej.com' into text field '//input[@id='login_email']'.</msg>
<status status="PASS" starttime="20221122 10:46:38.247" endtime="20221122 10:46:38.538"/>
</kw>
<status status="PASS" starttime="20221122 10:46:38.247" endtime="20221122 10:46:38.538"/>
</kw>
<kw name="Enter Password" library="LoginPage">
<kw name="Input Text" library="SeleniumLibrary">
<arg>${password_Locator}</arg>
<arg>${password}</arg>
<doc>Types the given ``text`` into the text field identified by ``locator``.</doc>
<msg timestamp="20221122 10:46:38.538" level="INFO">Typing text 'Medad@123' into text field '//input[@id='login_password']'.</msg>
<status status="PASS" starttime="20221122 10:46:38.538" endtime="20221122 10:46:38.707"/>
</kw>
<status status="PASS" starttime="20221122 10:46:38.538" endtime="20221122 10:46:38.707"/>
</kw>
<kw name=" Click on Login button" library="LoginPage">
<kw name="Click Element" library="SeleniumLibrary">
<arg>${Login_Button}</arg>
<doc>Click the element identified by ``locator``.</doc>
<msg timestamp="20221122 10:46:38.707" level="INFO">Clicking element '//button[@type='submit']'.</msg>
<status status="PASS" starttime="20221122 10:46:38.707" endtime="20221122 10:46:38.800"/>
</kw>
<status status="PASS" starttime="20221122 10:46:38.707" endtime="20221122 10:46:38.800"/>
</kw>
<kw name="Home page is opened Successfully" library="LoginPage">
<kw name="Wait Until Page Contains Element" library="SeleniumLibrary">
<arg>${Success_Login}</arg>
<arg>timeout=10</arg>
<doc>Waits until the element ``locator`` appears on the current page.</doc>
<status status="PASS" starttime="20221122 10:46:38.801" endtime="20221122 10:46:41.545"/>
</kw>
<status status="PASS" starttime="20221122 10:46:38.801" endtime="20221122 10:46:41.545"/>
</kw>
<status status="PASS" starttime="20221122 10:46:32.861" endtime="20221122 10:46:41.545"/>
</kw>
<kw name="Click Element" library="SeleniumLibrary">
<arg>${Academic_Structure}</arg>
<doc>Click the element identified by ``locator``.</doc>
<msg timestamp="20221122 10:46:41.554" level="INFO">Clicking element '//a[@href='/app/academic-structure']'.</msg>
<status status="PASS" starttime="20221122 10:46:41.554" endtime="20221122 10:46:41.712"/>
</kw>
<status status="PASS" starttime="20221122 10:46:32.857" endtime="20221122 10:46:41.712"/>
</kw>
<kw name="Open the Academic Program page" library="AcademicProgramPage">
<kw name="Wait Until Page Contains Element" library="SeleniumLibrary">
<arg>${Academic_Program_Link}</arg>
<doc>Waits until the element ``locator`` appears on the current page.</doc>
<status status="PASS" starttime="20221122 10:46:41.712" endtime="20221122 10:46:42.174"/>
</kw>
<kw name="Click Element" library="SeleniumLibrary">
<arg>${Academic_Program_Link}</arg>
<doc>Click the element identified by ``locator``.</doc>
<msg timestamp="20221122 10:46:42.182" level="INFO">Clicking element '//a[@href='/app/academic-program']'.</msg>
<status status="PASS" starttime="20221122 10:46:42.182" endtime="20221122 10:46:42.261"/>
</kw>
<status status="PASS" starttime="20221122 10:46:41.712" endtime="20221122 10:46:42.269"/>
</kw>
<kw name="Click button Add new Academic Program" library="AcademicProgramPage">
<kw name="Wait Until Page Contains Element" library="SeleniumLibrary">
<arg>${Add_Academic_Program}</arg>
<doc>Waits until the element ``locator`` appears on the current page.</doc>
<status status="PASS" starttime="20221122 10:46:42.273" endtime="20221122 10:46:42.964"/>
</kw>
<kw name="Click Element" library="SeleniumLibrary">
<arg>${Add_Academic_Program}</arg>
<doc>Click the element identified by ``locator``.</doc>
<msg timestamp="20221122 10:46:42.967" level="INFO">Clicking element '//span[@data-label='Add%20Academic%20Program']'.</msg>
<msg timestamp="20221122 10:46:43.378" level="INFO" html="true">&lt;/td&gt;&lt;/tr&gt;&lt;tr&gt;&lt;td colspan="3"&gt;&lt;a href="selenium-screenshot-4.png"&gt;&lt;img src="selenium-screenshot-4.png" width="800px"&gt;&lt;/a&gt;</msg>
<msg timestamp="20221122 10:46:43.382" level="FAIL">StaleElementReferenceException: Message: stale element reference: element is not attached to the page document
  (Session info: chrome=107.0.5304.107)
Stacktrace:
Backtrace:
	Ordinal0 [0x0092ACD3+2075859]
	Ordinal0 [0x008BEE61+1633889]
	Ordinal0 [0x007BB7BD+571325]
	Ordinal0 [0x007BE374+582516]
	Ordinal0 [0x007BE225+582181]
	Ordinal0 [0x007BE4C0+582848]
	Ordinal0 [0x007ECD32+773426]
	Ordinal0 [0x007EBB8C+768908]
	Ordinal0 [0x007E1C76+728182]
	Ordinal0 [0x0080731C+881436]
	Ordinal0 [0x007E15BF+726463]
	Ordinal0 [0x00807534+881972]
	Ordinal0 [0x0081B56A+963946]
	Ordinal0 [0x00807136+880950]
	Ordinal0 [0x007DFEFD+720637]
	Ordinal0 [0x007E0F3F+724799]
	GetHandleVerifier [0x00BDEED2+2769538]
	GetHandleVerifier [0x00BD0D95+2711877]
	GetHandleVerifier [0x009BA03A+521194]
	GetHandleVerifier [0x009B8DA0+516432]
	Ordinal0 [0x008C682C+1665068]
	Ordinal0 [0x008CB128+1683752]
	Ordinal0 [0x008CB215+1683989]
	Ordinal0 [0x008D6484+1729668]
	BaseThreadInitThunk [0x75647BA9+25]
	RtlInitializeExceptionChain [0x76F4BB9B+107]
	RtlClearBits [0x76F4BB1F+191]
</msg>
<status status="FAIL" starttime="20221122 10:46:42.967" endtime="20221122 10:46:43.391"/>
</kw>
<status status="FAIL" starttime="20221122 10:46:42.270" endtime="20221122 10:46:43.397"/>
</kw>
<kw name="Fill Form of Add Academic Program" library="AcademicProgramPage">
<status status="NOT RUN" starttime="20221122 10:46:43.397" endtime="20221122 10:46:43.399"/>
</kw>
<kw name="Click submit Academic Program Button" library="AcademicProgramPage">
<status status="NOT RUN" starttime="20221122 10:46:43.399" endtime="20221122 10:46:43.399"/>
</kw>
<status status="FAIL" starttime="20221122 10:46:32.857" endtime="20221122 10:46:43.399"/>
</kw>
<kw name="closing Browser" library="common" type="TEARDOWN">
<kw name="Close Browser" library="SeleniumLibrary">
<doc>Closes the current browser.</doc>
<status status="PASS" starttime="20221122 10:46:43.399" endtime="20221122 10:46:45.650"/>
</kw>
<status status="PASS" starttime="20221122 10:46:43.399" endtime="20221122 10:46:45.650"/>
</kw>
<status status="FAIL" starttime="20221122 10:46:32.857" endtime="20221122 10:46:45.650">StaleElementReferenceException: Message: stale element reference: element is not attached to the page document
  (Session info: chrome=107.0.5304.107)
Stacktrace:
Backtrace:
	Ordinal0 [0x0092ACD3+2075859]
	Ordinal0 [0x008BEE61+1633889]
	Ordinal0 [0x007BB7BD+571325]
	Ordinal0 [0x007BE374+582516]
	Ordinal0 [0x007BE225+582181]
	Ordinal0 [0x007BE4C0+582848]
	Ordinal0 [0x007ECD32+773426]
	Ordinal0 [0x007EBB8C+768908]
	Ordinal0 [0x007E1C76+728182]
	Ordinal0 [0x0080731C+881436]
	Ordinal0 [0x007E15BF+726463]
	Ordinal0 [0x00807534+881972]
	Ordinal0 [0x0081B56A+963946]
	Ordinal0 [0x00807136+880950]
	Ordinal0 [0x007DFEFD+720637]
	Ordinal0 [0x007E0F3F+724799]
	GetHandleVerifier [0x00BDEED2+2769538]
	GetHandleVerifier [0x00BD0D95+2711877]
	GetHandleVerifier [0x009BA03A+521194]
	GetHandleVerifier [0x009B8DA0+516432]
	Ordinal0 [0x008C682C+1665068]
	Ordinal0 [0x008CB128+1683752]
	Ordinal0 [0x008CB215+1683989]
	Ordinal0 [0x008D6484+1729668]
	BaseThreadInitThunk [0x75647BA9+25]
	RtlInitializeExceptionChain [0x76F4BB9B+107]
	RtlClearBits [0x76F4BB1F+191]
</status>
</test>
<doc>MedadCMP LoginPage</doc>
<status status="FAIL" starttime="20221122 10:46:32.274" endtime="20221122 10:46:45.650"/>
</suite>
<statistics>
<total>
<stat pass="0" fail="1" skip="0">All Tests</stat>
</total>
<tag>
</tag>
<suite>
<stat pass="0" fail="1" skip="0" id="s1" name="AcademicStructure">AcademicStructure</stat>
</suite>
</statistics>
<errors>
</errors>
</robot>
