<?xml version="1.0" encoding="UTF-8"?>
<robot generator="Robot 5.0.1 (Python 3.9.13 on win32)" generated="20221127 23:18:14.308" rpa="false" schemaversion="3">
<suite id="s1" name="AddCampus" source="c:\Users\MKhaled\CMP\TestsRunner\AcademicStructureTests\AddCampus.robot">
<test id="s1-t1" name="TC2 : Add new Campus" line="15">
<kw name="Login To The ControlPanel" type="SETUP">
<msg timestamp="20221127 23:18:14.361" level="FAIL">No keyword with name 'Login To The ControlPanel' found. Did you try using keyword 'BuiltIn.Log' and forgot to use enough whitespace between keyword and arguments?</msg>
<status status="FAIL" starttime="20221127 23:18:14.361" endtime="20221127 23:18:14.362"/>
</kw>
<kw name="closing Browser" type="TEARDOWN">
<msg timestamp="20221127 23:18:14.365" level="FAIL">No keyword with name 'closing Browser' found.</msg>
<status status="FAIL" starttime="20221127 23:18:14.365" endtime="20221127 23:18:14.365">No keyword with name 'closing Browser' found.</status>
</kw>
<status status="FAIL" starttime="20221127 23:18:14.359" endtime="20221127 23:18:14.366">Setup failed:
No keyword with name 'Login To The ControlPanel' found. Did you try using keyword 'BuiltIn.Log' and forgot to use enough whitespace between keyword and arguments?

Also teardown failed:
No keyword with name 'closing Browser' found.</status>
</test>
<doc>MedadCMP Academic Structure</doc>
<status status="FAIL" starttime="20221127 23:18:14.315" endtime="20221127 23:18:14.369"/>
</suite>
<statistics>
<total>
<stat pass="0" fail="1" skip="0">All Tests</stat>
</total>
<tag>
</tag>
<suite>
<stat pass="0" fail="1" skip="0" id="s1" name="AddCampus">AddCampus</stat>
</suite>
</statistics>
<errors>
<msg timestamp="20221127 23:18:14.346" level="ERROR">Error in file 'c:\Users\MKhaled\CMP\TestsRunner\AcademicStructureTests\AddCampus.robot' on line 4: Resource file '..\PageObjects\commons\common.robot' does not exist.</msg>
<msg timestamp="20221127 23:18:14.349" level="ERROR">Error in file 'c:\Users\MKhaled\CMP\TestsRunner\AcademicStructureTests\AddCampus.robot' on line 5: Resource file '..\PageObjects\AcademicStructureKeywords\CampusesPage.robot' does not exist.</msg>
<msg timestamp="20221127 23:18:14.351" level="ERROR">Error in file 'c:\Users\MKhaled\CMP\TestsRunner\AcademicStructureTests\AddCampus.robot' on line 6: Resource file '..\PageObjects\AcademicStructureKeywords\CollegesPage.robot' does not exist.</msg>
<msg timestamp="20221127 23:18:14.353" level="ERROR">Error in file 'c:\Users\MKhaled\CMP\TestsRunner\AcademicStructureTests\AddCampus.robot' on line 7: Resource file '..\PageObjects\AcademicStructureKeywords\InistitutionsPage.robot' does not exist.</msg>
<msg timestamp="20221127 23:18:14.356" level="ERROR">Error in file 'c:\Users\MKhaled\CMP\TestsRunner\AcademicStructureTests\AddCampus.robot' on line 8: Resource file '..\PageObjects\AcademicStructureKeywords\AcademicProgramPage.robot' does not exist.</msg>
</errors>
</robot>
