<?xml version="1.0" encoding="UTF-8"?>
<robot generator="Robot 5.0.1 (Python 3.9.13 on win32)" generated="20221121 18:48:38.160" rpa="false" schemaversion="3">
<suite id="s1" name="AcademicStructure" source="c:\Users\MKhaled\CMP\Tests\AcademicStructure.robot">
<test id="s1-t1" name="TC4: Add new Academic Program" line="15">
<kw name="Add new Academic Program" library="AcademicProgramPage">
<kw name="Open the AcademicStructure page" library="common">
<kw name="Login To The ControlPanel" library="LoginPage">
<arg>${username}</arg>
<arg>${password}</arg>
<kw name="Opening Browser" library="common">
<arg>${site_url}${login}</arg>
<arg>${browser}</arg>
<kw name="Open Browser" library="SeleniumLibrary">
<arg>${site_url}</arg>
<arg>${browser}</arg>
<doc>Opens a new browser instance to the optional ``url``.</doc>
<msg timestamp="20221121 18:48:40.048" level="INFO">Opening browser 'Chrome' to base url 'https://sis.medadstg.com/#login'.</msg>
<status status="PASS" starttime="20221121 18:48:40.048" endtime="20221121 18:48:45.717"/>
</kw>
<kw name="Wait Until Page Contains Element" library="SeleniumLibrary">
<arg>${Username_Locator}</arg>
<doc>Waits until the element ``locator`` appears on the current page.</doc>
<status status="PASS" starttime="20221121 18:48:45.725" endtime="20221121 18:48:45.770"/>
</kw>
<status status="PASS" starttime="20221121 18:48:40.048" endtime="20221121 18:48:45.774"/>
</kw>
<kw name="Maximize Browser Window" library="SeleniumLibrary">
<doc>Maximizes current browser window.</doc>
<status status="PASS" starttime="20221121 18:48:45.775" endtime="20221121 18:48:45.912"/>
</kw>
<kw name="Wait Until Page Contains Element" library="SeleniumLibrary">
<arg>${Username_Locator}</arg>
<doc>Waits until the element ``locator`` appears on the current page.</doc>
<status status="PASS" starttime="20221121 18:48:45.912" endtime="20221121 18:48:45.945"/>
</kw>
<kw name="Enter Username" library="LoginPage">
<kw name="Input Text" library="SeleniumLibrary">
<arg>${Username_Locator}</arg>
<arg>${username}</arg>
<doc>Types the given ``text`` into the text field identified by ``locator``.</doc>
<msg timestamp="20221121 18:48:45.953" level="INFO">Typing text 'mohammed.khaled@naseej.com' into text field '//input[@id='login_email']'.</msg>
<status status="PASS" starttime="20221121 18:48:45.945" endtime="20221121 18:48:46.373"/>
</kw>
<status status="PASS" starttime="20221121 18:48:45.945" endtime="20221121 18:48:46.375"/>
</kw>
<kw name="Enter Password" library="LoginPage">
<kw name="Input Text" library="SeleniumLibrary">
<arg>${password_Locator}</arg>
<arg>${password}</arg>
<doc>Types the given ``text`` into the text field identified by ``locator``.</doc>
<msg timestamp="20221121 18:48:46.378" level="INFO">Typing text 'Medad@123' into text field '//input[@id='login_password']'.</msg>
<status status="PASS" starttime="20221121 18:48:46.377" endtime="20221121 18:48:46.609"/>
</kw>
<status status="PASS" starttime="20221121 18:48:46.376" endtime="20221121 18:48:46.609"/>
</kw>
<kw name=" Click on Login button" library="LoginPage">
<kw name="Click Element" library="SeleniumLibrary">
<arg>${Login_Button}</arg>
<doc>Click the element identified by ``locator``.</doc>
<msg timestamp="20221121 18:48:46.617" level="INFO">Clicking element '//button[@type='submit']'.</msg>
<status status="PASS" starttime="20221121 18:48:46.617" endtime="20221121 18:48:46.963"/>
</kw>
<status status="PASS" starttime="20221121 18:48:46.609" endtime="20221121 18:48:46.963"/>
</kw>
<kw name="Home page is opened Successfully" library="LoginPage">
<kw name="Wait Until Page Contains Element" library="SeleniumLibrary">
<arg>${Success_Login}</arg>
<arg>timeout=10</arg>
<doc>Waits until the element ``locator`` appears on the current page.</doc>
<status status="PASS" starttime="20221121 18:48:46.963" endtime="20221121 18:48:51.003"/>
</kw>
<status status="PASS" starttime="20221121 18:48:46.963" endtime="20221121 18:48:51.003"/>
</kw>
<status status="PASS" starttime="20221121 18:48:40.048" endtime="20221121 18:48:51.003"/>
</kw>
<kw name="Click Element" library="SeleniumLibrary">
<arg>${Academic_Structure}</arg>
<doc>Click the element identified by ``locator``.</doc>
<msg timestamp="20221121 18:48:51.003" level="INFO">Clicking element '//a[@href='/app/academic-structure']'.</msg>
<status status="PASS" starttime="20221121 18:48:51.003" endtime="20221121 18:48:51.379"/>
</kw>
<status status="PASS" starttime="20221121 18:48:40.040" endtime="20221121 18:48:51.379"/>
</kw>
<kw name="Open the Academic Program page" library="AcademicProgramPage">
<kw name="Wait Until Page Contains Element" library="SeleniumLibrary">
<arg>${Academic_Program_Link}</arg>
<doc>Waits until the element ``locator`` appears on the current page.</doc>
<status status="PASS" starttime="20221121 18:48:51.388" endtime="20221121 18:48:51.947"/>
</kw>
<kw name="Click Element" library="SeleniumLibrary">
<arg>${Academic_Program_Link}</arg>
<doc>Click the element identified by ``locator``.</doc>
<msg timestamp="20221121 18:48:51.952" level="INFO">Clicking element '//a[@href='/app/academic-program']'.</msg>
<status status="PASS" starttime="20221121 18:48:51.951" endtime="20221121 18:48:52.128"/>
</kw>
<status status="PASS" starttime="20221121 18:48:51.384" endtime="20221121 18:48:52.128"/>
</kw>
<kw name="Click button Add new Academic Program" library="AcademicProgramPage">
<kw name="Wait Until Page Contains Element" library="SeleniumLibrary">
<arg>${Add_Academic_Program}</arg>
<doc>Waits until the element ``locator`` appears on the current page.</doc>
<status status="PASS" starttime="20221121 18:48:52.136" endtime="20221121 18:48:53.020"/>
</kw>
<kw name="Click Element" library="SeleniumLibrary">
<arg>${Add_Academic_Program}</arg>
<doc>Click the element identified by ``locator``.</doc>
<msg timestamp="20221121 18:48:53.020" level="INFO">Clicking element '//span[@data-label='Add%20Academic%20Program']'.</msg>
<status status="PASS" starttime="20221121 18:48:53.020" endtime="20221121 18:48:53.882"/>
</kw>
<status status="PASS" starttime="20221121 18:48:52.128" endtime="20221121 18:48:53.882"/>
</kw>
<kw name="Fill Form of Add Academic Program" library="AcademicProgramPage">
<kw name="Fill field Program Name" library="AcademicProgramPage">
<kw name="Input Text" library="SeleniumLibrary">
<arg>${Program_Name_Locator}</arg>
<arg>${Program_Name}</arg>
<doc>Types the given ``text`` into the text field identified by ``locator``.</doc>
<msg timestamp="20221121 18:48:53.890" level="INFO">Typing text 'khaledno' into text field '//*[@id='page-Academic Program']/div[2]/div[2]/div/div[3]/div[2]/div[1]/div[2]/div/div/div[3]/div[1]/div/div[1]/form/div[2]/div/div[2]/div[1]/input'.</msg>
<status status="PASS" starttime="20221121 18:48:53.887" endtime="20221121 18:48:54.164"/>
</kw>
<status status="PASS" starttime="20221121 18:48:53.887" endtime="20221121 18:48:54.164"/>
</kw>
<kw name="Fill field Program Code" library="AcademicProgramPage">
<kw name="Wait Until Page Contains Element" library="SeleniumLibrary">
<arg>${Program_Code_Locator}</arg>
<doc>Waits until the element ``locator`` appears on the current page.</doc>
<status status="PASS" starttime="20221121 18:48:54.167" endtime="20221121 18:48:54.198"/>
</kw>
<kw name="Input Text" library="SeleniumLibrary">
<arg>${Program_Code_Locator}</arg>
<arg>${Program_Code}</arg>
<doc>Types the given ``text`` into the text field identified by ``locator``.</doc>
<msg timestamp="20221121 18:48:54.202" level="INFO">Typing text 'KH147' into text field '//input[@data-fieldname='program_code']'.</msg>
<msg timestamp="20221121 18:48:54.667" level="INFO" html="true">&lt;/td&gt;&lt;/tr&gt;&lt;tr&gt;&lt;td colspan="3"&gt;&lt;a href="selenium-screenshot-8.png"&gt;&lt;img src="selenium-screenshot-8.png" width="800px"&gt;&lt;/a&gt;</msg>
<msg timestamp="20221121 18:48:54.669" level="FAIL">ElementNotInteractableException: Message: element not interactable
  (Session info: chrome=107.0.5304.107)
Stacktrace:
Backtrace:
	Ordinal0 [0x009CACD3+2075859]
	Ordinal0 [0x0095EE61+1633889]
	Ordinal0 [0x0085B680+571008]
	Ordinal0 [0x008836A7+734887]
	Ordinal0 [0x008A731C+881436]
	Ordinal0 [0x008815BF+726463]
	Ordinal0 [0x008A7534+881972]
	Ordinal0 [0x008BB56A+963946]
	Ordinal0 [0x008A7136+880950]
	Ordinal0 [0x0087FEFD+720637]
	Ordinal0 [0x00880F3F+724799]
	GetHandleVerifier [0x00C7EED2+2769538]
	GetHandleVerifier [0x00C70D95+2711877]
	GetHandleVerifier [0x00A5A03A+521194]
	GetHandleVerifier [0x00A58DA0+516432]
	Ordinal0 [0x0096682C+1665068]
	Ordinal0 [0x0096B128+1683752]
	Ordinal0 [0x0096B215+1683989]
	Ordinal0 [0x00976484+1729668]
	BaseThreadInitThunk [0x75647BA9+25]
	RtlInitializeExceptionChain [0x76F4BB9B+107]
	RtlClearBits [0x76F4BB1F+191]
</msg>
<status status="FAIL" starttime="20221121 18:48:54.198" endtime="20221121 18:48:54.686"/>
</kw>
<status status="FAIL" starttime="20221121 18:48:54.167" endtime="20221121 18:48:54.689"/>
</kw>
<kw name="Select field Institutional Type" library="InistitutionsPage">
<status status="NOT RUN" starttime="20221121 18:48:54.694" endtime="20221121 18:48:54.697"/>
</kw>
<kw name="Fill field Website" library="InistitutionsPage">
<status status="NOT RUN" starttime="20221121 18:48:54.697" endtime="20221121 18:48:54.697"/>
</kw>
<kw name="Fill field Email" library="InistitutionsPage">
<status status="NOT RUN" starttime="20221121 18:48:54.701" endtime="20221121 18:48:54.702"/>
</kw>
<kw name="Select field Ownership">
<status status="NOT RUN" starttime="20221121 18:48:54.702" endtime="20221121 18:48:54.702"/>
</kw>
<kw name="Fill field Institution Location">
<status status="NOT RUN" starttime="20221121 18:48:54.702" endtime="20221121 18:48:54.705"/>
</kw>
<kw name="Fill field MOE Number">
<status status="NOT RUN" starttime="20221121 18:48:54.705" endtime="20221121 18:48:54.705"/>
</kw>
<kw name="Select field Time Zone">
<status status="NOT RUN" starttime="20221121 18:48:54.707" endtime="20221121 18:48:54.707"/>
</kw>
<status status="FAIL" starttime="20221121 18:48:53.882" endtime="20221121 18:48:54.713"/>
</kw>
<kw name="Click submit Academic Program Button" library="AcademicProgramPage">
<status status="NOT RUN" starttime="20221121 18:48:54.717" endtime="20221121 18:48:54.717"/>
</kw>
<status status="FAIL" starttime="20221121 18:48:40.040" endtime="20221121 18:48:54.717"/>
</kw>
<kw name="closing Browser" library="common" type="TEARDOWN">
<kw name="Close Browser" library="SeleniumLibrary">
<doc>Closes the current browser.</doc>
<status status="PASS" starttime="20221121 18:48:54.721" endtime="20221121 18:48:57.069"/>
</kw>
<status status="PASS" starttime="20221121 18:48:54.721" endtime="20221121 18:48:57.069"/>
</kw>
<status status="FAIL" starttime="20221121 18:48:40.040" endtime="20221121 18:48:57.069">ElementNotInteractableException: Message: element not interactable
  (Session info: chrome=107.0.5304.107)
Stacktrace:
Backtrace:
	Ordinal0 [0x009CACD3+2075859]
	Ordinal0 [0x0095EE61+1633889]
	Ordinal0 [0x0085B680+571008]
	Ordinal0 [0x008836A7+734887]
	Ordinal0 [0x008A731C+881436]
	Ordinal0 [0x008815BF+726463]
	Ordinal0 [0x008A7534+881972]
	Ordinal0 [0x008BB56A+963946]
	Ordinal0 [0x008A7136+880950]
	Ordinal0 [0x0087FEFD+720637]
	Ordinal0 [0x00880F3F+724799]
	GetHandleVerifier [0x00C7EED2+2769538]
	GetHandleVerifier [0x00C70D95+2711877]
	GetHandleVerifier [0x00A5A03A+521194]
	GetHandleVerifier [0x00A58DA0+516432]
	Ordinal0 [0x0096682C+1665068]
	Ordinal0 [0x0096B128+1683752]
	Ordinal0 [0x0096B215+1683989]
	Ordinal0 [0x00976484+1729668]
	BaseThreadInitThunk [0x75647BA9+25]
	RtlInitializeExceptionChain [0x76F4BB9B+107]
	RtlClearBits [0x76F4BB1F+191]
</status>
</test>
<doc>MedadCMP LoginPage</doc>
<status status="FAIL" starttime="20221121 18:48:38.192" endtime="20221121 18:48:57.084"/>
</suite>
<statistics>
<total>
<stat pass="0" fail="1" skip="0">All Tests</stat>
</total>
<tag>
</tag>
<suite>
<stat pass="0" fail="1" skip="0" id="s1" name="AcademicStructure">AcademicStructure</stat>
</suite>
</statistics>
<errors>
</errors>
</robot>
