<?xml version="1.0" encoding="UTF-8"?>
<robot generator="Robot 5.0.1 (Python 3.9.13 on win32)" generated="20221120 17:43:12.034" rpa="false" schemaversion="3">
<suite id="s1" name="Login" source="c:\Users\MKhaled\CMP\Tests\Login.robot">
<test id="s1-t1" name="Login with Valid Username &amp; Password" line="7">
<kw name="User Login" library="LoginPage">
<arg>${username}</arg>
<arg>${password}</arg>
<kw name="Opening Browser" library="common">
<arg>${site_url}${login}</arg>
<arg>${browser}</arg>
<kw name="Open Browser" library="SeleniumLibrary">
<arg>${site_url}</arg>
<arg>${browser}</arg>
<doc>Opens a new browser instance to the optional ``url``.</doc>
<msg timestamp="20221120 17:43:12.400" level="INFO">Opening browser 'Chrome' to base url 'https://sis.medadstg.com/#login'.</msg>
<status status="PASS" starttime="20221120 17:43:12.400" endtime="20221120 17:43:17.601"/>
</kw>
<kw name="Wait Until Page Contains Element" library="SeleniumLibrary">
<arg>${Username_field}</arg>
<doc>Waits until the element ``locator`` appears on the current page.</doc>
<status status="PASS" starttime="20221120 17:43:17.602" endtime="20221120 17:43:17.615"/>
</kw>
<status status="PASS" starttime="20221120 17:43:12.399" endtime="20221120 17:43:17.615"/>
</kw>
<kw name="Maximize Browser Window" library="SeleniumLibrary">
<doc>Maximizes current browser window.</doc>
<status status="PASS" starttime="20221120 17:43:17.615" endtime="20221120 17:43:17.745"/>
</kw>
<kw name="Wait Until Page Contains Element" library="SeleniumLibrary">
<arg>${Username_field}</arg>
<doc>Waits until the element ``locator`` appears on the current page.</doc>
<status status="PASS" starttime="20221120 17:43:17.748" endtime="20221120 17:43:17.765"/>
</kw>
<kw name="Enter Username" library="LoginPage">
<kw name="Input Text" library="SeleniumLibrary">
<arg>${Username_field}</arg>
<arg>${username}</arg>
<doc>Types the given ``text`` into the text field identified by ``locator``.</doc>
<msg timestamp="20221120 17:43:17.768" level="INFO">Typing text 'mohammed.khaled@naseej.com' into text field '//input[@id='login_email']'.</msg>
<status status="PASS" starttime="20221120 17:43:17.767" endtime="20221120 17:43:17.871"/>
</kw>
<status status="PASS" starttime="20221120 17:43:17.766" endtime="20221120 17:43:17.872"/>
</kw>
<kw name="Enter Password" library="LoginPage">
<kw name="Input Text" library="SeleniumLibrary">
<arg>${password_field}</arg>
<arg>${password}</arg>
<doc>Types the given ``text`` into the text field identified by ``locator``.</doc>
<msg timestamp="20221120 17:43:17.873" level="INFO">Typing text 'Medad@123' into text field '//input[@id='login_password']'.</msg>
<status status="PASS" starttime="20221120 17:43:17.872" endtime="20221120 17:43:18.001"/>
</kw>
<status status="PASS" starttime="20221120 17:43:17.872" endtime="20221120 17:43:18.001"/>
</kw>
<kw name=" Click on Login button" library="LoginPage">
<kw name="Click Element" library="SeleniumLibrary">
<arg>${Login_Button}</arg>
<doc>Click the element identified by ``locator``.</doc>
<msg timestamp="20221120 17:43:18.002" level="INFO">Clicking element '//button[@type='submit']'.</msg>
<status status="PASS" starttime="20221120 17:43:18.002" endtime="20221120 17:43:18.046"/>
</kw>
<status status="PASS" starttime="20221120 17:43:18.001" endtime="20221120 17:43:18.047"/>
</kw>
<kw name="Home page is opened Successfully" library="LoginPage">
<kw name="Wait Until Page Contains Element" library="SeleniumLibrary">
<arg>${Success_Login}</arg>
<arg>timeout=10</arg>
<doc>Waits until the element ``locator`` appears on the current page.</doc>
<status status="PASS" starttime="20221120 17:43:18.048" endtime="20221120 17:43:24.780"/>
</kw>
<status status="PASS" starttime="20221120 17:43:18.047" endtime="20221120 17:43:24.781"/>
</kw>
<status status="PASS" starttime="20221120 17:43:12.399" endtime="20221120 17:43:24.781"/>
</kw>
<kw name="Wait Until Element Is Visible" library="SeleniumLibrary">
<arg>${Success_Login}</arg>
<arg>timeout=10</arg>
<doc>Waits until the element ``locator`` is visible.</doc>
<status status="PASS" starttime="20221120 17:43:24.782" endtime="20221120 17:43:24.839"/>
</kw>
<status status="PASS" starttime="20221120 17:43:12.398" endtime="20221120 17:43:24.839"/>
</test>
<doc>MedadCMP LoginPage</doc>
<status status="PASS" starttime="20221120 17:43:12.044" endtime="20221120 17:43:24.839"/>
</suite>
<statistics>
<total>
<stat pass="1" fail="0" skip="0">All Tests</stat>
</total>
<tag>
</tag>
<suite>
<stat pass="1" fail="0" skip="0" id="s1" name="Login">Login</stat>
</suite>
</statistics>
<errors>
</errors>
</robot>
