<?xml version="1.0" encoding="UTF-8"?>
<robot generator="Robot 5.0.1 (Python 3.9.13 on win32)" generated="20221129 23:24:37.254" rpa="false" schemaversion="3">
<suite id="s1" name="ApplicationModel" source="c:\Users\MKhaled\CMP\TestsRunner\AdmissionTests\ApplicationModel.robot">
<test id="s1-t1" name="TC: Add new Application Model" line="12">
<kw name="Login To The ControlPanel" library="LoginPage" type="SETUP">
<kw name="Opening Browser" library="common">
<arg>${site_url}${login}</arg>
<arg>${browser}</arg>
<kw name="Open Browser" library="SeleniumLibrary">
<arg>${site_url}</arg>
<arg>${browser}</arg>
<doc>Opens a new browser instance to the optional ``url``.</doc>
<msg timestamp="20221129 23:24:37.763" level="INFO">Opening browser 'Chrome' to base url 'https://sis.medadstg.com/#login'.</msg>
<status status="PASS" starttime="20221129 23:24:37.763" endtime="20221129 23:24:57.367"/>
</kw>
<kw name="Wait Until Page Contains Element" library="SeleniumLibrary">
<arg>${Username_Locator}</arg>
<doc>Waits until the element ``locator`` appears on the current page.</doc>
<status status="PASS" starttime="20221129 23:24:57.367" endtime="20221129 23:24:57.388"/>
</kw>
<status status="PASS" starttime="20221129 23:24:37.763" endtime="20221129 23:24:57.388"/>
</kw>
<kw name="Maximize Browser Window" library="SeleniumLibrary">
<doc>Maximizes current browser window.</doc>
<status status="PASS" starttime="20221129 23:24:57.388" endtime="20221129 23:24:57.526"/>
</kw>
<kw name="Wait Until Page Contains Element" library="SeleniumLibrary">
<arg>${Username_Locator}</arg>
<doc>Waits until the element ``locator`` appears on the current page.</doc>
<status status="PASS" starttime="20221129 23:24:57.526" endtime="20221129 23:24:57.550"/>
</kw>
<kw name="Fill username &amp; password" library="LoginPage">
<kw name="Get File" library="OperatingSystem">
<var>${json}</var>
<arg>${EXECDIR}\\PageObjects\\TestData\\testdata.json</arg>
<doc>Returns the contents of a specified file.</doc>
<msg timestamp="20221129 23:24:57.550" level="INFO" html="true">Getting file '&lt;a href="file://C:\Users\MKhaled\CMP\PageObjects\TestData\testdata.json"&gt;C:\Users\MKhaled\CMP\PageObjects\TestData\testdata.json&lt;/a&gt;'.</msg>
<msg timestamp="20221129 23:24:57.550" level="INFO">${json} = {
  "Login": {
    "username": "mohammed.khaled@naseej.com",
    "password": "Medad@123"
  },
  "Inistitutions": {
    "Institution_Code": "KdHhn-01",
    "Institution_Name": "MKhaledAutomation",
    ...</msg>
<status status="PASS" starttime="20221129 23:24:57.550" endtime="20221129 23:24:57.550"/>
</kw>
<kw name="Evaluate" library="BuiltIn">
<var>${object}</var>
<arg>json.loads('''${json}''')</arg>
<arg>json</arg>
<doc>Evaluates the given expression in Python and returns the result.</doc>
<msg timestamp="20221129 23:24:57.558" level="INFO">${object} = {'Login': {'username': 'mohammed.khaled@naseej.com', 'password': 'Medad@123'}, 'Inistitutions': {'Institution_Code': 'KdHhn-01', 'Institution_Name': 'MKhaledAutomation', 'Website': 'http://www.goohgle...</msg>
<status status="PASS" starttime="20221129 23:24:57.550" endtime="20221129 23:24:57.558"/>
</kw>
<kw name="Input Text" library="SeleniumLibrary">
<arg>${Username_Locator}</arg>
<arg>${object["Login"]["username"]}</arg>
<doc>Types the given ``text`` into the text field identified by ``locator``.</doc>
<msg timestamp="20221129 23:24:57.567" level="INFO">Typing text 'mohammed.khaled@naseej.com' into text field '//input[@id='login_email']'.</msg>
<status status="PASS" starttime="20221129 23:24:57.558" endtime="20221129 23:24:57.793"/>
</kw>
<kw name="Input Text" library="SeleniumLibrary">
<arg>${password_Locator}</arg>
<arg>${object["Login"]["password"]}</arg>
<doc>Types the given ``text`` into the text field identified by ``locator``.</doc>
<msg timestamp="20221129 23:24:57.801" level="INFO">Typing text 'Medad@123' into text field '//input[@id='login_password']'.</msg>
<status status="PASS" starttime="20221129 23:24:57.793" endtime="20221129 23:24:58.013"/>
</kw>
<status status="PASS" starttime="20221129 23:24:57.550" endtime="20221129 23:24:58.013"/>
</kw>
<kw name="Click on Login button" library="LoginPage">
<kw name="Click Element" library="SeleniumLibrary">
<arg>${Login_Button}</arg>
<doc>Click the element identified by ``locator``.</doc>
<msg timestamp="20221129 23:24:58.013" level="INFO">Clicking element '//button[@type='submit']'.</msg>
<status status="PASS" starttime="20221129 23:24:58.013" endtime="20221129 23:24:58.115"/>
</kw>
<status status="PASS" starttime="20221129 23:24:58.013" endtime="20221129 23:24:58.116"/>
</kw>
<kw name="Home page is opened Successfully" library="LoginPage">
<kw name="Wait Until Page Contains Element" library="SeleniumLibrary">
<arg>${Success_Login}</arg>
<arg>timeout=10</arg>
<doc>Waits until the element ``locator`` appears on the current page.</doc>
<status status="PASS" starttime="20221129 23:24:58.118" endtime="20221129 23:25:04.099"/>
</kw>
<status status="PASS" starttime="20221129 23:24:58.117" endtime="20221129 23:25:04.099"/>
</kw>
<status status="PASS" starttime="20221129 23:24:37.763" endtime="20221129 23:25:04.099"/>
</kw>
<kw name="Add new Application Model" library="ApplicatonModelPage">
<kw name="Open the Admission page" library="common">
<kw name="Click Element" library="SeleniumLibrary">
<arg>${Admission_Link}</arg>
<doc>Click the element identified by ``locator``.</doc>
<msg timestamp="20221129 23:25:04.104" level="INFO">Clicking element '//a[@href='/app/admission']'.</msg>
<status status="PASS" starttime="20221129 23:25:04.104" endtime="20221129 23:25:04.217"/>
</kw>
<status status="PASS" starttime="20221129 23:25:04.104" endtime="20221129 23:25:04.217"/>
</kw>
<kw name="Open the ApplicationModel page" library="ApplicatonModelPage">
<kw name="Wait Until Page Contains Element" library="SeleniumLibrary">
<arg>${ApplicationModel_Link}</arg>
<doc>Waits until the element ``locator`` appears on the current page.</doc>
<status status="PASS" starttime="20221129 23:25:04.224" endtime="20221129 23:25:05.127"/>
</kw>
<kw name="Click Element" library="SeleniumLibrary">
<arg>${ApplicationModel_Link}</arg>
<doc>Click the element identified by ``locator``.</doc>
<msg timestamp="20221129 23:25:05.131" level="INFO">Clicking element '//span[normalize-space()='Application Model']'.</msg>
<status status="PASS" starttime="20221129 23:25:05.127" endtime="20221129 23:25:05.231"/>
</kw>
<status status="PASS" starttime="20221129 23:25:04.217" endtime="20221129 23:25:05.231"/>
</kw>
<kw name="Click button Add new ApplicationModel" library="ApplicatonModelPage">
<kw name="Sleep" library="BuiltIn">
<arg>2</arg>
<doc>Pauses the test executed for the given time.</doc>
<msg timestamp="20221129 23:25:07.240" level="INFO">Slept 2 seconds</msg>
<status status="PASS" starttime="20221129 23:25:05.231" endtime="20221129 23:25:07.241"/>
</kw>
<kw name="Wait Until Page Contains Element" library="SeleniumLibrary">
<arg>${Add_ApplicationModel_Button}</arg>
<doc>Waits until the element ``locator`` appears on the current page.</doc>
<status status="PASS" starttime="20221129 23:25:07.241" endtime="20221129 23:25:07.259"/>
</kw>
<kw name="Click Element" library="SeleniumLibrary">
<arg>${Add_ApplicationModel_Button}</arg>
<doc>Click the element identified by ``locator``.</doc>
<msg timestamp="20221129 23:25:07.259" level="INFO">Clicking element '//span[@data-label='Add%20Application%20Model']'.</msg>
<status status="PASS" starttime="20221129 23:25:07.259" endtime="20221129 23:25:07.622"/>
</kw>
<status status="PASS" starttime="20221129 23:25:05.231" endtime="20221129 23:25:07.627"/>
</kw>
<kw name="Fill Form of Add ApplicationModel" library="ApplicatonModelPage">
<kw name="Select the Admission Term" library="ApplicatonModelPage">
<kw name="Press Keys" library="SeleniumLibrary">
<arg>${AdmissionTerrm_Locator}</arg>
<arg>CTRL+a</arg>
<arg>BACKSPACE</arg>
<doc>Simulates the user pressing key(s) to an element or on the active browser.</doc>
<msg timestamp="20221129 23:25:07.627" level="INFO">Sending key(s) ('CTRL+a', 'BACKSPACE') to //div[@data-fieldname='admission_term']//div[@class='form-group']//input[@role='combobox'] element.</msg>
<msg timestamp="20221129 23:25:07.978" level="INFO">Pressing special key CONTROL down.</msg>
<msg timestamp="20221129 23:25:07.978" level="INFO">Sending key a</msg>
<msg timestamp="20221129 23:25:07.978" level="INFO">Releasing special key CONTROL.</msg>
<msg timestamp="20221129 23:25:07.998" level="INFO">Pressing special key BACKSPACE to element.</msg>
<msg timestamp="20221129 23:25:08.000" level="INFO">Releasing special key BACKSPACE.</msg>
<status status="PASS" starttime="20221129 23:25:07.627" endtime="20221129 23:25:08.024"/>
</kw>
<kw name="Sleep" library="BuiltIn">
<arg>1</arg>
<doc>Pauses the test executed for the given time.</doc>
<msg timestamp="20221129 23:25:09.029" level="INFO">Slept 1 second</msg>
<status status="PASS" starttime="20221129 23:25:08.027" endtime="20221129 23:25:09.029"/>
</kw>
<kw name="Click Element" library="SeleniumLibrary">
<arg>${AdmissionTerrm_Locator}</arg>
<doc>Click the element identified by ``locator``.</doc>
<msg timestamp="20221129 23:25:09.029" level="INFO">Clicking element '//div[@data-fieldname='admission_term']//div[@class='form-group']//input[@role='combobox']'.</msg>
<status status="PASS" starttime="20221129 23:25:09.029" endtime="20221129 23:25:09.129"/>
</kw>
<kw name="Wait Until Page Contains Element" library="SeleniumLibrary">
<arg>${AdmissionTerm_Option}</arg>
<doc>Waits until the element ``locator`` appears on the current page.</doc>
<status status="PASS" starttime="20221129 23:25:09.129" endtime="20221129 23:25:10.031"/>
</kw>
<kw name="Click Element" library="SeleniumLibrary">
<arg>${AdmissionTerm_Option}</arg>
<doc>Click the element identified by ``locator``.</doc>
<msg timestamp="20221129 23:25:10.031" level="INFO">Clicking element '//span[normalize-space()='Second Semester 2021-2022']'.</msg>
<status status="PASS" starttime="20221129 23:25:10.031" endtime="20221129 23:25:10.113"/>
</kw>
<kw name="Sleep" library="BuiltIn">
<arg>1</arg>
<doc>Pauses the test executed for the given time.</doc>
<msg timestamp="20221129 23:25:11.132" level="INFO">Slept 1 second</msg>
<status status="PASS" starttime="20221129 23:25:10.118" endtime="20221129 23:25:11.133"/>
</kw>
<status status="PASS" starttime="20221129 23:25:07.627" endtime="20221129 23:25:11.133"/>
</kw>
<kw name="Select the Application" library="ApplicatonModelPage">
<kw name="Click Element" library="SeleniumLibrary">
<arg>${Application_Locator}</arg>
<doc>Click the element identified by ``locator``.</doc>
<msg timestamp="20221129 23:25:11.137" level="INFO">Clicking element '//div[@data-fieldname='application']//div[@class='form-group']//input[@role='combobox']'.</msg>
<status status="PASS" starttime="20221129 23:25:11.137" endtime="20221129 23:25:11.231"/>
</kw>
<kw name="Sleep" library="BuiltIn">
<arg>2</arg>
<doc>Pauses the test executed for the given time.</doc>
<msg timestamp="20221129 23:25:13.237" level="INFO">Slept 2 seconds</msg>
<status status="PASS" starttime="20221129 23:25:11.231" endtime="20221129 23:25:13.237"/>
</kw>
<kw name="Wait Until Page Contains Element" library="SeleniumLibrary">
<arg>${Appplication_Option}</arg>
<doc>Waits until the element ``locator`` appears on the current page.</doc>
<status status="PASS" starttime="20221129 23:25:13.237" endtime="20221129 23:25:13.258"/>
</kw>
<kw name="Click Element" library="SeleniumLibrary">
<arg>${Appplication_Option}</arg>
<doc>Click the element identified by ``locator``.</doc>
<msg timestamp="20221129 23:25:13.259" level="INFO">Clicking element '//*[@id='awesomplete_list_7']/li[11]'.</msg>
<status status="PASS" starttime="20221129 23:25:13.259" endtime="20221129 23:25:13.350"/>
</kw>
<kw name="Sleep" library="BuiltIn">
<arg>1</arg>
<doc>Pauses the test executed for the given time.</doc>
<msg timestamp="20221129 23:25:14.356" level="INFO">Slept 1 second</msg>
<status status="PASS" starttime="20221129 23:25:13.350" endtime="20221129 23:25:14.356"/>
</kw>
<status status="PASS" starttime="20221129 23:25:11.133" endtime="20221129 23:25:14.356"/>
</kw>
<kw name="Select Application Start Date" library="ApplicatonModelPage">
<kw name="Click Element" library="SeleniumLibrary">
<arg>${Application_StartDate_Locator}</arg>
<doc>Click the element identified by ``locator``.</doc>
<msg timestamp="20221129 23:25:14.361" level="INFO">Clicking element '//input[@data-fieldname='start_date']'.</msg>
<status status="PASS" starttime="20221129 23:25:14.356" endtime="20221129 23:25:14.486"/>
</kw>
<kw name="Sleep" library="BuiltIn">
<arg>1</arg>
<doc>Pauses the test executed for the given time.</doc>
<msg timestamp="20221129 23:25:15.494" level="INFO">Slept 1 second</msg>
<status status="PASS" starttime="20221129 23:25:14.486" endtime="20221129 23:25:15.494"/>
</kw>
<kw name="Input Text" library="SeleniumLibrary">
<arg>${Application_StartDate_Locator}</arg>
<arg>20-11-2022</arg>
<doc>Types the given ``text`` into the text field identified by ``locator``.</doc>
<msg timestamp="20221129 23:25:15.497" level="INFO">Typing text '20-11-2022' into text field '//input[@data-fieldname='start_date']'.</msg>
<status status="PASS" starttime="20221129 23:25:15.496" endtime="20221129 23:25:15.625"/>
</kw>
<kw name="Press Keys" library="SeleniumLibrary">
<arg>${Application_StartDate_Locator}</arg>
<arg>ENTER</arg>
<doc>Simulates the user pressing key(s) to an element or on the active browser.</doc>
<msg timestamp="20221129 23:25:15.625" level="INFO">Sending key(s) ('ENTER',) to //input[@data-fieldname='start_date'] element.</msg>
<msg timestamp="20221129 23:25:15.935" level="INFO">Pressing special key ENTER to element.</msg>
<msg timestamp="20221129 23:25:15.935" level="INFO">Releasing special key ENTER.</msg>
<status status="PASS" starttime="20221129 23:25:15.625" endtime="20221129 23:25:15.967"/>
</kw>
<kw name="Sleep" library="BuiltIn">
<arg>0.5</arg>
<doc>Pauses the test executed for the given time.</doc>
<msg timestamp="20221129 23:25:16.481" level="INFO">Slept 500 milliseconds</msg>
<status status="PASS" starttime="20221129 23:25:15.967" endtime="20221129 23:25:16.483"/>
</kw>
<status status="PASS" starttime="20221129 23:25:14.356" endtime="20221129 23:25:16.483"/>
</kw>
<kw name="Select Application End Date" library="ApplicatonModelPage">
<kw name="Click Element" library="SeleniumLibrary">
<arg>${Application_EndDate_Locator}</arg>
<doc>Click the element identified by ``locator``.</doc>
<msg timestamp="20221129 23:25:16.483" level="INFO">Clicking element '//input[@data-fieldname='end_date']'.</msg>
<status status="PASS" starttime="20221129 23:25:16.483" endtime="20221129 23:25:16.637"/>
</kw>
<kw name="Sleep" library="BuiltIn">
<arg>1</arg>
<doc>Pauses the test executed for the given time.</doc>
<msg timestamp="20221129 23:25:17.639" level="INFO">Slept 1 second</msg>
<status status="PASS" starttime="20221129 23:25:16.637" endtime="20221129 23:25:17.639"/>
</kw>
<kw name="Input Text" library="SeleniumLibrary">
<arg>${Application_EndDate_Locator}</arg>
<arg>30-11-2022</arg>
<doc>Types the given ``text`` into the text field identified by ``locator``.</doc>
<msg timestamp="20221129 23:25:17.641" level="INFO">Typing text '30-11-2022' into text field '//input[@data-fieldname='end_date']'.</msg>
<status status="PASS" starttime="20221129 23:25:17.641" endtime="20221129 23:25:17.753"/>
</kw>
<kw name="Press Keys" library="SeleniumLibrary">
<arg>${Application_EndDate_Locator}</arg>
<arg>ENTER</arg>
<doc>Simulates the user pressing key(s) to an element or on the active browser.</doc>
<msg timestamp="20221129 23:25:17.761" level="INFO">Sending key(s) ('ENTER',) to //input[@data-fieldname='end_date'] element.</msg>
<msg timestamp="20221129 23:25:18.071" level="INFO">Pressing special key ENTER to element.</msg>
<msg timestamp="20221129 23:25:18.071" level="INFO">Releasing special key ENTER.</msg>
<status status="PASS" starttime="20221129 23:25:17.753" endtime="20221129 23:25:18.103"/>
</kw>
<kw name="Sleep" library="BuiltIn">
<arg>0.5</arg>
<doc>Pauses the test executed for the given time.</doc>
<msg timestamp="20221129 23:25:18.605" level="INFO">Slept 500 milliseconds</msg>
<status status="PASS" starttime="20221129 23:25:18.103" endtime="20221129 23:25:18.605"/>
</kw>
<status status="PASS" starttime="20221129 23:25:16.483" endtime="20221129 23:25:18.605"/>
</kw>
<kw name="Select the Application Gender" library="ApplicatonModelPage">
<kw name="Click Element" library="SeleniumLibrary">
<arg>${Application_Gender}</arg>
<doc>Click the element identified by ``locator``.</doc>
<msg timestamp="20221129 23:25:18.608" level="INFO">Clicking element '//div[contains(@data-fieldname,'gender')]//select[contains(@type,'text')]'.</msg>
<status status="PASS" starttime="20221129 23:25:18.608" endtime="20221129 23:25:18.752"/>
</kw>
<kw name="Sleep" library="BuiltIn">
<arg>1</arg>
<doc>Pauses the test executed for the given time.</doc>
<msg timestamp="20221129 23:25:19.754" level="INFO">Slept 1 second</msg>
<status status="PASS" starttime="20221129 23:25:18.752" endtime="20221129 23:25:19.754"/>
</kw>
<kw name="Wait Until Page Contains Element" library="SeleniumLibrary">
<arg>${Application_Gender_Male}</arg>
<doc>Waits until the element ``locator`` appears on the current page.</doc>
<status status="PASS" starttime="20221129 23:25:19.754" endtime="20221129 23:25:19.785"/>
</kw>
<kw name="Click Element" library="SeleniumLibrary">
<arg>${Application_Gender_Male}</arg>
<doc>Click the element identified by ``locator``.</doc>
<msg timestamp="20221129 23:25:19.785" level="INFO">Clicking element '//option[@value='Male']'.</msg>
<status status="PASS" starttime="20221129 23:25:19.785" endtime="20221129 23:25:19.840"/>
</kw>
<kw name="Press Keys" library="SeleniumLibrary">
<arg>${Application_Gender}</arg>
<arg>ENTER</arg>
<doc>Simulates the user pressing key(s) to an element or on the active browser.</doc>
<msg timestamp="20221129 23:25:19.840" level="INFO">Sending key(s) ('ENTER',) to //div[contains(@data-fieldname,'gender')]//select[contains(@type,'text')] element.</msg>
<msg timestamp="20221129 23:25:20.229" level="INFO">Pressing special key ENTER to element.</msg>
<msg timestamp="20221129 23:25:20.229" level="INFO">Releasing special key ENTER.</msg>
<status status="PASS" starttime="20221129 23:25:19.840" endtime="20221129 23:25:20.325"/>
</kw>
<kw name="Sleep" library="BuiltIn">
<arg>3</arg>
<doc>Pauses the test executed for the given time.</doc>
<msg timestamp="20221129 23:25:23.328" level="INFO">Slept 3 seconds</msg>
<status status="PASS" starttime="20221129 23:25:20.327" endtime="20221129 23:25:23.328"/>
</kw>
<status status="PASS" starttime="20221129 23:25:18.605" endtime="20221129 23:25:23.328"/>
</kw>
<status status="PASS" starttime="20221129 23:25:07.627" endtime="20221129 23:25:23.328"/>
</kw>
<kw name="Sleep" library="BuiltIn">
<arg>3</arg>
<doc>Pauses the test executed for the given time.</doc>
<msg timestamp="20221129 23:25:26.343" level="INFO">Slept 3 seconds</msg>
<status status="PASS" starttime="20221129 23:25:23.328" endtime="20221129 23:25:26.343"/>
</kw>
<status status="PASS" starttime="20221129 23:25:04.099" endtime="20221129 23:25:26.343"/>
</kw>
<kw name="closing Browser" library="common" type="TEARDOWN">
<kw name="Close Browser" library="SeleniumLibrary">
<doc>Closes the current browser.</doc>
<status status="PASS" starttime="20221129 23:25:26.343" endtime="20221129 23:25:28.704"/>
</kw>
<status status="PASS" starttime="20221129 23:25:26.343" endtime="20221129 23:25:28.704"/>
</kw>
<status status="PASS" starttime="20221129 23:24:37.755" endtime="20221129 23:25:28.704"/>
</test>
<doc>MedadCMP Admission</doc>
<status status="PASS" starttime="20221129 23:24:37.262" endtime="20221129 23:25:28.704"/>
</suite>
<statistics>
<total>
<stat pass="1" fail="0" skip="0">All Tests</stat>
</total>
<tag>
</tag>
<suite>
<stat pass="1" fail="0" skip="0" id="s1" name="ApplicationModel">ApplicationModel</stat>
</suite>
</statistics>
<errors>
</errors>
</robot>
